<?xml version="1.0" encoding="UTF-8"?>
<coverage generated="1614313210071" clover="3.2.0">
  <project timestamp="1614313210071" name="All files">
    <metrics statements="1687" coveredstatements="1615" conditionals="931" coveredconditionals="876" methods="225" coveredmethods="213" elements="2843" coveredelements="2704" complexity="0" loc="1687" ncloc="1687" packages="2" files="35" classes="35"/>
    <package name="data">
      <metrics statements="1058" coveredstatements="998" conditionals="531" coveredconditionals="488" methods="95" coveredmethods="83"/>
      <file name="blog.js" path="/Users/tnorlund/Blog-backend/code/nodejs/data/blog.js">
        <metrics statements="135" coveredstatements="135" conditionals="64" coveredconditionals="63" methods="10" coveredmethods="10"/>
        <line num="1" count="14" type="stmt"/>
        <line num="2" count="14" type="stmt"/>
        <line num="3" count="14" type="stmt"/>
        <line num="11" count="14" type="stmt"/>
        <line num="12" count="71" type="cond" truecount="2" falsecount="0"/>
        <line num="13" count="1" type="stmt"/>
        <line num="14" count="70" type="cond" truecount="2" falsecount="0"/>
        <line num="15" count="1" type="stmt"/>
        <line num="16" count="69" type="stmt"/>
        <line num="17" count="69" type="stmt"/>
        <line num="22" count="67" type="stmt"/>
        <line num="24" count="2" type="stmt"/>
        <line num="25" count="2" type="cond" truecount="2" falsecount="0"/>
        <line num="26" count="1" type="stmt"/>
        <line num="27" count="2" type="cond" truecount="2" falsecount="0"/>
        <line num="28" count="1" type="stmt"/>
        <line num="29" count="2" type="stmt"/>
        <line num="37" count="14" type="stmt"/>
        <line num="38" count="4" type="cond" truecount="2" falsecount="0"/>
        <line num="39" count="1" type="stmt"/>
        <line num="40" count="3" type="stmt"/>
        <line num="41" count="3" type="stmt"/>
        <line num="42" count="3" type="stmt"/>
        <line num="46" count="2" type="cond" truecount="2" falsecount="0"/>
        <line num="47" count="1" type="stmt"/>
        <line num="49" count="1" type="stmt"/>
        <line num="50" count="1" type="cond" truecount="1" falsecount="1"/>
        <line num="51" count="1" type="stmt"/>
        <line num="52" count="1" type="stmt"/>
        <line num="62" count="14" type="stmt"/>
        <line num="63" count="5" type="cond" truecount="2" falsecount="0"/>
        <line num="64" count="1" type="stmt"/>
        <line num="65" count="4" type="cond" truecount="2" falsecount="0"/>
        <line num="66" count="1" type="stmt"/>
        <line num="67" count="3" type="stmt"/>
        <line num="68" count="3" type="stmt"/>
        <line num="86" count="1" type="stmt"/>
        <line num="90" count="2" type="stmt"/>
        <line num="91" count="2" type="cond" truecount="2" falsecount="0"/>
        <line num="92" count="1" type="stmt"/>
        <line num="93" count="2" type="cond" truecount="2" falsecount="0"/>
        <line num="94" count="1" type="stmt"/>
        <line num="95" count="2" type="stmt"/>
        <line num="104" count="14" type="stmt"/>
        <line num="105" count="4" type="cond" truecount="2" falsecount="0"/>
        <line num="106" count="1" type="stmt"/>
        <line num="107" count="3" type="stmt"/>
        <line num="108" count="3" type="stmt"/>
        <line num="109" count="3" type="stmt"/>
        <line num="127" count="1" type="stmt"/>
        <line num="131" count="2" type="stmt"/>
        <line num="132" count="2" type="cond" truecount="2" falsecount="0"/>
        <line num="133" count="1" type="stmt"/>
        <line num="134" count="2" type="cond" truecount="2" falsecount="0"/>
        <line num="135" count="1" type="stmt"/>
        <line num="136" count="2" type="stmt"/>
        <line num="144" count="14" type="stmt"/>
        <line num="145" count="48" type="cond" truecount="2" falsecount="0"/>
        <line num="146" count="1" type="stmt"/>
        <line num="147" count="47" type="stmt"/>
        <line num="148" count="47" type="stmt"/>
        <line num="149" count="47" type="stmt"/>
        <line num="158" count="44" type="stmt"/>
        <line num="160" count="3" type="stmt"/>
        <line num="161" count="3" type="cond" truecount="2" falsecount="0"/>
        <line num="162" count="1" type="stmt"/>
        <line num="163" count="3" type="cond" truecount="2" falsecount="0"/>
        <line num="164" count="2" type="stmt"/>
        <line num="165" count="3" type="stmt"/>
        <line num="173" count="14" type="stmt"/>
        <line num="174" count="4" type="cond" truecount="2" falsecount="0"/>
        <line num="175" count="1" type="stmt"/>
        <line num="176" count="3" type="stmt"/>
        <line num="177" count="3" type="stmt"/>
        <line num="178" count="3" type="stmt"/>
        <line num="187" count="1" type="stmt"/>
        <line num="189" count="2" type="stmt"/>
        <line num="190" count="2" type="cond" truecount="2" falsecount="0"/>
        <line num="191" count="1" type="stmt"/>
        <line num="192" count="2" type="cond" truecount="2" falsecount="0"/>
        <line num="193" count="1" type="stmt"/>
        <line num="194" count="2" type="stmt"/>
        <line num="202" count="14" type="stmt"/>
        <line num="203" count="4" type="cond" truecount="2" falsecount="0"/>
        <line num="204" count="1" type="stmt"/>
        <line num="205" count="3" type="stmt"/>
        <line num="206" count="3" type="stmt"/>
        <line num="207" count="3" type="stmt"/>
        <line num="216" count="1" type="stmt"/>
        <line num="218" count="2" type="stmt"/>
        <line num="219" count="2" type="cond" truecount="2" falsecount="0"/>
        <line num="220" count="1" type="stmt"/>
        <line num="221" count="2" type="cond" truecount="2" falsecount="0"/>
        <line num="222" count="1" type="stmt"/>
        <line num="223" count="2" type="stmt"/>
        <line num="231" count="14" type="stmt"/>
        <line num="232" count="4" type="cond" truecount="2" falsecount="0"/>
        <line num="233" count="1" type="stmt"/>
        <line num="234" count="3" type="stmt"/>
        <line num="235" count="3" type="stmt"/>
        <line num="236" count="3" type="stmt"/>
        <line num="245" count="1" type="stmt"/>
        <line num="247" count="2" type="stmt"/>
        <line num="248" count="2" type="cond" truecount="2" falsecount="0"/>
        <line num="249" count="1" type="stmt"/>
        <line num="250" count="2" type="cond" truecount="2" falsecount="0"/>
        <line num="251" count="1" type="stmt"/>
        <line num="252" count="2" type="stmt"/>
        <line num="260" count="14" type="stmt"/>
        <line num="261" count="4" type="cond" truecount="2" falsecount="0"/>
        <line num="262" count="1" type="stmt"/>
        <line num="263" count="3" type="stmt"/>
        <line num="264" count="3" type="stmt"/>
        <line num="265" count="3" type="stmt"/>
        <line num="274" count="1" type="stmt"/>
        <line num="276" count="2" type="stmt"/>
        <line num="277" count="2" type="cond" truecount="2" falsecount="0"/>
        <line num="278" count="1" type="stmt"/>
        <line num="279" count="2" type="cond" truecount="2" falsecount="0"/>
        <line num="280" count="1" type="stmt"/>
        <line num="281" count="2" type="stmt"/>
        <line num="289" count="14" type="stmt"/>
        <line num="290" count="4" type="cond" truecount="2" falsecount="0"/>
        <line num="291" count="1" type="stmt"/>
        <line num="292" count="3" type="stmt"/>
        <line num="293" count="3" type="stmt"/>
        <line num="294" count="3" type="stmt"/>
        <line num="303" count="1" type="stmt"/>
        <line num="305" count="2" type="stmt"/>
        <line num="306" count="2" type="cond" truecount="2" falsecount="0"/>
        <line num="307" count="1" type="stmt"/>
        <line num="308" count="2" type="cond" truecount="2" falsecount="0"/>
        <line num="309" count="1" type="stmt"/>
        <line num="310" count="2" type="stmt"/>
        <line num="314" count="14" type="stmt"/>
      </file>
      <file name="browser.js" path="/Users/tnorlund/Blog-backend/code/nodejs/data/browser.js">
        <metrics statements="29" coveredstatements="29" conditionals="16" coveredconditionals="15" methods="2" coveredmethods="2"/>
        <line num="1" count="13" type="stmt"/>
        <line num="2" count="13" type="stmt"/>
        <line num="3" count="13" type="stmt"/>
        <line num="12" count="13" type="stmt"/>
        <line num="13" count="8" type="cond" truecount="2" falsecount="0"/>
        <line num="14" count="1" type="stmt"/>
        <line num="15" count="7" type="cond" truecount="2" falsecount="0"/>
        <line num="16" count="6" type="stmt"/>
        <line num="17" count="6" type="stmt"/>
        <line num="22" count="4" type="stmt"/>
        <line num="24" count="2" type="stmt"/>
        <line num="25" count="2" type="cond" truecount="2" falsecount="0"/>
        <line num="26" count="1" type="stmt"/>
        <line num="27" count="2" type="cond" truecount="2" falsecount="0"/>
        <line num="28" count="1" type="stmt"/>
        <line num="29" count="2" type="stmt"/>
        <line num="40" count="13" type="stmt"/>
        <line num="41" count="5" type="cond" truecount="2" falsecount="0"/>
        <line num="42" count="1" type="stmt"/>
        <line num="43" count="4" type="cond" truecount="2" falsecount="0"/>
        <line num="44" count="3" type="stmt"/>
        <line num="45" count="3" type="stmt"/>
        <line num="48" count="2" type="cond" truecount="2" falsecount="0"/>
        <line num="49" count="1" type="stmt"/>
        <line num="51" count="1" type="stmt"/>
        <line num="52" count="1" type="cond" truecount="1" falsecount="1"/>
        <line num="53" count="1" type="stmt"/>
        <line num="54" count="1" type="stmt"/>
        <line num="58" count="13" type="stmt"/>
      </file>
      <file name="comment.js" path="/Users/tnorlund/Blog-backend/code/nodejs/data/comment.js">
        <metrics statements="135" coveredstatements="126" conditionals="68" coveredconditionals="63" methods="8" coveredmethods="8"/>
        <line num="1" count="13" type="stmt"/>
        <line num="2" count="13" type="stmt"/>
        <line num="5" count="13" type="stmt"/>
        <line num="8" count="13" type="stmt"/>
        <line num="9" count="13" type="stmt"/>
        <line num="10" count="13" type="stmt"/>
        <line num="21" count="13" type="stmt"/>
        <line num="22" count="29" type="cond" truecount="2" falsecount="0"/>
        <line num="23" count="1" type="stmt"/>
        <line num="24" count="28" type="cond" truecount="2" falsecount="0"/>
        <line num="25" count="27" type="cond" truecount="2" falsecount="0"/>
        <line num="26" count="26" type="cond" truecount="2" falsecount="0"/>
        <line num="27" count="1" type="stmt"/>
        <line num="31" count="25" type="stmt"/>
        <line num="32" count="25" type="cond" truecount="2" falsecount="0"/>
        <line num="33" count="23" type="stmt"/>
        <line num="34" count="23" type="cond" truecount="2" falsecount="0"/>
        <line num="35" count="22" type="stmt"/>
        <line num="36" count="22" type="cond" truecount="1" falsecount="1"/>
        <line num="42" count="22" type="cond" truecount="2" falsecount="0"/>
        <line num="43" count="17" type="stmt"/>
        <line num="53" count="17" type="stmt"/>
        <line num="63" count="5" type="stmt"/>
        <line num="74" count="5" type="stmt"/>
        <line num="83" count="22" type="stmt"/>
        <line num="97" count="22" type="stmt"/>
        <line num="98" count="22" type="stmt"/>
        <line num="99" count="22" type="stmt"/>
        <line num="101" count="0" type="stmt"/>
        <line num="102" count="0" type="stmt"/>
        <line num="103" count="0" type="cond" truecount="0" falsecount="2"/>
        <line num="104" count="0" type="stmt"/>
        <line num="105" count="0" type="stmt"/>
        <line num="114" count="13" type="stmt"/>
        <line num="115" count="5" type="cond" truecount="2" falsecount="0"/>
        <line num="116" count="1" type="stmt"/>
        <line num="117" count="4" type="cond" truecount="2" falsecount="0"/>
        <line num="118" count="3" type="stmt"/>
        <line num="119" count="3" type="stmt"/>
        <line num="123" count="2" type="cond" truecount="2" falsecount="0"/>
        <line num="124" count="1" type="stmt"/>
        <line num="126" count="1" type="stmt"/>
        <line num="127" count="1" type="stmt"/>
        <line num="128" count="1" type="cond" truecount="1" falsecount="1"/>
        <line num="129" count="1" type="stmt"/>
        <line num="130" count="1" type="stmt"/>
        <line num="139" count="13" type="stmt"/>
        <line num="140" count="5" type="cond" truecount="2" falsecount="0"/>
        <line num="141" count="1" type="stmt"/>
        <line num="142" count="4" type="cond" truecount="2" falsecount="0"/>
        <line num="143" count="3" type="stmt"/>
        <line num="144" count="3" type="stmt"/>
        <line num="145" count="3" type="cond" truecount="2" falsecount="0"/>
        <line num="146" count="2" type="stmt"/>
        <line num="150" count="2" type="stmt"/>
        <line num="151" count="2" type="stmt"/>
        <line num="152" count="2" type="stmt"/>
        <line num="153" count="2" type="stmt"/>
        <line num="154" count="2" type="stmt"/>
        <line num="155" count="2" type="stmt"/>
        <line num="157" count="2" type="stmt"/>
        <line num="172" count="2" type="stmt"/>
        <line num="174" count="2" type="cond" truecount="1" falsecount="1"/>
        <line num="175" count="2" type="stmt"/>
        <line num="180" count="0" type="stmt"/>
        <line num="181" count="0" type="stmt"/>
        <line num="186" count="2" type="stmt"/>
        <line num="188" count="0" type="stmt"/>
        <line num="189" count="0" type="stmt"/>
        <line num="200" count="13" type="stmt"/>
        <line num="201" count="3" type="cond" truecount="2" falsecount="0"/>
        <line num="202" count="1" type="stmt"/>
        <line num="203" count="1" type="stmt"/>
        <line num="206" count="2" type="stmt"/>
        <line num="216" count="13" type="stmt"/>
        <line num="217" count="10" type="cond" truecount="2" falsecount="0"/>
        <line num="218" count="1" type="stmt"/>
        <line num="219" count="9" type="cond" truecount="2" falsecount="0"/>
        <line num="220" count="8" type="stmt"/>
        <line num="221" count="8" type="stmt"/>
        <line num="232" count="5" type="stmt"/>
        <line num="233" count="5" type="stmt"/>
        <line num="235" count="3" type="stmt"/>
        <line num="236" count="3" type="stmt"/>
        <line num="238" count="3" type="cond" truecount="2" falsecount="0"/>
        <line num="239" count="1" type="stmt"/>
        <line num="240" count="3" type="cond" truecount="2" falsecount="0"/>
        <line num="241" count="2" type="stmt"/>
        <line num="242" count="3" type="stmt"/>
        <line num="253" count="13" type="stmt"/>
        <line num="254" count="5" type="cond" truecount="2" falsecount="0"/>
        <line num="255" count="1" type="stmt"/>
        <line num="256" count="4" type="cond" truecount="2" falsecount="0"/>
        <line num="257" count="3" type="stmt"/>
        <line num="258" count="3" type="stmt"/>
        <line num="269" count="1" type="stmt"/>
        <line num="270" count="1" type="stmt"/>
        <line num="272" count="2" type="stmt"/>
        <line num="273" count="2" type="stmt"/>
        <line num="275" count="2" type="cond" truecount="2" falsecount="0"/>
        <line num="276" count="1" type="stmt"/>
        <line num="277" count="2" type="cond" truecount="2" falsecount="0"/>
        <line num="278" count="1" type="stmt"/>
        <line num="279" count="2" type="stmt"/>
        <line num="290" count="13" type="stmt"/>
        <line num="291" count="5" type="cond" truecount="2" falsecount="0"/>
        <line num="292" count="1" type="stmt"/>
        <line num="293" count="4" type="cond" truecount="2" falsecount="0"/>
        <line num="294" count="3" type="stmt"/>
        <line num="295" count="3" type="stmt"/>
        <line num="306" count="1" type="stmt"/>
        <line num="307" count="1" type="stmt"/>
        <line num="309" count="2" type="stmt"/>
        <line num="310" count="2" type="stmt"/>
        <line num="312" count="2" type="cond" truecount="2" falsecount="0"/>
        <line num="313" count="1" type="stmt"/>
        <line num="314" count="2" type="cond" truecount="2" falsecount="0"/>
        <line num="315" count="1" type="stmt"/>
        <line num="316" count="2" type="stmt"/>
        <line num="327" count="13" type="stmt"/>
        <line num="328" count="5" type="cond" truecount="2" falsecount="0"/>
        <line num="329" count="1" type="stmt"/>
        <line num="330" count="4" type="cond" truecount="2" falsecount="0"/>
        <line num="331" count="3" type="stmt"/>
        <line num="332" count="3" type="stmt"/>
        <line num="343" count="1" type="stmt"/>
        <line num="344" count="1" type="stmt"/>
        <line num="346" count="2" type="stmt"/>
        <line num="347" count="2" type="stmt"/>
        <line num="349" count="2" type="cond" truecount="2" falsecount="0"/>
        <line num="350" count="1" type="stmt"/>
        <line num="351" count="2" type="cond" truecount="2" falsecount="0"/>
        <line num="352" count="1" type="stmt"/>
        <line num="353" count="2" type="stmt"/>
        <line num="357" count="13" type="stmt"/>
      </file>
      <file name="index.js" path="/Users/tnorlund/Blog-backend/code/nodejs/data/index.js">
        <metrics statements="14" coveredstatements="14" conditionals="0" coveredconditionals="0" methods="0" coveredmethods="0"/>
        <line num="6" count="13" type="stmt"/>
        <line num="10" count="13" type="stmt"/>
        <line num="16" count="13" type="stmt"/>
        <line num="20" count="13" type="stmt"/>
        <line num="25" count="13" type="stmt"/>
        <line num="29" count="13" type="stmt"/>
        <line num="34" count="13" type="stmt"/>
        <line num="38" count="13" type="stmt"/>
        <line num="45" count="13" type="stmt"/>
        <line num="47" count="13" type="stmt"/>
        <line num="51" count="13" type="stmt"/>
        <line num="53" count="13" type="stmt"/>
        <line num="58" count="13" type="stmt"/>
        <line num="60" count="13" type="stmt"/>
      </file>
      <file name="location.js" path="/Users/tnorlund/Blog-backend/code/nodejs/data/location.js">
        <metrics statements="50" coveredstatements="32" conditionals="28" coveredconditionals="15" methods="10" coveredmethods="2"/>
        <line num="1" count="13" type="stmt"/>
        <line num="2" count="13" type="stmt"/>
        <line num="3" count="13" type="stmt"/>
        <line num="4" count="13" type="stmt"/>
        <line num="13" count="13" type="stmt"/>
        <line num="14" count="7" type="cond" truecount="2" falsecount="0"/>
        <line num="15" count="1" type="stmt"/>
        <line num="16" count="6" type="cond" truecount="2" falsecount="0"/>
        <line num="17" count="5" type="stmt"/>
        <line num="18" count="5" type="stmt"/>
        <line num="23" count="3" type="stmt"/>
        <line num="25" count="2" type="stmt"/>
        <line num="26" count="2" type="cond" truecount="2" falsecount="0"/>
        <line num="27" count="1" type="stmt"/>
        <line num="28" count="2" type="cond" truecount="2" falsecount="0"/>
        <line num="29" count="1" type="stmt"/>
        <line num="30" count="2" type="stmt"/>
        <line num="41" count="13" type="stmt"/>
        <line num="42" count="5" type="cond" truecount="2" falsecount="0"/>
        <line num="43" count="1" type="stmt"/>
        <line num="44" count="4" type="cond" truecount="2" falsecount="0"/>
        <line num="45" count="3" type="stmt"/>
        <line num="46" count="3" type="stmt"/>
        <line num="49" count="2" type="cond" truecount="2" falsecount="0"/>
        <line num="50" count="1" type="stmt"/>
        <line num="52" count="1" type="stmt"/>
        <line num="53" count="1" type="cond" truecount="1" falsecount="1"/>
        <line num="54" count="1" type="stmt"/>
        <line num="55" count="1" type="stmt"/>
        <line num="65" count="13" type="stmt"/>
        <line num="66" count="0" type="stmt"/>
        <line num="69" count="0" type="cond" truecount="0" falsecount="2"/>
        <line num="70" count="0" type="stmt"/>
        <line num="89" count="0" type="stmt"/>
        <line num="90" count="0" type="cond" truecount="0" falsecount="2"/>
        <line num="91" count="0" type="stmt"/>
        <line num="93" count="0" type="stmt"/>
        <line num="95" count="0" type="cond" truecount="0" falsecount="2"/>
        <line num="96" count="0" type="stmt"/>
        <line num="103" count="13" type="stmt"/>
        <line num="104" count="0" type="stmt"/>
        <line num="105" count="0" type="stmt"/>
        <line num="106" count="0" type="stmt"/>
        <line num="112" count="0" type="stmt"/>
        <line num="114" count="0" type="stmt"/>
        <line num="118" count="0" type="stmt"/>
        <line num="119" count="0" type="stmt"/>
        <line num="126" count="0" type="stmt"/>
        <line num="130" count="0" type="stmt"/>
        <line num="133" count="13" type="stmt"/>
      </file>
      <file name="post.js" path="/Users/tnorlund/Blog-backend/code/nodejs/data/post.js">
        <metrics statements="111" coveredstatements="106" conditionals="50" coveredconditionals="47" methods="9" coveredmethods="9"/>
        <line num="1" count="13" type="stmt"/>
        <line num="2" count="13" type="stmt"/>
        <line num="3" count="13" type="stmt"/>
        <line num="6" count="13" type="stmt"/>
        <line num="14" count="13" type="stmt"/>
        <line num="15" count="25" type="cond" truecount="2" falsecount="0"/>
        <line num="16" count="1" type="stmt"/>
        <line num="17" count="24" type="cond" truecount="2" falsecount="0"/>
        <line num="18" count="23" type="stmt"/>
        <line num="19" count="23" type="stmt"/>
        <line num="20" count="23" type="stmt"/>
        <line num="42" count="21" type="stmt"/>
        <line num="44" count="2" type="stmt"/>
        <line num="45" count="2" type="stmt"/>
        <line num="46" count="2" type="cond" truecount="2" falsecount="0"/>
        <line num="47" count="1" type="stmt"/>
        <line num="48" count="2" type="cond" truecount="2" falsecount="0"/>
        <line num="49" count="1" type="stmt"/>
        <line num="50" count="2" type="stmt"/>
        <line num="60" count="13" type="stmt"/>
        <line num="61" count="14" type="cond" truecount="2" falsecount="0"/>
        <line num="62" count="1" type="stmt"/>
        <line num="63" count="13" type="cond" truecount="2" falsecount="0"/>
        <line num="64" count="1" type="stmt"/>
        <line num="65" count="12" type="stmt"/>
        <line num="66" count="12" type="stmt"/>
        <line num="74" count="9" type="cond" truecount="2" falsecount="0"/>
        <line num="76" count="7" type="stmt"/>
        <line num="78" count="7" type="stmt"/>
        <line num="79" count="29" type="cond" truecount="3" falsecount="1"/>
        <line num="81" count="7" type="stmt"/>
        <line num="83" count="11" type="stmt"/>
        <line num="84" count="11" type="stmt"/>
        <line num="87" count="11" type="stmt"/>
        <line num="90" count="11" type="stmt"/>
        <line num="91" count="11" type="stmt"/>
        <line num="94" count="11" type="stmt"/>
        <line num="96" count="0" type="stmt"/>
        <line num="99" count="7" type="stmt"/>
        <line num="101" count="3" type="stmt"/>
        <line num="102" count="3" type="stmt"/>
        <line num="103" count="3" type="cond" truecount="1" falsecount="1"/>
        <line num="104" count="3" type="stmt"/>
        <line num="105" count="3" type="stmt"/>
        <line num="115" count="13" type="stmt"/>
        <line num="116" count="16" type="stmt"/>
        <line num="119" count="16" type="cond" truecount="2" falsecount="0"/>
        <line num="123" count="11" type="stmt"/>
        <line num="124" count="11" type="stmt"/>
        <line num="127" count="5" type="stmt"/>
        <line num="130" count="5" type="stmt"/>
        <line num="140" count="13" type="stmt"/>
        <line num="141" count="16" type="cond" truecount="2" falsecount="0"/>
        <line num="142" count="5" type="stmt"/>
        <line num="143" count="5" type="stmt"/>
        <line num="146" count="5" type="stmt"/>
        <line num="148" count="11" type="stmt"/>
        <line num="149" count="11" type="stmt"/>
        <line num="158" count="13" type="stmt"/>
        <line num="159" count="4" type="cond" truecount="2" falsecount="0"/>
        <line num="160" count="1" type="stmt"/>
        <line num="161" count="3" type="cond" truecount="2" falsecount="0"/>
        <line num="162" count="2" type="stmt"/>
        <line num="163" count="2" type="cond" truecount="2" falsecount="0"/>
        <line num="164" count="1" type="stmt"/>
        <line num="165" count="1" type="stmt"/>
        <line num="166" count="1" type="stmt"/>
        <line num="167" count="1" type="stmt"/>
        <line num="168" count="1" type="stmt"/>
        <line num="169" count="1" type="stmt"/>
        <line num="171" count="1" type="stmt"/>
        <line num="172" count="1" type="stmt"/>
        <line num="179" count="1" type="stmt"/>
        <line num="181" count="1" type="cond" truecount="1" falsecount="1"/>
        <line num="182" count="1" type="stmt"/>
        <line num="187" count="0" type="stmt"/>
        <line num="188" count="0" type="stmt"/>
        <line num="193" count="1" type="stmt"/>
        <line num="195" count="0" type="stmt"/>
        <line num="196" count="0" type="stmt"/>
        <line num="205" count="13" type="stmt"/>
        <line num="206" count="28" type="cond" truecount="2" falsecount="0"/>
        <line num="207" count="1" type="stmt"/>
        <line num="208" count="27" type="cond" truecount="2" falsecount="0"/>
        <line num="209" count="1" type="stmt"/>
        <line num="210" count="26" type="stmt"/>
        <line num="211" count="26" type="stmt"/>
        <line num="220" count="23" type="stmt"/>
        <line num="226" count="3" type="stmt"/>
        <line num="227" count="3" type="stmt"/>
        <line num="228" count="3" type="cond" truecount="2" falsecount="0"/>
        <line num="229" count="2" type="stmt"/>
        <line num="230" count="3" type="cond" truecount="2" falsecount="0"/>
        <line num="231" count="1" type="stmt"/>
        <line num="232" count="3" type="stmt"/>
        <line num="241" count="13" type="stmt"/>
        <line num="242" count="5" type="cond" truecount="2" falsecount="0"/>
        <line num="243" count="1" type="stmt"/>
        <line num="244" count="4" type="cond" truecount="2" falsecount="0"/>
        <line num="245" count="1" type="stmt"/>
        <line num="246" count="3" type="stmt"/>
        <line num="247" count="3" type="stmt"/>
        <line num="256" count="1" type="stmt"/>
        <line num="262" count="2" type="stmt"/>
        <line num="263" count="2" type="stmt"/>
        <line num="264" count="2" type="cond" truecount="2" falsecount="0"/>
        <line num="265" count="1" type="stmt"/>
        <line num="266" count="2" type="cond" truecount="2" falsecount="0"/>
        <line num="267" count="1" type="stmt"/>
        <line num="268" count="2" type="stmt"/>
        <line num="272" count="13" type="stmt"/>
      </file>
      <file name="project.js" path="/Users/tnorlund/Blog-backend/code/nodejs/data/project.js">
        <metrics statements="115" coveredstatements="110" conditionals="59" coveredconditionals="55" methods="10" coveredmethods="10"/>
        <line num="1" count="13" type="stmt"/>
        <line num="2" count="13" type="stmt"/>
        <line num="5" count="13" type="stmt"/>
        <line num="12" count="13" type="stmt"/>
        <line num="13" count="21" type="cond" truecount="2" falsecount="0"/>
        <line num="14" count="1" type="stmt"/>
        <line num="15" count="20" type="cond" truecount="2" falsecount="0"/>
        <line num="16" count="19" type="stmt"/>
        <line num="17" count="19" type="stmt"/>
        <line num="18" count="19" type="stmt"/>
        <line num="40" count="17" type="stmt"/>
        <line num="42" count="2" type="stmt"/>
        <line num="43" count="2" type="stmt"/>
        <line num="44" count="2" type="cond" truecount="2" falsecount="0"/>
        <line num="45" count="1" type="stmt"/>
        <line num="46" count="2" type="cond" truecount="2" falsecount="0"/>
        <line num="47" count="1" type="stmt"/>
        <line num="48" count="2" type="stmt"/>
        <line num="57" count="13" type="stmt"/>
        <line num="58" count="6" type="cond" truecount="2" falsecount="0"/>
        <line num="59" count="1" type="stmt"/>
        <line num="60" count="5" type="cond" truecount="2" falsecount="0"/>
        <line num="61" count="4" type="stmt"/>
        <line num="62" count="4" type="stmt"/>
        <line num="66" count="3" type="cond" truecount="2" falsecount="0"/>
        <line num="67" count="2" type="stmt"/>
        <line num="69" count="1" type="stmt"/>
        <line num="70" count="1" type="stmt"/>
        <line num="71" count="1" type="cond" truecount="1" falsecount="1"/>
        <line num="72" count="1" type="stmt"/>
        <line num="73" count="1" type="stmt"/>
        <line num="82" count="13" type="stmt"/>
        <line num="83" count="8" type="cond" truecount="2" falsecount="0"/>
        <line num="84" count="1" type="stmt"/>
        <line num="85" count="7" type="cond" truecount="2" falsecount="0"/>
        <line num="86" count="6" type="stmt"/>
        <line num="87" count="6" type="stmt"/>
        <line num="95" count="4" type="cond" truecount="2" falsecount="0"/>
        <line num="96" count="2" type="stmt"/>
        <line num="99" count="2" type="stmt"/>
        <line num="100" count="5" type="cond" truecount="2" falsecount="1"/>
        <line num="102" count="2" type="stmt"/>
        <line num="103" count="2" type="stmt"/>
        <line num="105" count="3" type="stmt"/>
        <line num="106" count="3" type="stmt"/>
        <line num="107" count="0" type="stmt"/>
        <line num="110" count="2" type="stmt"/>
        <line num="112" count="2" type="stmt"/>
        <line num="113" count="2" type="stmt"/>
        <line num="114" count="2" type="cond" truecount="1" falsecount="1"/>
        <line num="115" count="2" type="stmt"/>
        <line num="116" count="2" type="stmt"/>
        <line num="126" count="13" type="stmt"/>
        <line num="127" count="5" type="cond" truecount="2" falsecount="0"/>
        <line num="128" count="1" type="stmt"/>
        <line num="129" count="4" type="cond" truecount="2" falsecount="0"/>
        <line num="130" count="1" type="stmt"/>
        <line num="131" count="3" type="stmt"/>
        <line num="132" count="3" type="stmt"/>
        <line num="137" count="1" type="stmt"/>
        <line num="141" count="2" type="stmt"/>
        <line num="142" count="2" type="stmt"/>
        <line num="143" count="2" type="cond" truecount="2" falsecount="0"/>
        <line num="144" count="1" type="stmt"/>
        <line num="145" count="2" type="cond" truecount="2" falsecount="0"/>
        <line num="146" count="1" type="stmt"/>
        <line num="147" count="2" type="stmt"/>
        <line num="157" count="13" type="stmt"/>
        <line num="158" count="5" type="cond" truecount="2" falsecount="0"/>
        <line num="159" count="1" type="stmt"/>
        <line num="160" count="4" type="cond" truecount="2" falsecount="0"/>
        <line num="161" count="1" type="stmt"/>
        <line num="163" count="3" type="stmt"/>
        <line num="164" count="3" type="cond" truecount="2" falsecount="0"/>
        <line num="166" count="1" type="stmt"/>
        <line num="168" count="2" type="stmt"/>
        <line num="183" count="1" type="stmt"/>
        <line num="185" count="2" type="stmt"/>
        <line num="192" count="1" type="stmt"/>
        <line num="196" count="1" type="stmt"/>
        <line num="198" count="1" type="cond" truecount="1" falsecount="1"/>
        <line num="199" count="1" type="stmt"/>
        <line num="204" count="0" type="stmt"/>
        <line num="205" count="0" type="stmt"/>
        <line num="210" count="1" type="stmt"/>
        <line num="212" count="0" type="stmt"/>
        <line num="213" count="0" type="stmt"/>
        <line num="222" count="13" type="stmt"/>
        <line num="223" count="19" type="cond" truecount="2" falsecount="0"/>
        <line num="224" count="1" type="stmt"/>
        <line num="225" count="18" type="cond" truecount="2" falsecount="0"/>
        <line num="226" count="17" type="stmt"/>
        <line num="227" count="17" type="stmt"/>
        <line num="236" count="14" type="stmt"/>
        <line num="238" count="3" type="stmt"/>
        <line num="239" count="3" type="cond" truecount="2" falsecount="0"/>
        <line num="240" count="2" type="stmt"/>
        <line num="241" count="3" type="cond" truecount="2" falsecount="0"/>
        <line num="242" count="1" type="stmt"/>
        <line num="243" count="3" type="stmt"/>
        <line num="252" count="13" type="stmt"/>
        <line num="253" count="9" type="cond" truecount="2" falsecount="0"/>
        <line num="254" count="1" type="stmt"/>
        <line num="255" count="8" type="cond" truecount="2" falsecount="0"/>
        <line num="256" count="7" type="stmt"/>
        <line num="257" count="7" type="stmt"/>
        <line num="266" count="4" type="stmt"/>
        <line num="268" count="3" type="stmt"/>
        <line num="269" count="3" type="stmt"/>
        <line num="270" count="3" type="cond" truecount="2" falsecount="0"/>
        <line num="271" count="2" type="stmt"/>
        <line num="272" count="3" type="cond" truecount="2" falsecount="0"/>
        <line num="273" count="1" type="stmt"/>
        <line num="274" count="3" type="stmt"/>
        <line num="278" count="13" type="stmt"/>
      </file>
      <file name="projectFollow.js" path="/Users/tnorlund/Blog-backend/code/nodejs/data/projectFollow.js">
        <metrics statements="40" coveredstatements="40" conditionals="24" coveredconditionals="22" methods="2" coveredmethods="2"/>
        <line num="1" count="13" type="stmt"/>
        <line num="2" count="13" type="stmt"/>
        <line num="3" count="13" type="stmt"/>
        <line num="6" count="13" type="stmt"/>
        <line num="9" count="13" type="stmt"/>
        <line num="16" count="13" type="stmt"/>
        <line num="17" count="17" type="cond" truecount="2" falsecount="0"/>
        <line num="18" count="1" type="stmt"/>
        <line num="19" count="16" type="cond" truecount="2" falsecount="0"/>
        <line num="20" count="15" type="cond" truecount="2" falsecount="0"/>
        <line num="21" count="14" type="stmt"/>
        <line num="23" count="14" type="stmt"/>
        <line num="26" count="14" type="cond" truecount="2" falsecount="0"/>
        <line num="28" count="13" type="stmt"/>
        <line num="29" count="13" type="cond" truecount="2" falsecount="0"/>
        <line num="31" count="12" type="stmt"/>
        <line num="40" count="12" type="stmt"/>
        <line num="45" count="11" type="stmt"/>
        <line num="47" count="1" type="stmt"/>
        <line num="49" count="1" type="cond" truecount="1" falsecount="1"/>
        <line num="50" count="1" type="stmt"/>
        <line num="52" count="1" type="stmt"/>
        <line num="56" count="13" type="stmt"/>
        <line num="57" count="7" type="cond" truecount="2" falsecount="0"/>
        <line num="58" count="1" type="stmt"/>
        <line num="59" count="6" type="cond" truecount="2" falsecount="0"/>
        <line num="60" count="5" type="cond" truecount="2" falsecount="0"/>
        <line num="61" count="4" type="stmt"/>
        <line num="63" count="4" type="stmt"/>
        <line num="66" count="4" type="cond" truecount="2" falsecount="0"/>
        <line num="68" count="3" type="stmt"/>
        <line num="71" count="3" type="cond" truecount="2" falsecount="0"/>
        <line num="73" count="2" type="stmt"/>
        <line num="82" count="2" type="stmt"/>
        <line num="87" count="1" type="stmt"/>
        <line num="89" count="1" type="stmt"/>
        <line num="91" count="1" type="cond" truecount="1" falsecount="1"/>
        <line num="92" count="1" type="stmt"/>
        <line num="93" count="1" type="stmt"/>
        <line num="97" count="13" type="stmt"/>
      </file>
      <file name="session.js" path="/Users/tnorlund/Blog-backend/code/nodejs/data/session.js">
        <metrics statements="35" coveredstatements="35" conditionals="22" coveredconditionals="20" methods="2" coveredmethods="2"/>
        <line num="1" count="13" type="stmt"/>
        <line num="2" count="13" type="stmt"/>
        <line num="3" count="13" type="stmt"/>
        <line num="4" count="13" type="stmt"/>
        <line num="12" count="13" type="stmt"/>
        <line num="13" count="10" type="cond" truecount="2" falsecount="0"/>
        <line num="14" count="1" type="stmt"/>
        <line num="15" count="9" type="cond" truecount="2" falsecount="0"/>
        <line num="16" count="8" type="cond" truecount="2" falsecount="0"/>
        <line num="17" count="7" type="stmt"/>
        <line num="33" count="7" type="stmt"/>
        <line num="34" count="7" type="stmt"/>
        <line num="35" count="4" type="stmt"/>
        <line num="37" count="3" type="stmt"/>
        <line num="38" count="3" type="cond" truecount="2" falsecount="0"/>
        <line num="39" count="2" type="cond" truecount="2" falsecount="0"/>
        <line num="40" count="1" type="stmt"/>
        <line num="42" count="1" type="cond" truecount="1" falsecount="1"/>
        <line num="45" count="1" type="stmt"/>
        <line num="48" count="3" type="cond" truecount="2" falsecount="0"/>
        <line num="49" count="1" type="stmt"/>
        <line num="50" count="3" type="stmt"/>
        <line num="59" count="13" type="stmt"/>
        <line num="60" count="5" type="cond" truecount="2" falsecount="0"/>
        <line num="61" count="1" type="stmt"/>
        <line num="62" count="4" type="cond" truecount="2" falsecount="0"/>
        <line num="63" count="3" type="stmt"/>
        <line num="64" count="3" type="stmt"/>
        <line num="67" count="2" type="cond" truecount="2" falsecount="0"/>
        <line num="68" count="1" type="stmt"/>
        <line num="70" count="1" type="stmt"/>
        <line num="71" count="1" type="cond" truecount="1" falsecount="1"/>
        <line num="72" count="1" type="stmt"/>
        <line num="73" count="1" type="stmt"/>
        <line num="77" count="13" type="stmt"/>
      </file>
      <file name="tos.js" path="/Users/tnorlund/Blog-backend/code/nodejs/data/tos.js">
        <metrics statements="18" coveredstatements="18" conditionals="10" coveredconditionals="10" methods="1" coveredmethods="1"/>
        <line num="1" count="13" type="stmt"/>
        <line num="2" count="13" type="stmt"/>
        <line num="10" count="13" type="stmt"/>
        <line num="11" count="9" type="cond" truecount="2" falsecount="0"/>
        <line num="12" count="1" type="stmt"/>
        <line num="13" count="8" type="cond" truecount="2" falsecount="0"/>
        <line num="14" count="7" type="cond" truecount="2" falsecount="0"/>
        <line num="15" count="1" type="stmt"/>
        <line num="16" count="6" type="stmt"/>
        <line num="17" count="6" type="stmt"/>
        <line num="22" count="4" type="stmt"/>
        <line num="24" count="2" type="stmt"/>
        <line num="25" count="2" type="cond" truecount="2" falsecount="0"/>
        <line num="26" count="1" type="stmt"/>
        <line num="27" count="2" type="cond" truecount="2" falsecount="0"/>
        <line num="28" count="1" type="stmt"/>
        <line num="29" count="2" type="stmt"/>
        <line num="33" count="13" type="stmt"/>
      </file>
      <file name="user.js" path="/Users/tnorlund/Blog-backend/code/nodejs/data/user.js">
        <metrics statements="162" coveredstatements="156" conditionals="86" coveredconditionals="82" methods="14" coveredmethods="14"/>
        <line num="1" count="14" type="stmt"/>
        <line num="2" count="14" type="stmt"/>
        <line num="3" count="14" type="stmt"/>
        <line num="10" count="14" type="stmt"/>
        <line num="17" count="14" type="stmt"/>
        <line num="18" count="46" type="cond" truecount="2" falsecount="0"/>
        <line num="19" count="1" type="stmt"/>
        <line num="20" count="45" type="cond" truecount="2" falsecount="0"/>
        <line num="21" count="1" type="stmt"/>
        <line num="22" count="44" type="stmt"/>
        <line num="23" count="44" type="cond" truecount="2" falsecount="0"/>
        <line num="24" count="43" type="stmt"/>
        <line num="25" count="43" type="stmt"/>
        <line num="30" count="43" type="stmt"/>
        <line num="32" count="0" type="stmt"/>
        <line num="41" count="14" type="stmt"/>
        <line num="42" count="6" type="cond" truecount="2" falsecount="0"/>
        <line num="43" count="1" type="stmt"/>
        <line num="44" count="5" type="cond" truecount="2" falsecount="0"/>
        <line num="45" count="4" type="stmt"/>
        <line num="46" count="4" type="stmt"/>
        <line num="50" count="3" type="cond" truecount="2" falsecount="0"/>
        <line num="51" count="2" type="stmt"/>
        <line num="53" count="1" type="stmt"/>
        <line num="54" count="1" type="cond" truecount="1" falsecount="1"/>
        <line num="55" count="1" type="stmt"/>
        <line num="56" count="1" type="stmt"/>
        <line num="65" count="14" type="stmt"/>
        <line num="66" count="11" type="cond" truecount="2" falsecount="0"/>
        <line num="67" count="1" type="stmt"/>
        <line num="68" count="10" type="cond" truecount="2" falsecount="0"/>
        <line num="69" count="9" type="stmt"/>
        <line num="70" count="9" type="stmt"/>
        <line num="77" count="7" type="cond" truecount="2" falsecount="0"/>
        <line num="79" count="5" type="stmt"/>
        <line num="80" count="5" type="stmt"/>
        <line num="81" count="5" type="stmt"/>
        <line num="82" count="5" type="stmt"/>
        <line num="83" count="5" type="stmt"/>
        <line num="84" count="19" type="cond" truecount="5" falsecount="1"/>
        <line num="86" count="5" type="stmt"/>
        <line num="88" count="3" type="stmt"/>
        <line num="90" count="3" type="stmt"/>
        <line num="91" count="3" type="stmt"/>
        <line num="94" count="3" type="stmt"/>
        <line num="96" count="4" type="stmt"/>
        <line num="98" count="4" type="stmt"/>
        <line num="99" count="0" type="stmt"/>
        <line num="102" count="5" type="stmt"/>
        <line num="104" count="2" type="stmt"/>
        <line num="105" count="2" type="cond" truecount="1" falsecount="1"/>
        <line num="106" count="2" type="stmt"/>
        <line num="107" count="2" type="stmt"/>
        <line num="117" count="14" type="stmt"/>
        <line num="118" count="6" type="cond" truecount="2" falsecount="0"/>
        <line num="119" count="1" type="stmt"/>
        <line num="120" count="5" type="cond" truecount="2" falsecount="0"/>
        <line num="121" count="4" type="cond" truecount="2" falsecount="0"/>
        <line num="122" count="3" type="stmt"/>
        <line num="123" count="3" type="cond" truecount="2" falsecount="0"/>
        <line num="124" count="1" type="stmt"/>
        <line num="126" count="1" type="stmt"/>
        <line num="135" count="1" type="stmt"/>
        <line num="136" count="1" type="stmt"/>
        <line num="146" count="1" type="stmt"/>
        <line num="147" count="1" type="stmt"/>
        <line num="157" count="1" type="stmt"/>
        <line num="158" count="1" type="stmt"/>
        <line num="167" count="1" type="stmt"/>
        <line num="169" count="1" type="cond" truecount="1" falsecount="1"/>
        <line num="170" count="1" type="stmt"/>
        <line num="175" count="0" type="stmt"/>
        <line num="176" count="0" type="stmt"/>
        <line num="181" count="1" type="stmt"/>
        <line num="182" count="1" type="stmt"/>
        <line num="184" count="0" type="stmt"/>
        <line num="185" count="0" type="stmt"/>
        <line num="195" count="14" type="stmt"/>
        <line num="196" count="18" type="cond" truecount="2" falsecount="0"/>
        <line num="197" count="1" type="stmt"/>
        <line num="198" count="17" type="cond" truecount="2" falsecount="0"/>
        <line num="199" count="1" type="stmt"/>
        <line num="200" count="16" type="stmt"/>
        <line num="201" count="16" type="stmt"/>
        <line num="210" count="13" type="stmt"/>
        <line num="212" count="3" type="stmt"/>
        <line num="213" count="3" type="cond" truecount="2" falsecount="0"/>
        <line num="214" count="2" type="stmt"/>
        <line num="215" count="3" type="cond" truecount="2" falsecount="0"/>
        <line num="216" count="1" type="stmt"/>
        <line num="217" count="3" type="stmt"/>
        <line num="227" count="14" type="stmt"/>
        <line num="228" count="8" type="cond" truecount="2" falsecount="0"/>
        <line num="229" count="1" type="stmt"/>
        <line num="230" count="7" type="cond" truecount="2" falsecount="0"/>
        <line num="231" count="1" type="stmt"/>
        <line num="232" count="6" type="stmt"/>
        <line num="233" count="6" type="stmt"/>
        <line num="242" count="3" type="stmt"/>
        <line num="244" count="3" type="stmt"/>
        <line num="245" count="3" type="cond" truecount="2" falsecount="0"/>
        <line num="246" count="2" type="stmt"/>
        <line num="247" count="3" type="cond" truecount="2" falsecount="0"/>
        <line num="248" count="1" type="stmt"/>
        <line num="249" count="3" type="stmt"/>
        <line num="259" count="14" type="stmt"/>
        <line num="260" count="30" type="cond" truecount="2" falsecount="0"/>
        <line num="261" count="1" type="stmt"/>
        <line num="262" count="29" type="cond" truecount="2" falsecount="0"/>
        <line num="263" count="1" type="stmt"/>
        <line num="264" count="28" type="stmt"/>
        <line num="265" count="28" type="stmt"/>
        <line num="274" count="24" type="stmt"/>
        <line num="276" count="4" type="stmt"/>
        <line num="277" count="4" type="cond" truecount="2" falsecount="0"/>
        <line num="278" count="2" type="stmt"/>
        <line num="279" count="4" type="cond" truecount="2" falsecount="0"/>
        <line num="280" count="2" type="stmt"/>
        <line num="281" count="4" type="stmt"/>
        <line num="291" count="14" type="stmt"/>
        <line num="292" count="5" type="cond" truecount="2" falsecount="0"/>
        <line num="293" count="1" type="stmt"/>
        <line num="294" count="4" type="cond" truecount="2" falsecount="0"/>
        <line num="295" count="1" type="stmt"/>
        <line num="296" count="3" type="stmt"/>
        <line num="297" count="3" type="stmt"/>
        <line num="306" count="1" type="stmt"/>
        <line num="308" count="2" type="stmt"/>
        <line num="309" count="2" type="cond" truecount="2" falsecount="0"/>
        <line num="310" count="1" type="stmt"/>
        <line num="311" count="2" type="cond" truecount="2" falsecount="0"/>
        <line num="312" count="1" type="stmt"/>
        <line num="313" count="2" type="stmt"/>
        <line num="323" count="14" type="stmt"/>
        <line num="324" count="27" type="cond" truecount="2" falsecount="0"/>
        <line num="325" count="1" type="stmt"/>
        <line num="326" count="26" type="cond" truecount="2" falsecount="0"/>
        <line num="327" count="1" type="stmt"/>
        <line num="328" count="25" type="stmt"/>
        <line num="329" count="25" type="stmt"/>
        <line num="338" count="23" type="stmt"/>
        <line num="340" count="2" type="stmt"/>
        <line num="341" count="2" type="cond" truecount="2" falsecount="0"/>
        <line num="342" count="1" type="stmt"/>
        <line num="343" count="2" type="cond" truecount="2" falsecount="0"/>
        <line num="344" count="1" type="stmt"/>
        <line num="345" count="2" type="stmt"/>
        <line num="355" count="14" type="stmt"/>
        <line num="356" count="5" type="cond" truecount="2" falsecount="0"/>
        <line num="357" count="1" type="stmt"/>
        <line num="358" count="4" type="cond" truecount="2" falsecount="0"/>
        <line num="359" count="1" type="stmt"/>
        <line num="360" count="3" type="stmt"/>
        <line num="361" count="3" type="stmt"/>
        <line num="370" count="1" type="stmt"/>
        <line num="372" count="2" type="stmt"/>
        <line num="373" count="2" type="cond" truecount="2" falsecount="0"/>
        <line num="374" count="1" type="stmt"/>
        <line num="375" count="2" type="cond" truecount="2" falsecount="0"/>
        <line num="376" count="1" type="stmt"/>
        <line num="377" count="2" type="stmt"/>
        <line num="381" count="14" type="stmt"/>
      </file>
      <file name="utils.js" path="/Users/tnorlund/Blog-backend/code/nodejs/data/utils.js">
        <metrics statements="51" coveredstatements="39" conditionals="14" coveredconditionals="10" methods="15" coveredmethods="11"/>
        <line num="1" count="13" type="stmt"/>
        <line num="8" count="13" type="stmt"/>
        <line num="9" count="0" type="stmt"/>
        <line num="10" count="0" type="stmt"/>
        <line num="21" count="13" type="stmt"/>
        <line num="23" count="5" type="cond" truecount="2" falsecount="0"/>
        <line num="24" count="2" type="stmt"/>
        <line num="25" count="2" type="stmt"/>
        <line num="29" count="5" type="stmt"/>
        <line num="31" count="5" type="cond" truecount="2" falsecount="0"/>
        <line num="32" count="2" type="cond" truecount="1" falsecount="1"/>
        <line num="33" count="2" type="stmt"/>
        <line num="34" count="0" type="stmt"/>
        <line num="36" count="3" type="stmt"/>
        <line num="37" count="3" type="stmt"/>
        <line num="39" count="5" type="stmt"/>
        <line num="43" count="5" type="cond" truecount="1" falsecount="1"/>
        <line num="44" count="5" type="cond" truecount="2" falsecount="0"/>
        <line num="45" count="2" type="stmt"/>
        <line num="47" count="3" type="stmt"/>
        <line num="49" count="0" type="stmt"/>
        <line num="50" count="0" type="stmt"/>
        <line num="52" count="5" type="stmt"/>
        <line num="53" count="5" type="stmt"/>
        <line num="61" count="13" type="stmt"/>
        <line num="62" count="3" type="stmt"/>
        <line num="64" count="5" type="stmt"/>
        <line num="72" count="5" type="stmt"/>
        <line num="81" count="3" type="stmt"/>
        <line num="83" count="3" type="stmt"/>
        <line num="107" count="3" type="stmt"/>
        <line num="115" count="13" type="stmt"/>
        <line num="116" count="0" type="cond" truecount="0" falsecount="2"/>
        <line num="117" count="0" type="stmt"/>
        <line num="119" count="0" type="stmt"/>
        <line num="122" count="0" type="stmt"/>
        <line num="123" count="0" type="stmt"/>
        <line num="129" count="0" type="stmt"/>
        <line num="138" count="13" type="stmt"/>
        <line num="139" count="32" type="stmt"/>
        <line num="141" count="32" type="stmt"/>
        <line num="142" count="5" type="stmt"/>
        <line num="143" count="5" type="stmt"/>
        <line num="148" count="0" type="stmt"/>
        <line num="151" count="32" type="stmt"/>
        <line num="152" count="32" type="stmt"/>
        <line num="153" count="32" type="cond" truecount="2" falsecount="0"/>
        <line num="154" count="5" type="stmt"/>
        <line num="155" count="5" type="stmt"/>
        <line num="157" count="27" type="stmt"/>
        <line num="162" count="13" type="stmt"/>
      </file>
      <file name="visit.js" path="/Users/tnorlund/Blog-backend/code/nodejs/data/visit.js">
        <metrics statements="45" coveredstatements="45" conditionals="24" coveredconditionals="23" methods="4" coveredmethods="4"/>
        <line num="1" count="13" type="stmt"/>
        <line num="2" count="13" type="stmt"/>
        <line num="5" count="13" type="stmt"/>
        <line num="6" count="13" type="stmt"/>
        <line num="15" count="13" type="stmt"/>
        <line num="16" count="8" type="cond" truecount="2" falsecount="0"/>
        <line num="17" count="1" type="stmt"/>
        <line num="18" count="7" type="cond" truecount="2" falsecount="0"/>
        <line num="19" count="6" type="stmt"/>
        <line num="20" count="6" type="stmt"/>
        <line num="25" count="4" type="stmt"/>
        <line num="27" count="2" type="stmt"/>
        <line num="28" count="2" type="cond" truecount="2" falsecount="0"/>
        <line num="29" count="1" type="stmt"/>
        <line num="30" count="2" type="cond" truecount="2" falsecount="0"/>
        <line num="31" count="1" type="stmt"/>
        <line num="32" count="2" type="stmt"/>
        <line num="43" count="13" type="stmt"/>
        <line num="44" count="5" type="cond" truecount="2" falsecount="0"/>
        <line num="45" count="1" type="stmt"/>
        <line num="46" count="4" type="cond" truecount="2" falsecount="0"/>
        <line num="47" count="3" type="stmt"/>
        <line num="49" count="3" type="stmt"/>
        <line num="55" count="3" type="stmt"/>
        <line num="56" count="3" type="stmt"/>
        <line num="57" count="1" type="stmt"/>
        <line num="59" count="2" type="stmt"/>
        <line num="60" count="2" type="cond" truecount="2" falsecount="0"/>
        <line num="61" count="1" type="stmt"/>
        <line num="63" count="2" type="cond" truecount="2" falsecount="0"/>
        <line num="64" count="1" type="stmt"/>
        <line num="65" count="2" type="stmt"/>
        <line num="77" count="13" type="stmt"/>
        <line num="78" count="5" type="cond" truecount="2" falsecount="0"/>
        <line num="79" count="1" type="stmt"/>
        <line num="80" count="4" type="cond" truecount="2" falsecount="0"/>
        <line num="81" count="3" type="stmt"/>
        <line num="82" count="3" type="stmt"/>
        <line num="85" count="2" type="cond" truecount="2" falsecount="0"/>
        <line num="86" count="1" type="stmt"/>
        <line num="88" count="1" type="stmt"/>
        <line num="89" count="1" type="cond" truecount="1" falsecount="1"/>
        <line num="90" count="1" type="stmt"/>
        <line num="91" count="1" type="stmt"/>
        <line num="95" count="13" type="stmt"/>
      </file>
      <file name="visitor.js" path="/Users/tnorlund/Blog-backend/code/nodejs/data/visitor.js">
        <metrics statements="78" coveredstatements="77" conditionals="44" coveredconditionals="41" methods="6" coveredmethods="6"/>
        <line num="1" count="13" type="stmt"/>
        <line num="2" count="13" type="stmt"/>
        <line num="5" count="13" type="stmt"/>
        <line num="12" count="13" type="stmt"/>
        <line num="13" count="13" type="cond" truecount="2" falsecount="0"/>
        <line num="14" count="1" type="stmt"/>
        <line num="15" count="12" type="cond" truecount="2" falsecount="0"/>
        <line num="16" count="1" type="stmt"/>
        <line num="17" count="11" type="stmt"/>
        <line num="18" count="11" type="stmt"/>
        <line num="23" count="9" type="stmt"/>
        <line num="25" count="2" type="stmt"/>
        <line num="26" count="2" type="cond" truecount="2" falsecount="0"/>
        <line num="27" count="1" type="stmt"/>
        <line num="28" count="2" type="cond" truecount="2" falsecount="0"/>
        <line num="29" count="1" type="stmt"/>
        <line num="30" count="2" type="stmt"/>
        <line num="39" count="13" type="stmt"/>
        <line num="40" count="5" type="cond" truecount="2" falsecount="0"/>
        <line num="41" count="1" type="stmt"/>
        <line num="42" count="4" type="cond" truecount="2" falsecount="0"/>
        <line num="43" count="3" type="stmt"/>
        <line num="44" count="3" type="stmt"/>
        <line num="48" count="2" type="cond" truecount="2" falsecount="0"/>
        <line num="49" count="1" type="stmt"/>
        <line num="51" count="1" type="stmt"/>
        <line num="52" count="1" type="cond" truecount="1" falsecount="1"/>
        <line num="53" count="1" type="stmt"/>
        <line num="54" count="1" type="stmt"/>
        <line num="65" count="13" type="stmt"/>
        <line num="66" count="5" type="cond" truecount="2" falsecount="0"/>
        <line num="67" count="1" type="stmt"/>
        <line num="68" count="4" type="cond" truecount="2" falsecount="0"/>
        <line num="69" count="3" type="stmt"/>
        <line num="70" count="3" type="stmt"/>
        <line num="77" count="2" type="cond" truecount="2" falsecount="0"/>
        <line num="79" count="1" type="stmt"/>
        <line num="82" count="1" type="stmt"/>
        <line num="83" count="3" type="cond" truecount="3" falsecount="1"/>
        <line num="85" count="1" type="stmt"/>
        <line num="86" count="1" type="stmt"/>
        <line num="88" count="1" type="stmt"/>
        <line num="89" count="1" type="stmt"/>
        <line num="91" count="1" type="stmt"/>
        <line num="92" count="1" type="stmt"/>
        <line num="93" count="0" type="stmt"/>
        <line num="96" count="1" type="stmt"/>
        <line num="98" count="1" type="stmt"/>
        <line num="99" count="1" type="cond" truecount="1" falsecount="1"/>
        <line num="100" count="1" type="stmt"/>
        <line num="101" count="1" type="stmt"/>
        <line num="110" count="13" type="stmt"/>
        <line num="111" count="5" type="cond" truecount="2" falsecount="0"/>
        <line num="112" count="1" type="stmt"/>
        <line num="113" count="4" type="cond" truecount="2" falsecount="0"/>
        <line num="114" count="3" type="stmt"/>
        <line num="115" count="3" type="stmt"/>
        <line num="124" count="1" type="stmt"/>
        <line num="126" count="2" type="stmt"/>
        <line num="127" count="2" type="cond" truecount="2" falsecount="0"/>
        <line num="128" count="1" type="stmt"/>
        <line num="129" count="2" type="cond" truecount="2" falsecount="0"/>
        <line num="130" count="1" type="stmt"/>
        <line num="131" count="2" type="stmt"/>
        <line num="140" count="13" type="stmt"/>
        <line num="141" count="5" type="cond" truecount="2" falsecount="0"/>
        <line num="142" count="1" type="stmt"/>
        <line num="143" count="4" type="cond" truecount="2" falsecount="0"/>
        <line num="144" count="3" type="stmt"/>
        <line num="145" count="3" type="stmt"/>
        <line num="154" count="1" type="stmt"/>
        <line num="156" count="2" type="stmt"/>
        <line num="157" count="2" type="cond" truecount="2" falsecount="0"/>
        <line num="158" count="1" type="stmt"/>
        <line num="159" count="2" type="cond" truecount="2" falsecount="0"/>
        <line num="160" count="1" type="stmt"/>
        <line num="161" count="2" type="stmt"/>
        <line num="165" count="13" type="stmt"/>
      </file>
      <file name="vote.js" path="/Users/tnorlund/Blog-backend/code/nodejs/data/vote.js">
        <metrics statements="40" coveredstatements="36" conditionals="22" coveredconditionals="22" methods="2" coveredmethods="2"/>
        <line num="1" count="13" type="stmt"/>
        <line num="2" count="13" type="stmt"/>
        <line num="3" count="13" type="stmt"/>
        <line num="4" count="13" type="stmt"/>
        <line num="14" count="13" type="stmt"/>
        <line num="15" count="10" type="cond" truecount="2" falsecount="0"/>
        <line num="16" count="1" type="stmt"/>
        <line num="17" count="9" type="cond" truecount="2" falsecount="0"/>
        <line num="18" count="8" type="cond" truecount="2" falsecount="0"/>
        <line num="19" count="7" type="cond" truecount="2" falsecount="0"/>
        <line num="20" count="6" type="cond" truecount="2" falsecount="0"/>
        <line num="21" count="1" type="stmt"/>
        <line num="25" count="5" type="stmt"/>
        <line num="26" count="5" type="cond" truecount="2" falsecount="0"/>
        <line num="27" count="4" type="stmt"/>
        <line num="38" count="4" type="stmt"/>
        <line num="48" count="4" type="cond" truecount="2" falsecount="0"/>
        <line num="50" count="2" type="stmt"/>
        <line num="62" count="2" type="stmt"/>
        <line num="73" count="4" type="stmt"/>
        <line num="80" count="4" type="stmt"/>
        <line num="81" count="4" type="stmt"/>
        <line num="84" count="4" type="stmt"/>
        <line num="86" count="0" type="stmt"/>
        <line num="87" count="0" type="stmt"/>
        <line num="97" count="13" type="stmt"/>
        <line num="98" count="5" type="cond" truecount="2" falsecount="0"/>
        <line num="99" count="1" type="stmt"/>
        <line num="100" count="4" type="cond" truecount="2" falsecount="0"/>
        <line num="101" count="3" type="cond" truecount="2" falsecount="0"/>
        <line num="102" count="2" type="stmt"/>
        <line num="122" count="2" type="cond" truecount="2" falsecount="0"/>
        <line num="124" count="1" type="stmt"/>
        <line num="134" count="1" type="stmt"/>
        <line num="142" count="2" type="stmt"/>
        <line num="143" count="2" type="stmt"/>
        <line num="146" count="2" type="stmt"/>
        <line num="148" count="0" type="stmt"/>
        <line num="149" count="0" type="stmt"/>
        <line num="153" count="13" type="stmt"/>
      </file>
    </package>
    <package name="entities">
      <metrics statements="629" coveredstatements="617" conditionals="400" coveredconditionals="388" methods="130" coveredmethods="130"/>
      <file name="blog.js" path="/Users/tnorlund/Blog-backend/code/nodejs/entities/blog.js">
        <metrics statements="15" coveredstatements="15" conditionals="9" coveredconditionals="9" methods="4" coveredmethods="4"/>
        <line num="1" count="31" type="stmt"/>
        <line num="11" count="204" type="cond" truecount="2" falsecount="0"/>
        <line num="12" count="1" type="stmt"/>
        <line num="13" count="203" type="stmt"/>
        <line num="14" count="203" type="cond" truecount="2" falsecount="0"/>
        <line num="15" count="1" type="stmt"/>
        <line num="16" count="202" type="stmt"/>
        <line num="17" count="202" type="cond" truecount="2" falsecount="0"/>
        <line num="18" count="1" type="stmt"/>
        <line num="19" count="201" type="stmt"/>
        <line num="25" count="185" type="stmt"/>
        <line num="34" count="71" type="stmt"/>
        <line num="48" count="31" type="stmt"/>
        <line num="49" count="53" type="stmt"/>
        <line num="56" count="31" type="stmt"/>
      </file>
      <file name="browser.js" path="/Users/tnorlund/Blog-backend/code/nodejs/entities/browser.js">
        <metrics statements="23" coveredstatements="23" conditionals="20" coveredconditionals="20" methods="5" coveredmethods="5"/>
        <line num="1" count="31" type="stmt"/>
        <line num="12" count="18" type="cond" truecount="2" falsecount="0"/>
        <line num="13" count="1" type="stmt"/>
        <line num="14" count="17" type="stmt"/>
        <line num="15" count="17" type="cond" truecount="2" falsecount="0"/>
        <line num="16" count="1" type="stmt"/>
        <line num="17" count="16" type="stmt"/>
        <line num="18" count="16" type="stmt"/>
        <line num="19" count="16" type="stmt"/>
        <line num="20" count="16" type="cond" truecount="2" falsecount="0"/>
        <line num="22" count="16" type="stmt"/>
        <line num="23" count="16" type="stmt"/>
        <line num="24" count="16" type="stmt"/>
        <line num="25" count="16" type="stmt"/>
        <line num="26" count="16" type="stmt"/>
        <line num="27" count="16" type="stmt"/>
        <line num="28" count="16" type="cond" truecount="2" falsecount="0"/>
        <line num="36" count="1" type="stmt"/>
        <line num="43" count="14" type="stmt"/>
        <line num="55" count="10" type="stmt"/>
        <line num="78" count="31" type="stmt"/>
        <line num="79" count="4" type="stmt"/>
        <line num="95" count="31" type="stmt"/>
      </file>
      <file name="comment.js" path="/Users/tnorlund/Blog-backend/code/nodejs/entities/comment.js">
        <metrics statements="44" coveredstatements="43" conditionals="28" coveredconditionals="27" methods="10" coveredmethods="10"/>
        <line num="3" count="31" type="stmt"/>
        <line num="21" count="87" type="cond" truecount="2" falsecount="0"/>
        <line num="22" count="1" type="stmt"/>
        <line num="23" count="86" type="cond" truecount="1" falsecount="1"/>
        <line num="24" count="0" type="stmt"/>
        <line num="25" count="86" type="stmt"/>
        <line num="26" count="86" type="cond" truecount="2" falsecount="0"/>
        <line num="27" count="1" type="stmt"/>
        <line num="28" count="85" type="stmt"/>
        <line num="29" count="85" type="cond" truecount="2" falsecount="0"/>
        <line num="30" count="1" type="stmt"/>
        <line num="31" count="84" type="stmt"/>
        <line num="32" count="84" type="cond" truecount="2" falsecount="0"/>
        <line num="33" count="1" type="stmt"/>
        <line num="34" count="83" type="stmt"/>
        <line num="35" count="83" type="cond" truecount="2" falsecount="0"/>
        <line num="36" count="1" type="stmt"/>
        <line num="37" count="82" type="stmt"/>
        <line num="38" count="82" type="stmt"/>
        <line num="39" count="82" type="cond" truecount="2" falsecount="0"/>
        <line num="40" count="1" type="stmt"/>
        <line num="41" count="81" type="stmt"/>
        <line num="42" count="81" type="stmt"/>
        <line num="45" count="81" type="cond" truecount="2" falsecount="0"/>
        <line num="46" count="1" type="stmt"/>
        <line num="47" count="80" type="stmt"/>
        <line num="48" count="15" type="cond" truecount="2" falsecount="0"/>
        <line num="49" count="7" type="cond" truecount="2" falsecount="0"/>
        <line num="50" count="1" type="stmt"/>
        <line num="54" count="78" type="stmt"/>
        <line num="55" count="78" type="stmt"/>
        <line num="62" count="1" type="stmt"/>
        <line num="71" count="57" type="stmt"/>
        <line num="84" count="1" type="stmt"/>
        <line num="90" count="27" type="cond" truecount="2" falsecount="0"/>
        <line num="91" count="20" type="stmt"/>
        <line num="98" count="7" type="stmt"/>
        <line num="102" count="7" type="stmt"/>
        <line num="112" count="24" type="stmt"/>
        <line num="132" count="31" type="stmt"/>
        <line num="133" count="17" type="stmt"/>
        <line num="136" count="22" type="stmt"/>
        <line num="138" count="17" type="stmt"/>
        <line num="151" count="31" type="stmt"/>
      </file>
      <file name="day.js" path="/Users/tnorlund/Blog-backend/code/nodejs/entities/day.js">
        <metrics statements="46" coveredstatements="46" conditionals="26" coveredconditionals="26" methods="7" coveredmethods="7"/>
        <line num="3" count="31" type="stmt"/>
        <line num="14" count="24" type="cond" truecount="2" falsecount="0"/>
        <line num="15" count="1" type="stmt"/>
        <line num="16" count="23" type="stmt"/>
        <line num="17" count="23" type="cond" truecount="2" falsecount="0"/>
        <line num="18" count="1" type="stmt"/>
        <line num="19" count="22" type="stmt"/>
        <line num="20" count="22" type="cond" truecount="2" falsecount="0"/>
        <line num="21" count="1" type="stmt"/>
        <line num="22" count="21" type="stmt"/>
        <line num="23" count="21" type="cond" truecount="2" falsecount="0"/>
        <line num="24" count="1" type="stmt"/>
        <line num="25" count="20" type="stmt"/>
        <line num="26" count="20" type="stmt"/>
        <line num="27" count="20" type="stmt"/>
        <line num="28" count="20" type="cond" truecount="2" falsecount="0"/>
        <line num="29" count="1" type="stmt"/>
        <line num="30" count="19" type="cond" truecount="2" falsecount="0"/>
        <line num="31" count="1" type="stmt"/>
        <line num="32" count="18" type="cond" truecount="2" falsecount="0"/>
        <line num="33" count="1" type="stmt"/>
        <line num="34" count="17" type="stmt"/>
        <line num="35" count="17" type="cond" truecount="2" falsecount="0"/>
        <line num="36" count="1" type="stmt"/>
        <line num="37" count="16" type="cond" truecount="2" falsecount="0"/>
        <line num="38" count="1" type="stmt"/>
        <line num="39" count="15" type="cond" truecount="2" falsecount="0"/>
        <line num="40" count="1" type="stmt"/>
        <line num="41" count="14" type="stmt"/>
        <line num="42" count="14" type="cond" truecount="2" falsecount="0"/>
        <line num="43" count="1" type="stmt"/>
        <line num="44" count="13" type="cond" truecount="2" falsecount="0"/>
        <line num="45" count="1" type="stmt"/>
        <line num="46" count="12" type="cond" truecount="2" falsecount="0"/>
        <line num="47" count="1" type="stmt"/>
        <line num="48" count="11" type="stmt"/>
        <line num="49" count="11" type="stmt"/>
        <line num="50" count="11" type="stmt"/>
        <line num="57" count="1" type="stmt"/>
        <line num="64" count="3" type="stmt"/>
        <line num="76" count="1" type="stmt"/>
        <line num="83" count="3" type="stmt"/>
        <line num="95" count="2" type="stmt"/>
        <line num="110" count="31" type="stmt"/>
        <line num="111" count="1" type="stmt"/>
        <line num="123" count="31" type="stmt"/>
      </file>
      <file name="index.js" path="/Users/tnorlund/Blog-backend/code/nodejs/entities/index.js">
        <metrics statements="19" coveredstatements="19" conditionals="0" coveredconditionals="0" methods="0" coveredmethods="0"/>
        <line num="1" count="31" type="stmt"/>
        <line num="2" count="31" type="stmt"/>
        <line num="3" count="31" type="stmt"/>
        <line num="4" count="31" type="stmt"/>
        <line num="5" count="31" type="stmt"/>
        <line num="6" count="31" type="stmt"/>
        <line num="7" count="31" type="stmt"/>
        <line num="8" count="31" type="stmt"/>
        <line num="9" count="31" type="stmt"/>
        <line num="10" count="31" type="stmt"/>
        <line num="11" count="31" type="stmt"/>
        <line num="12" count="31" type="stmt"/>
        <line num="13" count="31" type="stmt"/>
        <line num="14" count="31" type="stmt"/>
        <line num="15" count="31" type="stmt"/>
        <line num="16" count="31" type="stmt"/>
        <line num="17" count="31" type="stmt"/>
        <line num="18" count="31" type="stmt"/>
        <line num="20" count="31" type="stmt"/>
      </file>
      <file name="location.js" path="/Users/tnorlund/Blog-backend/code/nodejs/entities/location.js">
        <metrics statements="45" coveredstatements="45" conditionals="28" coveredconditionals="28" methods="5" coveredmethods="5"/>
        <line num="3" count="31" type="stmt"/>
        <line num="14" count="23" type="cond" truecount="2" falsecount="0"/>
        <line num="15" count="1" type="stmt"/>
        <line num="16" count="22" type="stmt"/>
        <line num="17" count="22" type="cond" truecount="2" falsecount="0"/>
        <line num="18" count="1" type="stmt"/>
        <line num="19" count="21" type="cond" truecount="2" falsecount="0"/>
        <line num="20" count="1" type="stmt"/>
        <line num="21" count="20" type="stmt"/>
        <line num="22" count="20" type="cond" truecount="2" falsecount="0"/>
        <line num="23" count="1" type="stmt"/>
        <line num="24" count="19" type="stmt"/>
        <line num="25" count="19" type="cond" truecount="2" falsecount="0"/>
        <line num="26" count="1" type="stmt"/>
        <line num="27" count="18" type="stmt"/>
        <line num="28" count="18" type="cond" truecount="2" falsecount="0"/>
        <line num="29" count="1" type="stmt"/>
        <line num="30" count="17" type="stmt"/>
        <line num="31" count="17" type="cond" truecount="2" falsecount="0"/>
        <line num="32" count="1" type="stmt"/>
        <line num="33" count="16" type="cond" truecount="2" falsecount="0"/>
        <line num="34" count="1" type="stmt"/>
        <line num="35" count="15" type="stmt"/>
        <line num="36" count="15" type="cond" truecount="2" falsecount="0"/>
        <line num="37" count="1" type="stmt"/>
        <line num="38" count="14" type="cond" truecount="2" falsecount="0"/>
        <line num="39" count="1" type="stmt"/>
        <line num="40" count="13" type="stmt"/>
        <line num="41" count="13" type="stmt"/>
        <line num="42" count="13" type="cond" truecount="2" falsecount="0"/>
        <line num="43" count="1" type="stmt"/>
        <line num="44" count="12" type="stmt"/>
        <line num="45" count="12" type="stmt"/>
        <line num="46" count="12" type="stmt"/>
        <line num="47" count="12" type="stmt"/>
        <line num="48" count="12" type="stmt"/>
        <line num="49" count="12" type="stmt"/>
        <line num="50" count="12" type="stmt"/>
        <line num="51" count="12" type="cond" truecount="2" falsecount="0"/>
        <line num="59" count="1" type="stmt"/>
        <line num="66" count="13" type="stmt"/>
        <line num="76" count="9" type="stmt"/>
        <line num="98" count="31" type="stmt"/>
        <line num="99" count="3" type="stmt"/>
        <line num="119" count="31" type="stmt"/>
      </file>
      <file name="month.js" path="/Users/tnorlund/Blog-backend/code/nodejs/entities/month.js">
        <metrics statements="45" coveredstatements="45" conditionals="26" coveredconditionals="26" methods="7" coveredmethods="7"/>
        <line num="3" count="31" type="stmt"/>
        <line num="14" count="24" type="cond" truecount="2" falsecount="0"/>
        <line num="15" count="1" type="stmt"/>
        <line num="16" count="23" type="stmt"/>
        <line num="17" count="23" type="cond" truecount="2" falsecount="0"/>
        <line num="18" count="1" type="stmt"/>
        <line num="19" count="22" type="stmt"/>
        <line num="20" count="22" type="cond" truecount="2" falsecount="0"/>
        <line num="21" count="1" type="stmt"/>
        <line num="22" count="21" type="stmt"/>
        <line num="23" count="21" type="cond" truecount="2" falsecount="0"/>
        <line num="24" count="1" type="stmt"/>
        <line num="25" count="20" type="stmt"/>
        <line num="26" count="20" type="stmt"/>
        <line num="27" count="20" type="cond" truecount="2" falsecount="0"/>
        <line num="28" count="1" type="stmt"/>
        <line num="29" count="19" type="cond" truecount="2" falsecount="0"/>
        <line num="30" count="1" type="stmt"/>
        <line num="31" count="18" type="cond" truecount="2" falsecount="0"/>
        <line num="32" count="1" type="stmt"/>
        <line num="33" count="17" type="stmt"/>
        <line num="34" count="17" type="cond" truecount="2" falsecount="0"/>
        <line num="35" count="1" type="stmt"/>
        <line num="36" count="16" type="cond" truecount="2" falsecount="0"/>
        <line num="37" count="1" type="stmt"/>
        <line num="38" count="15" type="cond" truecount="2" falsecount="0"/>
        <line num="39" count="1" type="stmt"/>
        <line num="40" count="14" type="stmt"/>
        <line num="41" count="14" type="cond" truecount="2" falsecount="0"/>
        <line num="42" count="1" type="stmt"/>
        <line num="43" count="13" type="cond" truecount="2" falsecount="0"/>
        <line num="44" count="1" type="stmt"/>
        <line num="45" count="12" type="cond" truecount="2" falsecount="0"/>
        <line num="46" count="1" type="stmt"/>
        <line num="47" count="11" type="stmt"/>
        <line num="48" count="11" type="stmt"/>
        <line num="49" count="11" type="stmt"/>
        <line num="56" count="1" type="stmt"/>
        <line num="63" count="3" type="stmt"/>
        <line num="74" count="1" type="stmt"/>
        <line num="81" count="3" type="stmt"/>
        <line num="92" count="2" type="stmt"/>
        <line num="107" count="31" type="stmt"/>
        <line num="108" count="1" type="stmt"/>
        <line num="120" count="31" type="stmt"/>
      </file>
      <file name="page.js" path="/Users/tnorlund/Blog-backend/code/nodejs/entities/page.js">
        <metrics statements="38" coveredstatements="38" conditionals="22" coveredconditionals="22" methods="7" coveredmethods="7"/>
        <line num="1" count="31" type="stmt"/>
        <line num="11" count="22" type="cond" truecount="2" falsecount="0"/>
        <line num="12" count="1" type="stmt"/>
        <line num="13" count="21" type="stmt"/>
        <line num="14" count="21" type="cond" truecount="2" falsecount="0"/>
        <line num="15" count="1" type="stmt"/>
        <line num="16" count="20" type="stmt"/>
        <line num="17" count="20" type="cond" truecount="2" falsecount="0"/>
        <line num="18" count="1" type="stmt"/>
        <line num="19" count="19" type="cond" truecount="2" falsecount="0"/>
        <line num="20" count="1" type="stmt"/>
        <line num="21" count="18" type="cond" truecount="2" falsecount="0"/>
        <line num="22" count="1" type="stmt"/>
        <line num="23" count="17" type="stmt"/>
        <line num="24" count="17" type="cond" truecount="2" falsecount="0"/>
        <line num="25" count="1" type="stmt"/>
        <line num="26" count="16" type="cond" truecount="2" falsecount="0"/>
        <line num="27" count="1" type="stmt"/>
        <line num="28" count="15" type="cond" truecount="2" falsecount="0"/>
        <line num="29" count="1" type="stmt"/>
        <line num="30" count="14" type="stmt"/>
        <line num="31" count="14" type="cond" truecount="2" falsecount="0"/>
        <line num="32" count="1" type="stmt"/>
        <line num="33" count="13" type="cond" truecount="2" falsecount="0"/>
        <line num="34" count="1" type="stmt"/>
        <line num="35" count="12" type="cond" truecount="2" falsecount="0"/>
        <line num="36" count="1" type="stmt"/>
        <line num="37" count="11" type="stmt"/>
        <line num="38" count="11" type="stmt"/>
        <line num="39" count="11" type="stmt"/>
        <line num="46" count="1" type="stmt"/>
        <line num="53" count="3" type="stmt"/>
        <line num="63" count="1" type="stmt"/>
        <line num="70" count="3" type="stmt"/>
        <line num="80" count="2" type="stmt"/>
        <line num="95" count="31" type="stmt"/>
        <line num="96" count="1" type="stmt"/>
        <line num="107" count="31" type="stmt"/>
      </file>
      <file name="post.js" path="/Users/tnorlund/Blog-backend/code/nodejs/entities/post.js">
        <metrics statements="16" coveredstatements="16" conditionals="7" coveredconditionals="7" methods="7" coveredmethods="7"/>
        <line num="1" count="31" type="stmt"/>
        <line num="9" count="54" type="cond" truecount="2" falsecount="0"/>
        <line num="10" count="53" type="stmt"/>
        <line num="11" count="53" type="cond" truecount="2" falsecount="0"/>
        <line num="12" count="52" type="stmt"/>
        <line num="13" count="52" type="cond" truecount="2" falsecount="0"/>
        <line num="14" count="1" type="stmt"/>
        <line num="15" count="51" type="stmt"/>
        <line num="21" count="1" type="stmt"/>
[...]
        <line num="18" count="2" type="stmt"/>
        <line num="19" count="36" type="stmt"/>
        <line num="20" count="36" type="cond" truecount="2" falsecount="0"/>
        <line num="21" count="1" type="stmt"/>
        <line num="22" count="35" type="stmt"/>
        <line num="23" count="35" type="cond" truecount="2" falsecount="0"/>
        <line num="24" count="1" type="stmt"/>
        <line num="25" count="34" type="stmt"/>
        <line num="26" count="34" type="cond" truecount="2" falsecount="0"/>
        <line num="27" count="1" type="stmt"/>
        <line num="28" count="33" type="stmt"/>
        <line num="29" count="33" type="stmt"/>
        <line num="39" count="1" type="stmt"/>
        <line num="48" count="20" type="stmt"/>
        <line num="60" count="1" type="stmt"/>
        <line num="67" count="15" type="stmt"/>
        <line num="79" count="14" type="stmt"/>
        <line num="96" count="31" type="stmt"/>
        <line num="97" count="7" type="stmt"/>
        <line num="107" count="31" type="stmt"/>
      </file>
      <file name="session.js" path="/Users/tnorlund/Blog-backend/code/nodejs/entities/session.js">
        <metrics statements="17" coveredstatements="17" conditionals="14" coveredconditionals="14" methods="7" coveredmethods="7"/>
        <line num="1" count="31" type="stmt"/>
        <line num="9" count="21" type="cond" truecount="2" falsecount="0"/>
        <line num="10" count="1" type="stmt"/>
        <line num="11" count="20" type="cond" truecount="2" falsecount="0"/>
        <line num="13" count="20" type="cond" truecount="2" falsecount="0"/>
        <line num="14" count="1" type="stmt"/>
        <line num="15" count="19" type="stmt"/>
        <line num="16" count="19" type="cond" truecount="2" falsecount="0"/>
        <line num="18" count="19" type="cond" truecount="2" falsecount="0"/>
        <line num="26" count="1" type="stmt"/>
        <line num="33" count="15" type="stmt"/>
        <line num="45" count="1" type="stmt"/>
        <line num="54" count="12" type="stmt"/>
        <line num="66" count="11" type="stmt"/>
        <line num="81" count="31" type="stmt"/>
        <line num="82" count="4" type="stmt"/>
        <line num="90" count="31" type="stmt"/>
      </file>
      <file name="tos.js" path="/Users/tnorlund/Blog-backend/code/nodejs/entities/tos.js">
        <metrics statements="16" coveredstatements="15" conditionals="11" coveredconditionals="10" methods="5" coveredmethods="5"/>
        <line num="3" count="31" type="stmt"/>
        <line num="11" count="19" type="cond" truecount="2" falsecount="0"/>
        <line num="12" count="1" type="stmt"/>
        <line num="13" count="18" type="cond" truecount="1" falsecount="1"/>
        <line num="14" count="0" type="stmt"/>
        <line num="15" count="18" type="stmt"/>
        <line num="16" count="18" type="cond" truecount="2" falsecount="0"/>
        <line num="17" count="1" type="stmt"/>
        <line num="18" count="17" type="cond" truecount="2" falsecount="0"/>
        <line num="20" count="17" type="cond" truecount="2" falsecount="0"/>
        <line num="28" count="1" type="stmt"/>
        <line num="37" count="9" type="stmt"/>
        <line num="51" count="8" type="stmt"/>
        <line num="64" count="31" type="stmt"/>
        <line num="65" count="4" type="stmt"/>
        <line num="72" count="31" type="stmt"/>
      </file>
      <file name="user.js" path="/Users/tnorlund/Blog-backend/code/nodejs/entities/user.js">
        <metrics statements="36" coveredstatements="29" conditionals="29" coveredconditionals="22" methods="5" coveredmethods="5"/>
        <line num="3" count="31" type="stmt"/>
        <line num="19" count="114" type="cond" truecount="2" falsecount="0"/>
        <line num="20" count="113" type="stmt"/>
        <line num="21" count="113" type="cond" truecount="2" falsecount="0"/>
        <line num="22" count="1" type="stmt"/>
        <line num="23" count="112" type="stmt"/>
        <line num="24" count="112" type="cond" truecount="2" falsecount="0"/>
        <line num="25" count="7" type="stmt"/>
        <line num="26" count="105" type="cond" truecount="2" falsecount="0"/>
        <line num="27" count="1" type="stmt"/>
        <line num="28" count="104" type="stmt"/>
        <line num="29" count="104" type="stmt"/>
        <line num="32" count="104" type="cond" truecount="1" falsecount="1"/>
        <line num="33" count="0" type="stmt"/>
        <line num="34" count="104" type="cond" truecount="1" falsecount="1"/>
        <line num="35" count="0" type="stmt"/>
        <line num="36" count="104" type="stmt"/>
        <line num="37" count="104" type="cond" truecount="1" falsecount="1"/>
        <line num="38" count="0" type="stmt"/>
        <line num="39" count="104" type="cond" truecount="1" falsecount="1"/>
        <line num="40" count="0" type="stmt"/>
        <line num="41" count="104" type="stmt"/>
        <line num="42" count="104" type="cond" truecount="1" falsecount="1"/>
        <line num="43" count="0" type="stmt"/>
        <line num="44" count="104" type="cond" truecount="1" falsecount="1"/>
        <line num="45" count="0" type="stmt"/>
        <line num="46" count="104" type="stmt"/>
        <line num="47" count="104" type="cond" truecount="1" falsecount="1"/>
        <line num="48" count="0" type="stmt"/>
        <line num="49" count="104" type="stmt"/>
        <line num="56" count="10" type="stmt"/>
        <line num="65" count="143" type="stmt"/>
        <line num="77" count="45" type="stmt"/>
        <line num="96" count="31" type="stmt"/>
        <line num="97" count="73" type="stmt"/>
        <line num="109" count="31" type="stmt"/>
      </file>
      <file name="utils.js" path="/Users/tnorlund/Blog-backend/code/nodejs/entities/utils.js">
        <metrics statements="48" coveredstatements="48" conditionals="38" coveredconditionals="38" methods="8" coveredmethods="8"/>
        <line num="7" count="55" type="cond" truecount="2" falsecount="0"/>
        <line num="8" count="1" type="stmt"/>
        <line num="9" count="54" type="cond" truecount="2" falsecount="0"/>
        <line num="10" count="1" type="stmt"/>
        <line num="11" count="53" type="cond" truecount="2" falsecount="0"/>
        <line num="12" count="1" type="stmt"/>
        <line num="13" count="52" type="cond" truecount="2" falsecount="0"/>
        <line num="14" count="1" type="stmt"/>
        <line num="15" count="51" type="stmt"/>
        <line num="23" count="32" type="stmt"/>
        <line num="24" count="213" type="stmt"/>
        <line num="25" count="213" type="cond" truecount="2" falsecount="0"/>
        <line num="26" count="211" type="stmt"/>
        <line num="31" count="2" type="stmt"/>
        <line num="38" count="32" type="stmt"/>
        <line num="39" count="24" type="cond" truecount="2" falsecount="0"/>
        <line num="40" count="1" type="stmt"/>
        <line num="41" count="23" type="stmt"/>
        <line num="48" count="32" type="stmt"/>
        <line num="49" count="319" type="cond" truecount="2" falsecount="0"/>
        <line num="50" count="1" type="stmt"/>
        <line num="51" count="318" type="stmt"/>
        <line num="61" count="32" type="stmt"/>
        <line num="62" count="3204" type="cond" truecount="2" falsecount="0"/>
        <line num="63" count="2501" type="cond" truecount="2" falsecount="0"/>
        <line num="64" count="2473" type="cond" truecount="2" falsecount="0"/>
        <line num="65" count="2395" type="cond" truecount="2" falsecount="0"/>
        <line num="67" count="79" type="stmt"/>
        <line num="68" count="2316" type="cond" truecount="2" falsecount="0"/>
        <line num="69" count="11" type="cond" truecount="2" falsecount="0"/>
        <line num="70" count="9" type="stmt"/>
        <line num="72" count="2305" type="cond" truecount="2" falsecount="0"/>
        <line num="73" count="30" type="stmt"/>
        <line num="74" count="30" type="stmt"/>
        <line num="75" count="118" type="stmt"/>
        <line num="77" count="30" type="stmt"/>
        <line num="79" count="2275" type="stmt"/>
        <line num="87" count="32" type="stmt"/>
        <line num="88" count="14" type="stmt"/>
        <line num="89" count="14" type="stmt"/>
        <line num="90" count="55" type="cond" truecount="2" falsecount="0"/>
        <line num="91" count="44" type="stmt"/>
        <line num="92" count="55" type="cond" truecount="2" falsecount="0"/>
        <line num="93" count="8" type="stmt"/>
        <line num="94" count="55" type="cond" truecount="2" falsecount="0"/>
        <line num="95" count="3" type="stmt"/>
        <line num="97" count="14" type="stmt"/>
        <line num="100" count="32" type="stmt"/>
      </file>
      <file name="visit.js" path="/Users/tnorlund/Blog-backend/code/nodejs/entities/visit.js">
        <metrics statements="36" coveredstatements="35" conditionals="35" coveredconditionals="34" methods="9" coveredmethods="9"/>
        <line num="1" count="31" type="stmt"/>
        <line num="9" count="27" type="cond" truecount="2" falsecount="0"/>
        <line num="10" count="1" type="stmt"/>
        <line num="11" count="26" type="cond" truecount="2" falsecount="0"/>
        <line num="12" count="26" type="cond" truecount="2" falsecount="0"/>
        <line num="13" count="1" type="stmt"/>
        <line num="14" count="25" type="stmt"/>
        <line num="15" count="25" type="cond" truecount="2" falsecount="0"/>
        <line num="16" count="1" type="stmt"/>
        <line num="17" count="24" type="cond" truecount="1" falsecount="1"/>
        <line num="18" count="0" type="stmt"/>
        <line num="19" count="24" type="stmt"/>
        <line num="20" count="24" type="cond" truecount="2" falsecount="0"/>
        <line num="21" count="1" type="stmt"/>
        <line num="22" count="23" type="stmt"/>
        <line num="23" count="23" type="cond" truecount="2" falsecount="0"/>
        <line num="24" count="1" type="stmt"/>
        <line num="25" count="22" type="stmt"/>
        <line num="26" count="22" type="cond" truecount="2" falsecount="0"/>
        <line num="27" count="1" type="stmt"/>
        <line num="28" count="21" type="cond" truecount="2" falsecount="0"/>
        <line num="30" count="21" type="cond" truecount="2" falsecount="0"/>
        <line num="32" count="21" type="stmt"/>
        <line num="33" count="21" type="stmt"/>
        <line num="34" count="21" type="stmt"/>
        <line num="35" count="21" type="stmt"/>
        <line num="42" count="1" type="stmt"/>
        <line num="49" count="16" type="stmt"/>
        <line num="61" count="1" type="stmt"/>
        <line num="68" count="13" type="stmt"/>
        <line num="78" count="1" type="stmt"/>
        <line num="87" count="13" type="stmt"/>
        <line num="99" count="12" type="stmt"/>
        <line num="121" count="31" type="stmt"/>
        <line num="122" count="3" type="stmt"/>
        <line num="139" count="31" type="stmt"/>
      </file>
      <file name="visitor.js" path="/Users/tnorlund/Blog-backend/code/nodejs/entities/visitor.js">
        <metrics statements="14" coveredstatements="14" conditionals="7" coveredconditionals="7" methods="5" coveredmethods="5"/>
        <line num="12" count="18" type="cond" truecount="2" falsecount="0"/>
        <line num="13" count="1" type="stmt"/>
        <line num="14" count="17" type="stmt"/>
        <line num="15" count="17" type="cond" truecount="2" falsecount="0"/>
        <line num="16" count="1" type="stmt"/>
        <line num="17" count="16" type="cond" truecount="2" falsecount="0"/>
        <line num="18" count="1" type="stmt"/>
        <line num="19" count="15" type="stmt"/>
        <line num="26" count="4" type="stmt"/>
        <line num="35" count="30" type="stmt"/>
        <line num="45" count="13" type="stmt"/>
        <line num="58" count="31" type="stmt"/>
        <line num="59" count="5" type="stmt"/>
        <line num="65" count="31" type="stmt"/>
      </file>
      <file name="vote.js" path="/Users/tnorlund/Blog-backend/code/nodejs/entities/vote.js">
        <metrics statements="42" coveredstatements="42" conditionals="28" coveredconditionals="28" methods="11" coveredmethods="11"/>
        <line num="1" count="31" type="stmt"/>
        <line num="12" count="70" type="cond" truecount="2" falsecount="0"/>
        <line num="13" count="1" type="stmt"/>
        <line num="14" count="69" type="cond" truecount="2" falsecount="0"/>
        <line num="15" count="2" type="stmt"/>
        <line num="16" count="67" type="stmt"/>
        <line num="17" count="67" type="cond" truecount="2" falsecount="0"/>
        <line num="18" count="1" type="stmt"/>
        <line num="19" count="66" type="stmt"/>
        <line num="20" count="66" type="cond" truecount="2" falsecount="0"/>
        <line num="21" count="1" type="stmt"/>
        <line num="22" count="65" type="stmt"/>
        <line num="23" count="65" type="cond" truecount="2" falsecount="0"/>
        <line num="24" count="1" type="stmt"/>
        <line num="25" count="64" type="cond" truecount="2" falsecount="0"/>
        <line num="26" count="1" type="stmt"/>
        <line num="27" count="63" type="cond" truecount="2" falsecount="0"/>
        <line num="28" count="1" type="stmt"/>
        <line num="29" count="62" type="stmt"/>
        <line num="30" count="62" type="cond" truecount="2" falsecount="0"/>
        <line num="31" count="1" type="stmt"/>
        <line num="34" count="61" type="stmt"/>
        <line num="35" count="61" type="cond" truecount="2" falsecount="0"/>
        <line num="37" count="61" type="cond" truecount="2" falsecount="0"/>
        <line num="38" count="1" type="stmt"/>
        <line num="39" count="60" type="cond" truecount="2" falsecount="0"/>
        <line num="40" count="1" type="stmt"/>
        <line num="41" count="59" type="stmt"/>
        <line num="42" count="71" type="cond" truecount="2" falsecount="0"/>
        <line num="43" count="25" type="cond" truecount="2" falsecount="0"/>
        <line num="44" count="1" type="stmt"/>
        <line num="54" count="1" type="stmt"/>
        <line num="63" count="37" type="stmt"/>
        <line num="72" count="1" type="stmt"/>
        <line num="78" count="29" type="stmt"/>
        <line num="82" count="35" type="stmt"/>
        <line num="92" count="28" type="stmt"/>
        <line num="111" count="31" type="stmt"/>
        <line num="112" count="16" type="stmt"/>
        <line num="120" count="16" type="stmt"/>
        <line num="124" count="22" type="stmt"/>
        <line num="129" count="31" type="stmt"/>
      </file>
      <file name="week.js" path="/Users/tnorlund/Blog-backend/code/nodejs/entities/week.js">
        <metrics statements="45" coveredstatements="45" conditionals="26" coveredconditionals="26" methods="7" coveredmethods="7"/>
        <line num="3" count="31" type="stmt"/>
        <line num="14" count="24" type="cond" truecount="2" falsecount="0"/>
        <line num="15" count="1" type="stmt"/>
        <line num="16" count="23" type="stmt"/>
        <line num="17" count="23" type="cond" truecount="2" falsecount="0"/>
        <line num="18" count="1" type="stmt"/>
        <line num="19" count="22" type="stmt"/>
        <line num="20" count="22" type="cond" truecount="2" falsecount="0"/>
        <line num="21" count="1" type="stmt"/>
        <line num="22" count="21" type="stmt"/>
        <line num="23" count="21" type="cond" truecount="2" falsecount="0"/>
        <line num="24" count="1" type="stmt"/>
        <line num="25" count="20" type="stmt"/>
        <line num="26" count="20" type="stmt"/>
        <line num="27" count="20" type="cond" truecount="2" falsecount="0"/>
        <line num="28" count="1" type="stmt"/>
        <line num="29" count="19" type="cond" truecount="2" falsecount="0"/>
        <line num="30" count="1" type="stmt"/>
        <line num="31" count="18" type="cond" truecount="2" falsecount="0"/>
        <line num="32" count="1" type="stmt"/>
        <line num="33" count="17" type="stmt"/>
        <line num="34" count="17" type="cond" truecount="2" falsecount="0"/>
        <line num="35" count="1" type="stmt"/>
        <line num="36" count="16" type="cond" truecount="2" falsecount="0"/>
        <line num="37" count="1" type="stmt"/>
        <line num="38" count="15" type="cond" truecount="2" falsecount="0"/>
        <line num="39" count="1" type="stmt"/>
        <line num="40" count="14" type="stmt"/>
        <line num="41" count="14" type="cond" truecount="2" falsecount="0"/>
        <line num="42" count="1" type="stmt"/>
        <line num="43" count="13" type="cond" truecount="2" falsecount="0"/>
        <line num="44" count="1" type="stmt"/>
        <line num="45" count="12" type="cond" truecount="2" falsecount="0"/>
        <line num="46" count="1" type="stmt"/>
        <line num="47" count="11" type="stmt"/>
        <line num="48" count="11" type="stmt"/>
        <line num="49" count="11" type="stmt"/>
        <line num="56" count="1" type="stmt"/>
        <line num="63" count="3" type="stmt"/>
        <line num="74" count="1" type="stmt"/>
        <line num="81" count="3" type="stmt"/>
        <line num="92" count="2" type="stmt"/>
        <line num="107" count="31" type="stmt"/>
        <line num="108" count="1" type="stmt"/>
        <line num="120" count="31" type="stmt"/>
      </file>
      <file name="year.js" path="/Users/tnorlund/Blog-backend/code/nodejs/entities/year.js">
        <metrics statements="41" coveredstatements="41" conditionals="24" coveredconditionals="24" methods="7" coveredmethods="7"/>
        <line num="3" count="31" type="stmt"/>
        <line num="14" count="24" type="cond" truecount="2" falsecount="0"/>
        <line num="15" count="1" type="stmt"/>
        <line num="16" count="23" type="stmt"/>
        <line num="17" count="23" type="cond" truecount="2" falsecount="0"/>
        <line num="18" count="1" type="stmt"/>
        <line num="19" count="22" type="stmt"/>
        <line num="20" count="22" type="cond" truecount="2" falsecount="0"/>
        <line num="21" count="2" type="stmt"/>
        <line num="22" count="20" type="stmt"/>
        <line num="23" count="20" type="cond" truecount="2" falsecount="0"/>
        <line num="24" count="1" type="stmt"/>
        <line num="25" count="19" type="cond" truecount="2" falsecount="0"/>
        <line num="26" count="1" type="stmt"/>
        <line num="27" count="18" type="cond" truecount="2" falsecount="0"/>
        <line num="28" count="1" type="stmt"/>
        <line num="29" count="17" type="stmt"/>
        <line num="30" count="17" type="cond" truecount="2" falsecount="0"/>
        <line num="31" count="1" type="stmt"/>
        <line num="32" count="16" type="cond" truecount="2" falsecount="0"/>
        <line num="33" count="1" type="stmt"/>
        <line num="34" count="15" type="cond" truecount="2" falsecount="0"/>
        <line num="35" count="1" type="stmt"/>
        <line num="36" count="14" type="stmt"/>
        <line num="37" count="14" type="cond" truecount="2" falsecount="0"/>
        <line num="38" count="1" type="stmt"/>
        <line num="39" count="13" type="cond" truecount="2" falsecount="0"/>
        <line num="40" count="1" type="stmt"/>
        <line num="41" count="12" type="cond" truecount="2" falsecount="0"/>
        <line num="42" count="1" type="stmt"/>
        <line num="43" count="11" type="stmt"/>
        <line num="44" count="11" type="stmt"/>
        <line num="45" count="11" type="stmt"/>
        <line num="52" count="1" type="stmt"/>
        <line num="59" count="3" type="stmt"/>
        <line num="70" count="1" type="stmt"/>
        <line num="77" count="3" type="stmt"/>
        <line num="88" count="2" type="stmt"/>
        <line num="103" count="31" type="stmt"/>
        <line num="104" count="1" type="stmt"/>
        <line num="116" count="31" type="stmt"/>
      </file>
    </package>
  </project>
</coverage>
