{"/Users/tnorlund/Blog-backend/code/nodejs/data/blog.js": {"path":"/Users/tnorlund/Blog-backend/code/nodejs/data/blog.js","statementMap":{"0":{"start":{"line":1,"column":12},"end":{"line":1,"column":32}},"1":{"start":{"line":2,"column":17},"end":{"line":2,"column":35}},"2":{"start":{"line":3,"column":31},"end":{"line":3,"column":55}},"3":{"start":{"line":11,"column":16},"end":{"line":31,"column":1}},"4":{"start":{"line":12,"column":2},"end":{"line":13,"column":65}},"5":{"start":{"line":13,"column":4},"end":{"line":13,"column":65}},"6":{"start":{"line":14,"column":2},"end":{"line":15,"column":39}},"7":{"start":{"line":15,"column":4},"end":{"line":15,"column":39}},"8":{"start":{"line":16,"column":2},"end":{"line":30,"column":3}},"9":{"start":{"line":17,"column":4},"end":{"line":21,"column":17}},"10":{"start":{"line":22,"column":4},"end":{"line":22,"column":28}},"11":{"start":{"line":24,"column":23},"end":{"line":24,"column":46}},"12":{"start":{"line":25,"column":4},"end":{"line":26,"column":42}},"13":{"start":{"line":26,"column":6},"end":{"line":26,"column":42}},"14":{"start":{"line":27,"column":4},"end":{"line":28,"column":43}},"15":{"start":{"line":28,"column":6},"end":{"line":28,"column":43}},"16":{"start":{"line":29,"column":4},"end":{"line":29,"column":34}},"17":{"start":{"line":37,"column":16},"end":{"line":54,"column":1}},"18":{"start":{"line":38,"column":2},"end":{"line":39,"column":65}},"19":{"start":{"line":39,"column":4},"end":{"line":39,"column":65}},"20":{"start":{"line":40,"column":15},"end":{"line":40,"column":29}},"21":{"start":{"line":41,"column":2},"end":{"line":53,"column":3}},"22":{"start":{"line":42,"column":19},"end":{"line":45,"column":17}},"23":{"start":{"line":46,"column":4},"end":{"line":46,"column":63}},"24":{"start":{"line":46,"column":24},"end":{"line":46,"column":63}},"25":{"start":{"line":47,"column":4},"end":{"line":47,"column":48}},"26":{"start":{"line":49,"column":23},"end":{"line":49,"column":48}},"27":{"start":{"line":50,"column":4},"end":{"line":51,"column":43}},"28":{"start":{"line":51,"column":6},"end":{"line":51,"column":43}},"29":{"start":{"line":52,"column":4},"end":{"line":52,"column":34}},"30":{"start":{"line":62,"column":19},"end":{"line":97,"column":1}},"31":{"start":{"line":63,"column":2},"end":{"line":64,"column":65}},"32":{"start":{"line":64,"column":4},"end":{"line":64,"column":65}},"33":{"start":{"line":65,"column":2},"end":{"line":66,"column":39}},"34":{"start":{"line":66,"column":4},"end":{"line":66,"column":39}},"35":{"start":{"line":67,"column":2},"end":{"line":96,"column":3}},"36":{"start":{"line":68,"column":19},"end":{"line":85,"column":17}},"37":{"start":{"line":86,"column":4},"end":{"line":88,"column":5}},"38":{"start":{"line":90,"column":23},"end":{"line":90,"column":50}},"39":{"start":{"line":91,"column":4},"end":{"line":92,"column":42}},"40":{"start":{"line":92,"column":6},"end":{"line":92,"column":42}},"41":{"start":{"line":93,"column":4},"end":{"line":94,"column":43}},"42":{"start":{"line":94,"column":6},"end":{"line":94,"column":43}},"43":{"start":{"line":95,"column":4},"end":{"line":95,"column":34}},"44":{"start":{"line":104,"column":18},"end":{"line":138,"column":1}},"45":{"start":{"line":105,"column":2},"end":{"line":106,"column":65}},"46":{"start":{"line":106,"column":4},"end":{"line":106,"column":65}},"47":{"start":{"line":107,"column":15},"end":{"line":107,"column":29}},"48":{"start":{"line":108,"column":2},"end":{"line":137,"column":3}},"49":{"start":{"line":109,"column":19},"end":{"line":126,"column":17}},"50":{"start":{"line":127,"column":4},"end":{"line":129,"column":5}},"51":{"start":{"line":131,"column":23},"end":{"line":131,"column":49}},"52":{"start":{"line":132,"column":4},"end":{"line":133,"column":42}},"53":{"start":{"line":133,"column":6},"end":{"line":133,"column":42}},"54":{"start":{"line":134,"column":4},"end":{"line":135,"column":43}},"55":{"start":{"line":135,"column":6},"end":{"line":135,"column":43}},"56":{"start":{"line":136,"column":4},"end":{"line":136,"column":34}},"57":{"start":{"line":144,"column":33},"end":{"line":167,"column":1}},"58":{"start":{"line":145,"column":2},"end":{"line":146,"column":65}},"59":{"start":{"line":146,"column":4},"end":{"line":146,"column":65}},"60":{"start":{"line":147,"column":13},"end":{"line":147,"column":27}},"61":{"start":{"line":148,"column":2},"end":{"line":166,"column":3}},"62":{"start":{"line":149,"column":21},"end":{"line":157,"column":17}},"63":{"start":{"line":158,"column":4},"end":{"line":158,"column":58}},"64":{"start":{"line":160,"column":23},"end":{"line":160,"column":65}},"65":{"start":{"line":161,"column":4},"end":{"line":162,"column":42}},"66":{"start":{"line":162,"column":6},"end":{"line":162,"column":42}},"67":{"start":{"line":163,"column":4},"end":{"line":164,"column":43}},"68":{"start":{"line":164,"column":6},"end":{"line":164,"column":43}},"69":{"start":{"line":165,"column":4},"end":{"line":165,"column":36}},"70":{"start":{"line":173,"column":33},"end":{"line":196,"column":1}},"71":{"start":{"line":174,"column":2},"end":{"line":175,"column":65}},"72":{"start":{"line":175,"column":4},"end":{"line":175,"column":65}},"73":{"start":{"line":176,"column":13},"end":{"line":176,"column":27}},"74":{"start":{"line":177,"column":2},"end":{"line":195,"column":3}},"75":{"start":{"line":178,"column":21},"end":{"line":186,"column":17}},"76":{"start":{"line":187,"column":4},"end":{"line":187,"column":58}},"77":{"start":{"line":189,"column":23},"end":{"line":189,"column":65}},"78":{"start":{"line":190,"column":4},"end":{"line":191,"column":42}},"79":{"start":{"line":191,"column":6},"end":{"line":191,"column":42}},"80":{"start":{"line":192,"column":4},"end":{"line":193,"column":43}},"81":{"start":{"line":193,"column":6},"end":{"line":193,"column":43}},"82":{"start":{"line":194,"column":4},"end":{"line":194,"column":36}},"83":{"start":{"line":202,"column":33},"end":{"line":225,"column":1}},"84":{"start":{"line":203,"column":2},"end":{"line":204,"column":65}},"85":{"start":{"line":204,"column":4},"end":{"line":204,"column":65}},"86":{"start":{"line":205,"column":13},"end":{"line":205,"column":27}},"87":{"start":{"line":206,"column":2},"end":{"line":224,"column":3}},"88":{"start":{"line":207,"column":21},"end":{"line":215,"column":17}},"89":{"start":{"line":216,"column":4},"end":{"line":216,"column":58}},"90":{"start":{"line":218,"column":23},"end":{"line":218,"column":65}},"91":{"start":{"line":219,"column":4},"end":{"line":220,"column":42}},"92":{"start":{"line":220,"column":6},"end":{"line":220,"column":42}},"93":{"start":{"line":221,"column":4},"end":{"line":222,"column":43}},"94":{"start":{"line":222,"column":6},"end":{"line":222,"column":43}},"95":{"start":{"line":223,"column":4},"end":{"line":223,"column":36}},"96":{"start":{"line":231,"column":33},"end":{"line":254,"column":1}},"97":{"start":{"line":232,"column":2},"end":{"line":233,"column":65}},"98":{"start":{"line":233,"column":4},"end":{"line":233,"column":65}},"99":{"start":{"line":234,"column":13},"end":{"line":234,"column":27}},"100":{"start":{"line":235,"column":2},"end":{"line":253,"column":3}},"101":{"start":{"line":236,"column":21},"end":{"line":244,"column":17}},"102":{"start":{"line":245,"column":4},"end":{"line":245,"column":58}},"103":{"start":{"line":247,"column":23},"end":{"line":247,"column":65}},"104":{"start":{"line":248,"column":4},"end":{"line":249,"column":42}},"105":{"start":{"line":249,"column":6},"end":{"line":249,"column":42}},"106":{"start":{"line":250,"column":4},"end":{"line":251,"column":43}},"107":{"start":{"line":251,"column":6},"end":{"line":251,"column":43}},"108":{"start":{"line":252,"column":4},"end":{"line":252,"column":36}},"109":{"start":{"line":260,"column":36},"end":{"line":283,"column":1}},"110":{"start":{"line":261,"column":2},"end":{"line":262,"column":65}},"111":{"start":{"line":262,"column":4},"end":{"line":262,"column":65}},"112":{"start":{"line":263,"column":13},"end":{"line":263,"column":27}},"113":{"start":{"line":264,"column":2},"end":{"line":282,"column":3}},"114":{"start":{"line":265,"column":21},"end":{"line":273,"column":17}},"115":{"start":{"line":274,"column":4},"end":{"line":274,"column":58}},"116":{"start":{"line":276,"column":23},"end":{"line":276,"column":68}},"117":{"start":{"line":277,"column":4},"end":{"line":278,"column":42}},"118":{"start":{"line":278,"column":6},"end":{"line":278,"column":42}},"119":{"start":{"line":279,"column":4},"end":{"line":280,"column":43}},"120":{"start":{"line":280,"column":6},"end":{"line":280,"column":43}},"121":{"start":{"line":281,"column":4},"end":{"line":281,"column":36}},"122":{"start":{"line":289,"column":36},"end":{"line":312,"column":1}},"123":{"start":{"line":290,"column":2},"end":{"line":291,"column":65}},"124":{"start":{"line":291,"column":4},"end":{"line":291,"column":65}},"125":{"start":{"line":292,"column":13},"end":{"line":292,"column":27}},"126":{"start":{"line":293,"column":2},"end":{"line":311,"column":3}},"127":{"start":{"line":294,"column":21},"end":{"line":302,"column":17}},"128":{"start":{"line":303,"column":4},"end":{"line":303,"column":58}},"129":{"start":{"line":305,"column":23},"end":{"line":305,"column":68}},"130":{"start":{"line":306,"column":4},"end":{"line":307,"column":42}},"131":{"start":{"line":307,"column":6},"end":{"line":307,"column":42}},"132":{"start":{"line":308,"column":4},"end":{"line":309,"column":43}},"133":{"start":{"line":309,"column":6},"end":{"line":309,"column":43}},"134":{"start":{"line":310,"column":4},"end":{"line":310,"column":36}},"135":{"start":{"line":314,"column":0},"end":{"line":319,"column":1}}},"fnMap":{"0":{"name":"(anonymous_0)","decl":{"start":{"line":11,"column":16},"end":{"line":11,"column":17}},"loc":{"start":{"line":11,"column":45},"end":{"line":31,"column":1}},"line":11},"1":{"name":"(anonymous_1)","decl":{"start":{"line":37,"column":16},"end":{"line":37,"column":17}},"loc":{"start":{"line":37,"column":39},"end":{"line":54,"column":1}},"line":37},"2":{"name":"(anonymous_2)","decl":{"start":{"line":62,"column":19},"end":{"line":62,"column":20}},"loc":{"start":{"line":62,"column":48},"end":{"line":97,"column":1}},"line":62},"3":{"name":"(anonymous_3)","decl":{"start":{"line":104,"column":18},"end":{"line":104,"column":19}},"loc":{"start":{"line":104,"column":41},"end":{"line":138,"column":1}},"line":104},"4":{"name":"(anonymous_4)","decl":{"start":{"line":144,"column":33},"end":{"line":144,"column":34}},"loc":{"start":{"line":144,"column":56},"end":{"line":167,"column":1}},"line":144},"5":{"name":"(anonymous_5)","decl":{"start":{"line":173,"column":33},"end":{"line":173,"column":34}},"loc":{"start":{"line":173,"column":56},"end":{"line":196,"column":1}},"line":173},"6":{"name":"(anonymous_6)","decl":{"start":{"line":202,"column":33},"end":{"line":202,"column":34}},"loc":{"start":{"line":202,"column":56},"end":{"line":225,"column":1}},"line":202},"7":{"name":"(anonymous_7)","decl":{"start":{"line":231,"column":33},"end":{"line":231,"column":34}},"loc":{"start":{"line":231,"column":56},"end":{"line":254,"column":1}},"line":231},"8":{"name":"(anonymous_8)","decl":{"start":{"line":260,"column":36},"end":{"line":260,"column":37}},"loc":{"start":{"line":260,"column":59},"end":{"line":283,"column":1}},"line":260},"9":{"name":"(anonymous_9)","decl":{"start":{"line":289,"column":36},"end":{"line":289,"column":37}},"loc":{"start":{"line":289,"column":59},"end":{"line":312,"column":1}},"line":289}},"branchMap":{"0":{"loc":{"start":{"line":12,"column":2},"end":{"line":13,"column":65}},"type":"if","locations":[{"start":{"line":12,"column":2},"end":{"line":13,"column":65}},{"start":{"line":12,"column":2},"end":{"line":13,"column":65}}],"line":12},"1":{"loc":{"start":{"line":14,"column":2},"end":{"line":15,"column":39}},"type":"if","locations":[{"start":{"line":14,"column":2},"end":{"line":15,"column":39}},{"start":{"line":14,"column":2},"end":{"line":15,"column":39}}],"line":14},"2":{"loc":{"start":{"line":25,"column":4},"end":{"line":26,"column":42}},"type":"if","locations":[{"start":{"line":25,"column":4},"end":{"line":26,"column":42}},{"start":{"line":25,"column":4},"end":{"line":26,"column":42}}],"line":25},"3":{"loc":{"start":{"line":27,"column":4},"end":{"line":28,"column":43}},"type":"if","locations":[{"start":{"line":27,"column":4},"end":{"line":28,"column":43}},{"start":{"line":27,"column":4},"end":{"line":28,"column":43}}],"line":27},"4":{"loc":{"start":{"line":38,"column":2},"end":{"line":39,"column":65}},"type":"if","locations":[{"start":{"line":38,"column":2},"end":{"line":39,"column":65}},{"start":{"line":38,"column":2},"end":{"line":39,"column":65}}],"line":38},"5":{"loc":{"start":{"line":46,"column":4},"end":{"line":46,"column":63}},"type":"if","locations":[{"start":{"line":46,"column":4},"end":{"line":46,"column":63}},{"start":{"line":46,"column":4},"end":{"line":46,"column":63}}],"line":46},"6":{"loc":{"start":{"line":50,"column":4},"end":{"line":51,"column":43}},"type":"if","locations":[{"start":{"line":50,"column":4},"end":{"line":51,"column":43}},{"start":{"line":50,"column":4},"end":{"line":51,"column":43}}],"line":50},"7":{"loc":{"start":{"line":63,"column":2},"end":{"line":64,"column":65}},"type":"if","locations":[{"start":{"line":63,"column":2},"end":{"line":64,"column":65}},{"start":{"line":63,"column":2},"end":{"line":64,"column":65}}],"line":63},"8":{"loc":{"start":{"line":65,"column":2},"end":{"line":66,"column":39}},"type":"if","locations":[{"start":{"line":65,"column":2},"end":{"line":66,"column":39}},{"start":{"line":65,"column":2},"end":{"line":66,"column":39}}],"line":65},"9":{"loc":{"start":{"line":91,"column":4},"end":{"line":92,"column":42}},"type":"if","locations":[{"start":{"line":91,"column":4},"end":{"line":92,"column":42}},{"start":{"line":91,"column":4},"end":{"line":92,"column":42}}],"line":91},"10":{"loc":{"start":{"line":93,"column":4},"end":{"line":94,"column":43}},"type":"if","locations":[{"start":{"line":93,"column":4},"end":{"line":94,"column":43}},{"start":{"line":93,"column":4},"end":{"line":94,"column":43}}],"line":93},"11":{"loc":{"start":{"line":105,"column":2},"end":{"line":106,"column":65}},"type":"if","locations":[{"start":{"line":105,"column":2},"end":{"line":106,"column":65}},{"start":{"line":105,"column":2},"end":{"line":106,"column":65}}],"line":105},"12":{"loc":{"start":{"line":132,"column":4},"end":{"line":133,"column":42}},"type":"if","locations":[{"start":{"line":132,"column":4},"end":{"line":133,"column":42}},{"start":{"line":132,"column":4},"end":{"line":133,"column":42}}],"line":132},"13":{"loc":{"start":{"line":134,"column":4},"end":{"line":135,"column":43}},"type":"if","locations":[{"start":{"line":134,"column":4},"end":{"line":135,"column":43}},{"start":{"line":134,"column":4},"end":{"line":135,"column":43}}],"line":134},"14":{"loc":{"start":{"line":145,"column":2},"end":{"line":146,"column":65}},"type":"if","locations":[{"start":{"line":145,"column":2},"end":{"line":146,"column":65}},{"start":{"line":145,"column":2},"end":{"line":146,"column":65}}],"line":145},"15":{"loc":{"start":{"line":161,"column":4},"end":{"line":162,"column":42}},"type":"if","locations":[{"start":{"line":161,"column":4},"end":{"line":162,"column":42}},{"start":{"line":161,"column":4},"end":{"line":162,"column":42}}],"line":161},"16":{"loc":{"start":{"line":163,"column":4},"end":{"line":164,"column":43}},"type":"if","locations":[{"start":{"line":163,"column":4},"end":{"line":164,"column":43}},{"start":{"line":163,"column":4},"end":{"line":164,"column":43}}],"line":163},"17":{"loc":{"start":{"line":174,"column":2},"end":{"line":175,"column":65}},"type":"if","locations":[{"start":{"line":174,"column":2},"end":{"line":175,"column":65}},{"start":{"line":174,"column":2},"end":{"line":175,"column":65}}],"line":174},"18":{"loc":{"start":{"line":190,"column":4},"end":{"line":191,"column":42}},"type":"if","locations":[{"start":{"line":190,"column":4},"end":{"line":191,"column":42}},{"start":{"line":190,"column":4},"end":{"line":191,"column":42}}],"line":190},"19":{"loc":{"start":{"line":192,"column":4},"end":{"line":193,"column":43}},"type":"if","locations":[{"start":{"line":192,"column":4},"end":{"line":193,"column":43}},{"start":{"line":192,"column":4},"end":{"line":193,"column":43}}],"line":192},"20":{"loc":{"start":{"line":203,"column":2},"end":{"line":204,"column":65}},"type":"if","locations":[{"start":{"line":203,"column":2},"end":{"line":204,"column":65}},{"start":{"line":203,"column":2},"end":{"line":204,"column":65}}],"line":203},"21":{"loc":{"start":{"line":219,"column":4},"end":{"line":220,"column":42}},"type":"if","locations":[{"start":{"line":219,"column":4},"end":{"line":220,"column":42}},{"start":{"line":219,"column":4},"end":{"line":220,"column":42}}],"line":219},"22":{"loc":{"start":{"line":221,"column":4},"end":{"line":222,"column":43}},"type":"if","locations":[{"start":{"line":221,"column":4},"end":{"line":222,"column":43}},{"start":{"line":221,"column":4},"end":{"line":222,"column":43}}],"line":221},"23":{"loc":{"start":{"line":232,"column":2},"end":{"line":233,"column":65}},"type":"if","locations":[{"start":{"line":232,"column":2},"end":{"line":233,"column":65}},{"start":{"line":232,"column":2},"end":{"line":233,"column":65}}],"line":232},"24":{"loc":{"start":{"line":248,"column":4},"end":{"line":249,"column":42}},"type":"if","locations":[{"start":{"line":248,"column":4},"end":{"line":249,"column":42}},{"start":{"line":248,"column":4},"end":{"line":249,"column":42}}],"line":248},"25":{"loc":{"start":{"line":250,"column":4},"end":{"line":251,"column":43}},"type":"if","locations":[{"start":{"line":250,"column":4},"end":{"line":251,"column":43}},{"start":{"line":250,"column":4},"end":{"line":251,"column":43}}],"line":250},"26":{"loc":{"start":{"line":261,"column":2},"end":{"line":262,"column":65}},"type":"if","locations":[{"start":{"line":261,"column":2},"end":{"line":262,"column":65}},{"start":{"line":261,"column":2},"end":{"line":262,"column":65}}],"line":261},"27":{"loc":{"start":{"line":277,"column":4},"end":{"line":278,"column":42}},"type":"if","locations":[{"start":{"line":277,"column":4},"end":{"line":278,"column":42}},{"start":{"line":277,"column":4},"end":{"line":278,"column":42}}],"line":277},"28":{"loc":{"start":{"line":279,"column":4},"end":{"line":280,"column":43}},"type":"if","locations":[{"start":{"line":279,"column":4},"end":{"line":280,"column":43}},{"start":{"line":279,"column":4},"end":{"line":280,"column":43}}],"line":279},"29":{"loc":{"start":{"line":290,"column":2},"end":{"line":291,"column":65}},"type":"if","locations":[{"start":{"line":290,"column":2},"end":{"line":291,"column":65}},{"start":{"line":290,"column":2},"end":{"line":291,"column":65}}],"line":290},"30":{"loc":{"start":{"line":306,"column":4},"end":{"line":307,"column":42}},"type":"if","locations":[{"start":{"line":306,"column":4},"end":{"line":307,"column":42}},{"start":{"line":306,"column":4},"end":{"line":307,"column":42}}],"line":306},"31":{"loc":{"start":{"line":308,"column":4},"end":{"line":309,"column":43}},"type":"if","locations":[{"start":{"line":308,"column":4},"end":{"line":309,"column":43}},{"start":{"line":308,"column":4},"end":{"line":309,"column":43}}],"line":308}},"s":{"0":14,"1":14,"2":14,"3":14,"4":71,"5":1,"6":70,"7":1,"8":69,"9":69,"10":67,"11":2,"12":2,"13":1,"14":2,"15":1,"16":2,"17":14,"18":4,"19":1,"20":3,"21":3,"22":3,"23":2,"24":1,"25":1,"26":1,"27":1,"28":1,"29":1,"30":14,"31":5,"32":1,"33":4,"34":1,"35":3,"36":3,"37":1,"38":2,"39":2,"40":1,"41":2,"42":1,"43":2,"44":14,"45":4,"46":1,"47":3,"48":3,"49":3,"50":1,"51":2,"52":2,"53":1,"54":2,"55":1,"56":2,"57":14,"58":48,"59":1,"60":47,"61":47,"62":47,"63":44,"64":3,"65":3,"66":1,"67":3,"68":2,"69":3,"70":14,"71":4,"72":1,"73":3,"74":3,"75":3,"76":1,"77":2,"78":2,"79":1,"80":2,"81":1,"82":2,"83":14,"84":4,"85":1,"86":3,"87":3,"88":3,"89":1,"90":2,"91":2,"92":1,"93":2,"94":1,"95":2,"96":14,"97":4,"98":1,"99":3,"100":3,"101":3,"102":1,"103":2,"104":2,"105":1,"106":2,"107":1,"108":2,"109":14,"110":4,"111":1,"112":3,"113":3,"114":3,"115":1,"116":2,"117":2,"118":1,"119":2,"120":1,"121":2,"122":14,"123":4,"124":1,"125":3,"126":3,"127":3,"128":1,"129":2,"130":2,"131":1,"132":2,"133":1,"134":2,"135":14},"f":{"0":71,"1":4,"2":5,"3":4,"4":48,"5":4,"6":4,"7":4,"8":4,"9":4},"b":{"0":[1,70],"1":[1,69],"2":[1,1],"3":[1,1],"4":[1,3],"5":[1,1],"6":[1,0],"7":[1,4],"8":[1,3],"9":[1,1],"10":[1,1],"11":[1,3],"12":[1,1],"13":[1,1],"14":[1,47],"15":[1,2],"16":[2,1],"17":[1,3],"18":[1,1],"19":[1,1],"20":[1,3],"21":[1,1],"22":[1,1],"23":[1,3],"24":[1,1],"25":[1,1],"26":[1,3],"27":[1,1],"28":[1,1],"29":[1,3],"30":[1,1],"31":[1,1]},"_coverageSchema":"1a1c01bbd47fc00a2c39e90264f33305004495a9","hash":"b205dce43420625019f85e6e0afa09df663e188c"}
,"/Users/tnorlund/Blog-backend/code/nodejs/data/browser.js": {"path":"/Users/tnorlund/Blog-backend/code/nodejs/data/browser.js","statementMap":{"0":{"start":{"line":1,"column":12},"end":{"line":1,"column":32}},"1":{"start":{"line":2,"column":28},"end":{"line":2,"column":52}},"2":{"start":{"line":3,"column":17},"end":{"line":3,"column":35}},"3":{"start":{"line":12,"column":19},"end":{"line":31,"column":1}},"4":{"start":{"line":13,"column":2},"end":{"line":14,"column":65}},"5":{"start":{"line":14,"column":4},"end":{"line":14,"column":65}},"6":{"start":{"line":15,"column":2},"end":{"line":15,"column":77}},"7":{"start":{"line":15,"column":39},"end":{"line":15,"column":77}},"8":{"start":{"line":16,"column":2},"end":{"line":30,"column":3}},"9":{"start":{"line":17,"column":4},"end":{"line":21,"column":17}},"10":{"start":{"line":22,"column":4},"end":{"line":22,"column":22}},"11":{"start":{"line":24,"column":23},"end":{"line":24,"column":46}},"12":{"start":{"line":25,"column":4},"end":{"line":26,"column":45}},"13":{"start":{"line":26,"column":6},"end":{"line":26,"column":45}},"14":{"start":{"line":27,"column":4},"end":{"line":28,"column":43}},"15":{"start":{"line":28,"column":6},"end":{"line":28,"column":43}},"16":{"start":{"line":29,"column":4},"end":{"line":29,"column":34}},"17":{"start":{"line":40,"column":19},"end":{"line":56,"column":1}},"18":{"start":{"line":41,"column":2},"end":{"line":42,"column":65}},"19":{"start":{"line":42,"column":4},"end":{"line":42,"column":65}},"20":{"start":{"line":43,"column":2},"end":{"line":43,"column":77}},"21":{"start":{"line":43,"column":39},"end":{"line":43,"column":77}},"22":{"start":{"line":44,"column":2},"end":{"line":55,"column":3}},"23":{"start":{"line":45,"column":19},"end":{"line":47,"column":17}},"24":{"start":{"line":48,"column":4},"end":{"line":48,"column":66}},"25":{"start":{"line":48,"column":24},"end":{"line":48,"column":66}},"26":{"start":{"line":49,"column":4},"end":{"line":49,"column":54}},"27":{"start":{"line":51,"column":23},"end":{"line":51,"column":51}},"28":{"start":{"line":52,"column":4},"end":{"line":53,"column":43}},"29":{"start":{"line":53,"column":6},"end":{"line":53,"column":43}},"30":{"start":{"line":54,"column":4},"end":{"line":54,"column":34}},"31":{"start":{"line":58,"column":0},"end":{"line":58,"column":43}}},"fnMap":{"0":{"name":"(anonymous_0)","decl":{"start":{"line":12,"column":19},"end":{"line":12,"column":20}},"loc":{"start":{"line":12,"column":51},"end":{"line":31,"column":1}},"line":12},"1":{"name":"(anonymous_1)","decl":{"start":{"line":40,"column":19},"end":{"line":40,"column":20}},"loc":{"start":{"line":40,"column":51},"end":{"line":56,"column":1}},"line":40}},"branchMap":{"0":{"loc":{"start":{"line":13,"column":2},"end":{"line":14,"column":65}},"type":"if","locations":[{"start":{"line":13,"column":2},"end":{"line":14,"column":65}},{"start":{"line":13,"column":2},"end":{"line":14,"column":65}}],"line":13},"1":{"loc":{"start":{"line":15,"column":2},"end":{"line":15,"column":77}},"type":"if","locations":[{"start":{"line":15,"column":2},"end":{"line":15,"column":77}},{"start":{"line":15,"column":2},"end":{"line":15,"column":77}}],"line":15},"2":{"loc":{"start":{"line":25,"column":4},"end":{"line":26,"column":45}},"type":"if","locations":[{"start":{"line":25,"column":4},"end":{"line":26,"column":45}},{"start":{"line":25,"column":4},"end":{"line":26,"column":45}}],"line":25},"3":{"loc":{"start":{"line":27,"column":4},"end":{"line":28,"column":43}},"type":"if","locations":[{"start":{"line":27,"column":4},"end":{"line":28,"column":43}},{"start":{"line":27,"column":4},"end":{"line":28,"column":43}}],"line":27},"4":{"loc":{"start":{"line":41,"column":2},"end":{"line":42,"column":65}},"type":"if","locations":[{"start":{"line":41,"column":2},"end":{"line":42,"column":65}},{"start":{"line":41,"column":2},"end":{"line":42,"column":65}}],"line":41},"5":{"loc":{"start":{"line":43,"column":2},"end":{"line":43,"column":77}},"type":"if","locations":[{"start":{"line":43,"column":2},"end":{"line":43,"column":77}},{"start":{"line":43,"column":2},"end":{"line":43,"column":77}}],"line":43},"6":{"loc":{"start":{"line":48,"column":4},"end":{"line":48,"column":66}},"type":"if","locations":[{"start":{"line":48,"column":4},"end":{"line":48,"column":66}},{"start":{"line":48,"column":4},"end":{"line":48,"column":66}}],"line":48},"7":{"loc":{"start":{"line":52,"column":4},"end":{"line":53,"column":43}},"type":"if","locations":[{"start":{"line":52,"column":4},"end":{"line":53,"column":43}},{"start":{"line":52,"column":4},"end":{"line":53,"column":43}}],"line":52}},"s":{"0":13,"1":13,"2":13,"3":13,"4":8,"5":1,"6":7,"7":1,"8":6,"9":6,"10":4,"11":2,"12":2,"13":1,"14":2,"15":1,"16":2,"17":13,"18":5,"19":1,"20":4,"21":1,"22":3,"23":3,"24":2,"25":1,"26":1,"27":1,"28":1,"29":1,"30":1,"31":13},"f":{"0":8,"1":5},"b":{"0":[1,7],"1":[1,6],"2":[1,1],"3":[1,1],"4":[1,4],"5":[1,3],"6":[1,1],"7":[1,0]},"_coverageSchema":"1a1c01bbd47fc00a2c39e90264f33305004495a9","hash":"76e43ddc0265af365f95810a8c5b89df138692f0"}
,"/Users/tnorlund/Blog-backend/code/nodejs/data/comment.js": {"path":"/Users/tnorlund/Blog-backend/code/nodejs/data/comment.js","statementMap":{"0":{"start":{"line":1,"column":12},"end":{"line":1,"column":32}},"1":{"start":{"line":2,"column":17},"end":{"line":2,"column":35}},"2":{"start":{"line":5,"column":4},"end":{"line":5,"column":23}},"3":{"start":{"line":8,"column":4},"end":{"line":8,"column":24}},"4":{"start":{"line":9,"column":56},"end":{"line":9,"column":75}},"5":{"start":{"line":10,"column":49},"end":{"line":10,"column":73}},"6":{"start":{"line":21,"column":19},"end":{"line":107,"column":1}},"7":{"start":{"line":22,"column":2},"end":{"line":23,"column":61}},"8":{"start":{"line":23,"column":4},"end":{"line":23,"column":61}},"9":{"start":{"line":24,"column":2},"end":{"line":24,"column":71}},"10":{"start":{"line":24,"column":36},"end":{"line":24,"column":71}},"11":{"start":{"line":25,"column":2},"end":{"line":25,"column":71}},"12":{"start":{"line":25,"column":36},"end":{"line":25,"column":71}},"13":{"start":{"line":26,"column":2},"end":{"line":27,"column":58}},"14":{"start":{"line":27,"column":4},"end":{"line":27,"column":58}},"15":{"start":{"line":31,"column":24},"end":{"line":31,"column":76}},"16":{"start":{"line":32,"column":2},"end":{"line":32,"column":49}},"17":{"start":{"line":32,"column":29},"end":{"line":32,"column":49}},"18":{"start":{"line":33,"column":24},"end":{"line":33,"column":76}},"19":{"start":{"line":34,"column":2},"end":{"line":34,"column":49}},"20":{"start":{"line":34,"column":29},"end":{"line":34,"column":49}},"21":{"start":{"line":35,"column":24},"end":{"line":35,"column":73}},"22":{"start":{"line":36,"column":2},"end":{"line":36,"column":49}},"23":{"start":{"line":36,"column":29},"end":{"line":36,"column":49}},"24":{"start":{"line":42,"column":2},"end":{"line":82,"column":3}},"25":{"start":{"line":43,"column":4},"end":{"line":52,"column":7}},"26":{"start":{"line":53,"column":4},"end":{"line":61,"column":7}},"27":{"start":{"line":63,"column":4},"end":{"line":73,"column":7}},"28":{"start":{"line":74,"column":4},"end":{"line":81,"column":7}},"29":{"start":{"line":83,"column":17},"end":{"line":96,"column":3}},"30":{"start":{"line":97,"column":2},"end":{"line":106,"column":3}},"31":{"start":{"line":98,"column":4},"end":{"line":98,"column":62}},"32":{"start":{"line":99,"column":4},"end":{"line":99,"column":28}},"33":{"start":{"line":101,"column":4},"end":{"line":101,"column":39}},"34":{"start":{"line":102,"column":23},"end":{"line":102,"column":54}},"35":{"start":{"line":103,"column":4},"end":{"line":104,"column":50}},"36":{"start":{"line":104,"column":6},"end":{"line":104,"column":50}},"37":{"start":{"line":105,"column":4},"end":{"line":105,"column":34}},"38":{"start":{"line":114,"column":19},"end":{"line":132,"column":1}},"39":{"start":{"line":115,"column":2},"end":{"line":116,"column":61}},"40":{"start":{"line":116,"column":4},"end":{"line":116,"column":61}},"41":{"start":{"line":117,"column":2},"end":{"line":117,"column":77}},"42":{"start":{"line":117,"column":39},"end":{"line":117,"column":77}},"43":{"start":{"line":118,"column":2},"end":{"line":131,"column":3}},"44":{"start":{"line":119,"column":19},"end":{"line":122,"column":17}},"45":{"start":{"line":123,"column":4},"end":{"line":124,"column":59}},"46":{"start":{"line":123,"column":24},"end":{"line":123,"column":66}},"47":{"start":{"line":124,"column":9},"end":{"line":124,"column":59}},"48":{"start":{"line":126,"column":4},"end":{"line":126,"column":39}},"49":{"start":{"line":127,"column":23},"end":{"line":127,"column":46}},"50":{"start":{"line":128,"column":4},"end":{"line":129,"column":43}},"51":{"start":{"line":129,"column":6},"end":{"line":129,"column":43}},"52":{"start":{"line":130,"column":4},"end":{"line":130,"column":34}},"53":{"start":{"line":139,"column":22},"end":{"line":191,"column":1}},"54":{"start":{"line":140,"column":2},"end":{"line":141,"column":61}},"55":{"start":{"line":141,"column":4},"end":{"line":141,"column":61}},"56":{"start":{"line":142,"column":2},"end":{"line":142,"column":77}},"57":{"start":{"line":142,"column":39},"end":{"line":142,"column":77}},"58":{"start":{"line":143,"column":15},"end":{"line":143,"column":60}},"59":{"start":{"line":144,"column":17},"end":{"line":144,"column":56}},"60":{"start":{"line":145,"column":2},"end":{"line":145,"column":35}},"61":{"start":{"line":145,"column":22},"end":{"line":145,"column":35}},"62":{"start":{"line":146,"column":28},"end":{"line":148,"column":3}},"63":{"start":{"line":150,"column":23},"end":{"line":150,"column":25}},"64":{"start":{"line":151,"column":2},"end":{"line":151,"column":29}},"65":{"start":{"line":152,"column":2},"end":{"line":152,"column":32}},"66":{"start":{"line":153,"column":2},"end":{"line":153,"column":29}},"67":{"start":{"line":154,"column":2},"end":{"line":154,"column":69}},"68":{"start":{"line":155,"column":25},"end":{"line":155,"column":77}},"69":{"start":{"line":157,"column":2},"end":{"line":171,"column":5}},"70":{"start":{"line":172,"column":2},"end":{"line":190,"column":3}},"71":{"start":{"line":174,"column":4},"end":{"line":185,"column":5}},"72":{"start":{"line":175,"column":6},"end":{"line":177,"column":19}},"73":{"start":{"line":180,"column":6},"end":{"line":184,"column":7}},"74":{"start":{"line":181,"column":8},"end":{"line":183,"column":21}},"75":{"start":{"line":186,"column":4},"end":{"line":186,"column":18}},"76":{"start":{"line":188,"column":4},"end":{"line":188,"column":42}},"77":{"start":{"line":189,"column":4},"end":{"line":189,"column":50}},"78":{"start":{"line":200,"column":28},"end":{"line":207,"column":1}},"79":{"start":{"line":201,"column":2},"end":{"line":206,"column":63}},"80":{"start":{"line":202,"column":17},"end":{"line":202,"column":35}},"81":{"start":{"line":203,"column":4},"end":{"line":205,"column":5}},"82":{"start":{"line":206,"column":11},"end":{"line":206,"column":61}},"83":{"start":{"line":216,"column":36},"end":{"line":244,"column":1}},"84":{"start":{"line":217,"column":2},"end":{"line":218,"column":61}},"85":{"start":{"line":218,"column":4},"end":{"line":218,"column":61}},"86":{"start":{"line":219,"column":2},"end":{"line":219,"column":77}},"87":{"start":{"line":219,"column":39},"end":{"line":219,"column":77}},"88":{"start":{"line":220,"column":2},"end":{"line":243,"column":3}},"89":{"start":{"line":221,"column":21},"end":{"line":229,"column":17}},"90":{"start":{"line":232,"column":4},"end":{"line":232,"column":71}},"91":{"start":{"line":233,"column":4},"end":{"line":233,"column":22}},"92":{"start":{"line":235,"column":4},"end":{"line":235,"column":56}},"93":{"start":{"line":236,"column":23},"end":{"line":237,"column":11}},"94":{"start":{"line":238,"column":4},"end":{"line":239,"column":45}},"95":{"start":{"line":239,"column":6},"end":{"line":239,"column":45}},"96":{"start":{"line":240,"column":4},"end":{"line":241,"column":43}},"97":{"start":{"line":241,"column":6},"end":{"line":241,"column":43}},"98":{"start":{"line":242,"column":4},"end":{"line":242,"column":35}},"99":{"start":{"line":253,"column":36},"end":{"line":281,"column":1}},"100":{"start":{"line":254,"column":2},"end":{"line":255,"column":61}},"101":{"start":{"line":255,"column":4},"end":{"line":255,"column":61}},"102":{"start":{"line":256,"column":2},"end":{"line":256,"column":77}},"103":{"start":{"line":256,"column":39},"end":{"line":256,"column":77}},"104":{"start":{"line":257,"column":2},"end":{"line":280,"column":3}},"105":{"start":{"line":258,"column":21},"end":{"line":266,"column":17}},"106":{"start":{"line":269,"column":4},"end":{"line":269,"column":71}},"107":{"start":{"line":270,"column":4},"end":{"line":270,"column":22}},"108":{"start":{"line":272,"column":4},"end":{"line":272,"column":56}},"109":{"start":{"line":273,"column":23},"end":{"line":274,"column":11}},"110":{"start":{"line":275,"column":4},"end":{"line":276,"column":45}},"111":{"start":{"line":276,"column":6},"end":{"line":276,"column":45}},"112":{"start":{"line":277,"column":4},"end":{"line":278,"column":43}},"113":{"start":{"line":278,"column":6},"end":{"line":278,"column":43}},"114":{"start":{"line":279,"column":4},"end":{"line":279,"column":35}},"115":{"start":{"line":290,"column":29},"end":{"line":318,"column":1}},"116":{"start":{"line":291,"column":2},"end":{"line":292,"column":61}},"117":{"start":{"line":292,"column":4},"end":{"line":292,"column":61}},"118":{"start":{"line":293,"column":2},"end":{"line":293,"column":77}},"119":{"start":{"line":293,"column":39},"end":{"line":293,"column":77}},"120":{"start":{"line":294,"column":2},"end":{"line":317,"column":3}},"121":{"start":{"line":295,"column":21},"end":{"line":303,"column":17}},"122":{"start":{"line":306,"column":4},"end":{"line":306,"column":57}},"123":{"start":{"line":307,"column":4},"end":{"line":307,"column":22}},"124":{"start":{"line":309,"column":4},"end":{"line":309,"column":49}},"125":{"start":{"line":310,"column":23},"end":{"line":311,"column":11}},"126":{"start":{"line":312,"column":4},"end":{"line":313,"column":45}},"127":{"start":{"line":313,"column":6},"end":{"line":313,"column":45}},"128":{"start":{"line":314,"column":4},"end":{"line":315,"column":43}},"129":{"start":{"line":315,"column":6},"end":{"line":315,"column":43}},"130":{"start":{"line":316,"column":4},"end":{"line":316,"column":35}},"131":{"start":{"line":327,"column":29},"end":{"line":355,"column":1}},"132":{"start":{"line":328,"column":2},"end":{"line":329,"column":61}},"133":{"start":{"line":329,"column":4},"end":{"line":329,"column":61}},"134":{"start":{"line":330,"column":2},"end":{"line":330,"column":77}},"135":{"start":{"line":330,"column":39},"end":{"line":330,"column":77}},"136":{"start":{"line":331,"column":2},"end":{"line":354,"column":3}},"137":{"start":{"line":332,"column":21},"end":{"line":340,"column":17}},"138":{"start":{"line":343,"column":4},"end":{"line":343,"column":57}},"139":{"start":{"line":344,"column":4},"end":{"line":344,"column":22}},"140":{"start":{"line":346,"column":4},"end":{"line":346,"column":49}},"141":{"start":{"line":347,"column":23},"end":{"line":348,"column":11}},"142":{"start":{"line":349,"column":4},"end":{"line":350,"column":45}},"143":{"start":{"line":350,"column":6},"end":{"line":350,"column":45}},"144":{"start":{"line":351,"column":4},"end":{"line":352,"column":43}},"145":{"start":{"line":352,"column":6},"end":{"line":352,"column":43}},"146":{"start":{"line":353,"column":4},"end":{"line":353,"column":35}},"147":{"start":{"line":357,"column":0},"end":{"line":361,"column":1}}},"fnMap":{"0":{"name":"(anonymous_0)","decl":{"start":{"line":21,"column":19},"end":{"line":21,"column":20}},"loc":{"start":{"line":21,"column":72},"end":{"line":107,"column":1}},"line":21},"1":{"name":"(anonymous_1)","decl":{"start":{"line":114,"column":19},"end":{"line":114,"column":20}},"loc":{"start":{"line":114,"column":51},"end":{"line":132,"column":1}},"line":114},"2":{"name":"(anonymous_2)","decl":{"start":{"line":139,"column":22},"end":{"line":139,"column":23}},"loc":{"start":{"line":139,"column":54},"end":{"line":191,"column":1}},"line":139},"3":{"name":"(anonymous_3)","decl":{"start":{"line":200,"column":28},"end":{"line":200,"column":29}},"loc":{"start":{"line":200,"column":65},"end":{"line":207,"column":1}},"line":200},"4":{"name":"(anonymous_4)","decl":{"start":{"line":216,"column":36},"end":{"line":216,"column":37}},"loc":{"start":{"line":216,"column":68},"end":{"line":244,"column":1}},"line":216},"5":{"name":"(anonymous_5)","decl":{"start":{"line":253,"column":36},"end":{"line":253,"column":37}},"loc":{"start":{"line":253,"column":68},"end":{"line":281,"column":1}},"line":253},"6":{"name":"(anonymous_6)","decl":{"start":{"line":290,"column":29},"end":{"line":290,"column":30}},"loc":{"start":{"line":290,"column":61},"end":{"line":318,"column":1}},"line":290},"7":{"name":"(anonymous_7)","decl":{"start":{"line":327,"column":29},"end":{"line":327,"column":30}},"loc":{"start":{"line":327,"column":61},"end":{"line":355,"column":1}},"line":327}},"branchMap":{"0":{"loc":{"start":{"line":22,"column":2},"end":{"line":23,"column":61}},"type":"if","locations":[{"start":{"line":22,"column":2},"end":{"line":23,"column":61}},{"start":{"line":22,"column":2},"end":{"line":23,"column":61}}],"line":22},"1":{"loc":{"start":{"line":24,"column":2},"end":{"line":24,"column":71}},"type":"if","locations":[{"start":{"line":24,"column":2},"end":{"line":24,"column":71}},{"start":{"line":24,"column":2},"end":{"line":24,"column":71}}],"line":24},"2":{"loc":{"start":{"line":25,"column":2},"end":{"line":25,"column":71}},"type":"if","locations":[{"start":{"line":25,"column":2},"end":{"line":25,"column":71}},{"start":{"line":25,"column":2},"end":{"line":25,"column":71}}],"line":25},"3":{"loc":{"start":{"line":26,"column":2},"end":{"line":27,"column":58}},"type":"if","locations":[{"start":{"line":26,"column":2},"end":{"line":27,"column":58}},{"start":{"line":26,"column":2},"end":{"line":27,"column":58}}],"line":26},"4":{"loc":{"start":{"line":32,"column":2},"end":{"line":32,"column":49}},"type":"if","locations":[{"start":{"line":32,"column":2},"end":{"line":32,"column":49}},{"start":{"line":32,"column":2},"end":{"line":32,"column":49}}],"line":32},"5":{"loc":{"start":{"line":34,"column":2},"end":{"line":34,"column":49}},"type":"if","locations":[{"start":{"line":34,"column":2},"end":{"line":34,"column":49}},{"start":{"line":34,"column":2},"end":{"line":34,"column":49}}],"line":34},"6":{"loc":{"start":{"line":36,"column":2},"end":{"line":36,"column":49}},"type":"if","locations":[{"start":{"line":36,"column":2},"end":{"line":36,"column":49}},{"start":{"line":36,"column":2},"end":{"line":36,"column":49}}],"line":36},"7":{"loc":{"start":{"line":42,"column":2},"end":{"line":82,"column":3}},"type":"if","locations":[{"start":{"line":42,"column":2},"end":{"line":82,"column":3}},{"start":{"line":42,"column":2},"end":{"line":82,"column":3}}],"line":42},"8":{"loc":{"start":{"line":103,"column":4},"end":{"line":104,"column":50}},"type":"if","locations":[{"start":{"line":103,"column":4},"end":{"line":104,"column":50}},{"start":{"line":103,"column":4},"end":{"line":104,"column":50}}],"line":103},"9":{"loc":{"start":{"line":115,"column":2},"end":{"line":116,"column":61}},"type":"if","locations":[{"start":{"line":115,"column":2},"end":{"line":116,"column":61}},{"start":{"line":115,"column":2},"end":{"line":116,"column":61}}],"line":115},"10":{"loc":{"start":{"line":117,"column":2},"end":{"line":117,"column":77}},"type":"if","locations":[{"start":{"line":117,"column":2},"end":{"line":117,"column":77}},{"start":{"line":117,"column":2},"end":{"line":117,"column":77}}],"line":117},"11":{"loc":{"start":{"line":123,"column":4},"end":{"line":124,"column":59}},"type":"if","locations":[{"start":{"line":123,"column":4},"end":{"line":124,"column":59}},{"start":{"line":123,"column":4},"end":{"line":124,"column":59}}],"line":123},"12":{"loc":{"start":{"line":128,"column":4},"end":{"line":129,"column":43}},"type":"if","locations":[{"start":{"line":128,"column":4},"end":{"line":129,"column":43}},{"start":{"line":128,"column":4},"end":{"line":129,"column":43}}],"line":128},"13":{"loc":{"start":{"line":140,"column":2},"end":{"line":141,"column":61}},"type":"if","locations":[{"start":{"line":140,"column":2},"end":{"line":141,"column":61}},{"start":{"line":140,"column":2},"end":{"line":141,"column":61}}],"line":140},"14":{"loc":{"start":{"line":142,"column":2},"end":{"line":142,"column":77}},"type":"if","locations":[{"start":{"line":142,"column":2},"end":{"line":142,"column":77}},{"start":{"line":142,"column":2},"end":{"line":142,"column":77}}],"line":142},"15":{"loc":{"start":{"line":145,"column":2},"end":{"line":145,"column":35}},"type":"if","locations":[{"start":{"line":145,"column":2},"end":{"line":145,"column":35}},{"start":{"line":145,"column":2},"end":{"line":145,"column":35}}],"line":145},"16":{"loc":{"start":{"line":174,"column":4},"end":{"line":185,"column":5}},"type":"if","locations":[{"start":{"line":174,"column":4},"end":{"line":185,"column":5}},{"start":{"line":174,"column":4},"end":{"line":185,"column":5}}],"line":174},"17":{"loc":{"start":{"line":201,"column":2},"end":{"line":206,"column":63}},"type":"if","locations":[{"start":{"line":201,"column":2},"end":{"line":206,"column":63}},{"start":{"line":201,"column":2},"end":{"line":206,"column":63}}],"line":201},"18":{"loc":{"start":{"line":217,"column":2},"end":{"line":218,"column":61}},"type":"if","locations":[{"start":{"line":217,"column":2},"end":{"line":218,"column":61}},{"start":{"line":217,"column":2},"end":{"line":218,"column":61}}],"line":217},"19":{"loc":{"start":{"line":219,"column":2},"end":{"line":219,"column":77}},"type":"if","locations":[{"start":{"line":219,"column":2},"end":{"line":219,"column":77}},{"start":{"line":219,"column":2},"end":{"line":219,"column":77}}],"line":219},"20":{"loc":{"start":{"line":238,"column":4},"end":{"line":239,"column":45}},"type":"if","locations":[{"start":{"line":238,"column":4},"end":{"line":239,"column":45}},{"start":{"line":238,"column":4},"end":{"line":239,"column":45}}],"line":238},"21":{"loc":{"start":{"line":240,"column":4},"end":{"line":241,"column":43}},"type":"if","locations":[{"start":{"line":240,"column":4},"end":{"line":241,"column":43}},{"start":{"line":240,"column":4},"end":{"line":241,"column":43}}],"line":240},"22":{"loc":{"start":{"line":254,"column":2},"end":{"line":255,"column":61}},"type":"if","locations":[{"start":{"line":254,"column":2},"end":{"line":255,"column":61}},{"start":{"line":254,"column":2},"end":{"line":255,"column":61}}],"line":254},"23":{"loc":{"start":{"line":256,"column":2},"end":{"line":256,"column":77}},"type":"if","locations":[{"start":{"line":256,"column":2},"end":{"line":256,"column":77}},{"start":{"line":256,"column":2},"end":{"line":256,"column":77}}],"line":256},"24":{"loc":{"start":{"line":275,"column":4},"end":{"line":276,"column":45}},"type":"if","locations":[{"start":{"line":275,"column":4},"end":{"line":276,"column":45}},{"start":{"line":275,"column":4},"end":{"line":276,"column":45}}],"line":275},"25":{"loc":{"start":{"line":277,"column":4},"end":{"line":278,"column":43}},"type":"if","locations":[{"start":{"line":277,"column":4},"end":{"line":278,"column":43}},{"start":{"line":277,"column":4},"end":{"line":278,"column":43}}],"line":277},"26":{"loc":{"start":{"line":291,"column":2},"end":{"line":292,"column":61}},"type":"if","locations":[{"start":{"line":291,"column":2},"end":{"line":292,"column":61}},{"start":{"line":291,"column":2},"end":{"line":292,"column":61}}],"line":291},"27":{"loc":{"start":{"line":293,"column":2},"end":{"line":293,"column":77}},"type":"if","locations":[{"start":{"line":293,"column":2},"end":{"line":293,"column":77}},{"start":{"line":293,"column":2},"end":{"line":293,"column":77}}],"line":293},"28":{"loc":{"start":{"line":312,"column":4},"end":{"line":313,"column":45}},"type":"if","locations":[{"start":{"line":312,"column":4},"end":{"line":313,"column":45}},{"start":{"line":312,"column":4},"end":{"line":313,"column":45}}],"line":312},"29":{"loc":{"start":{"line":314,"column":4},"end":{"line":315,"column":43}},"type":"if","locations":[{"start":{"line":314,"column":4},"end":{"line":315,"column":43}},{"start":{"line":314,"column":4},"end":{"line":315,"column":43}}],"line":314},"30":{"loc":{"start":{"line":328,"column":2},"end":{"line":329,"column":61}},"type":"if","locations":[{"start":{"line":328,"column":2},"end":{"line":329,"column":61}},{"start":{"line":328,"column":2},"end":{"line":329,"column":61}}],"line":328},"31":{"loc":{"start":{"line":330,"column":2},"end":{"line":330,"column":77}},"type":"if","locations":[{"start":{"line":330,"column":2},"end":{"line":330,"column":77}},{"start":{"line":330,"column":2},"end":{"line":330,"column":77}}],"line":330},"32":{"loc":{"start":{"line":349,"column":4},"end":{"line":350,"column":45}},"type":"if","locations":[{"start":{"line":349,"column":4},"end":{"line":350,"column":45}},{"start":{"line":349,"column":4},"end":{"line":350,"column":45}}],"line":349},"33":{"loc":{"start":{"line":351,"column":4},"end":{"line":352,"column":43}},"type":"if","locations":[{"start":{"line":351,"column":4},"end":{"line":352,"column":43}},{"start":{"line":351,"column":4},"end":{"line":352,"column":43}}],"line":351}},"s":{"0":13,"1":13,"2":13,"3":13,"4":13,"5":13,"6":13,"7":29,"8":1,"9":28,"10":1,"11":27,"12":1,"13":26,"14":1,"15":25,"16":25,"17":2,"18":23,"19":23,"20":1,"21":22,"22":22,"23":0,"24":22,"25":17,"26":17,"27":5,"28":5,"29":22,"30":22,"31":22,"32":22,"33":0,"34":0,"35":0,"36":0,"37":0,"38":13,"39":5,"40":1,"41":4,"42":1,"43":3,"44":3,"45":2,"46":1,"47":1,"48":1,"49":1,"50":1,"51":1,"52":1,"53":13,"54":5,"55":1,"56":4,"57":1,"58":3,"59":3,"60":3,"61":1,"62":2,"63":2,"64":2,"65":2,"66":2,"67":2,"68":2,"69":2,"70":2,"71":2,"72":2,"73":0,"74":0,"75":2,"76":0,"77":0,"78":13,"79":3,"80":1,"81":1,"82":2,"83":13,"84":10,"85":1,"86":9,"87":1,"88":8,"89":8,"90":5,"91":5,"92":3,"93":3,"94":3,"95":1,"96":3,"97":2,"98":3,"99":13,"100":5,"101":1,"102":4,"103":1,"104":3,"105":3,"106":1,"107":1,"108":2,"109":2,"110":2,"111":1,"112":2,"113":1,"114":2,"115":13,"116":5,"117":1,"118":4,"119":1,"120":3,"121":3,"122":1,"123":1,"124":2,"125":2,"126":2,"127":1,"128":2,"129":1,"130":2,"131":13,"132":5,"133":1,"134":4,"135":1,"136":3,"137":3,"138":1,"139":1,"140":2,"141":2,"142":2,"143":1,"144":2,"145":1,"146":2,"147":13},"f":{"0":29,"1":5,"2":5,"3":3,"4":10,"5":5,"6":5,"7":5},"b":{"0":[1,28],"1":[1,27],"2":[1,26],"3":[1,25],"4":[2,23],"5":[1,22],"6":[0,22],"7":[17,5],"8":[0,0],"9":[1,4],"10":[1,3],"11":[1,1],"12":[1,0],"13":[1,4],"14":[1,3],"15":[1,2],"16":[2,0],"17":[1,2],"18":[1,9],"19":[1,8],"20":[1,2],"21":[2,1],"22":[1,4],"23":[1,3],"24":[1,1],"25":[1,1],"26":[1,4],"27":[1,3],"28":[1,1],"29":[1,1],"30":[1,4],"31":[1,3],"32":[1,1],"33":[1,1]},"_coverageSchema":"1a1c01bbd47fc00a2c39e90264f33305004495a9","hash":"c59fec92d09d41aecb70c2309f5005ace9e5d889"}
,"/Users/tnorlund/Blog-backend/code/nodejs/data/index.js": {"path":"/Users/tnorlund/Blog-backend/code/nodejs/data/index.js","statementMap":{"0":{"start":{"line":6,"column":4},"end":{"line":6,"column":23}},"1":{"start":{"line":10,"column":4},"end":{"line":10,"column":26}},"2":{"start":{"line":16,"column":4},"end":{"line":16,"column":26}},"3":{"start":{"line":20,"column":4},"end":{"line":20,"column":27}},"4":{"start":{"line":25,"column":4},"end":{"line":25,"column":26}},"5":{"start":{"line":29,"column":4},"end":{"line":29,"column":32}},"6":{"start":{"line":34,"column":4},"end":{"line":34,"column":23}},"7":{"start":{"line":38,"column":4},"end":{"line":38,"column":26}},"8":{"start":{"line":45,"column":4},"end":{"line":45,"column":23}},"9":{"start":{"line":47,"column":19},"end":{"line":47,"column":37}},"10":{"start":{"line":51,"column":4},"end":{"line":51,"column":24}},"11":{"start":{"line":53,"column":32},"end":{"line":53,"column":51}},"12":{"start":{"line":58,"column":4},"end":{"line":58,"column":26}},"13":{"start":{"line":60,"column":0},"end":{"line":98,"column":1}}},"fnMap":{},"branchMap":{},"s":{"0":13,"1":13,"2":13,"3":13,"4":13,"5":13,"6":13,"7":13,"8":13,"9":13,"10":13,"11":13,"12":13,"13":13},"f":{},"b":{},"_coverageSchema":"1a1c01bbd47fc00a2c39e90264f33305004495a9","hash":"4b7fde35927fa89b394e0187cd50ce6ed1e3f42e"}
,"/Users/tnorlund/Blog-backend/code/nodejs/data/location.js": {"path":"/Users/tnorlund/Blog-backend/code/nodejs/data/location.js","statementMap":{"0":{"start":{"line":1,"column":12},"end":{"line":1,"column":32}},"1":{"start":{"line":2,"column":39},"end":{"line":2,"column":63}},"2":{"start":{"line":3,"column":14},"end":{"line":3,"column":32}},"3":{"start":{"line":4,"column":17},"end":{"line":4,"column":35}},"4":{"start":{"line":13,"column":20},"end":{"line":32,"column":1}},"5":{"start":{"line":14,"column":2},"end":{"line":15,"column":65}},"6":{"start":{"line":15,"column":4},"end":{"line":15,"column":65}},"7":{"start":{"line":16,"column":2},"end":{"line":16,"column":79}},"8":{"start":{"line":16,"column":40},"end":{"line":16,"column":79}},"9":{"start":{"line":17,"column":2},"end":{"line":31,"column":3}},"10":{"start":{"line":18,"column":4},"end":{"line":22,"column":17}},"11":{"start":{"line":23,"column":4},"end":{"line":23,"column":23}},"12":{"start":{"line":25,"column":23},"end":{"line":25,"column":47}},"13":{"start":{"line":26,"column":4},"end":{"line":27,"column":46}},"14":{"start":{"line":27,"column":6},"end":{"line":27,"column":46}},"15":{"start":{"line":28,"column":4},"end":{"line":29,"column":43}},"16":{"start":{"line":29,"column":6},"end":{"line":29,"column":43}},"17":{"start":{"line":30,"column":4},"end":{"line":30,"column":34}},"18":{"start":{"line":41,"column":20},"end":{"line":57,"column":1}},"19":{"start":{"line":42,"column":2},"end":{"line":43,"column":65}},"20":{"start":{"line":43,"column":4},"end":{"line":43,"column":65}},"21":{"start":{"line":44,"column":2},"end":{"line":44,"column":79}},"22":{"start":{"line":44,"column":40},"end":{"line":44,"column":79}},"23":{"start":{"line":45,"column":2},"end":{"line":56,"column":3}},"24":{"start":{"line":46,"column":19},"end":{"line":48,"column":17}},"25":{"start":{"line":49,"column":4},"end":{"line":49,"column":67}},"26":{"start":{"line":49,"column":24},"end":{"line":49,"column":67}},"27":{"start":{"line":50,"column":4},"end":{"line":50,"column":56}},"28":{"start":{"line":52,"column":23},"end":{"line":52,"column":52}},"29":{"start":{"line":53,"column":4},"end":{"line":54,"column":43}},"30":{"start":{"line":54,"column":6},"end":{"line":54,"column":43}},"31":{"start":{"line":55,"column":4},"end":{"line":55,"column":34}},"32":{"start":{"line":65,"column":26},"end":{"line":97,"column":1}},"33":{"start":{"line":66,"column":30},"end":{"line":94,"column":5}},"34":{"start":{"line":69,"column":4},"end":{"line":93,"column":59}},"35":{"start":{"line":70,"column":24},"end":{"line":88,"column":9}},"36":{"start":{"line":89,"column":35},"end":{"line":89,"column":76}},"37":{"start":{"line":90,"column":6},"end":{"line":90,"column":35}},"38":{"start":{"line":90,"column":19},"end":{"line":90,"column":35}},"39":{"start":{"line":91,"column":6},"end":{"line":91,"column":25}},"40":{"start":{"line":93,"column":9},"end":{"line":93,"column":59}},"41":{"start":{"line":95,"column":2},"end":{"line":95,"column":31}},"42":{"start":{"line":95,"column":15},"end":{"line":95,"column":31}},"43":{"start":{"line":96,"column":2},"end":{"line":96,"column":21}},"44":{"start":{"line":103,"column":21},"end":{"line":131,"column":1}},"45":{"start":{"line":104,"column":20},"end":{"line":104,"column":22}},"46":{"start":{"line":105,"column":19},"end":{"line":129,"column":5}},"47":{"start":{"line":106,"column":20},"end":{"line":125,"column":9}},"48":{"start":{"line":112,"column":8},"end":{"line":117,"column":11}},"49":{"start":{"line":114,"column":10},"end":{"line":116,"column":30}},"50":{"start":{"line":118,"column":8},"end":{"line":123,"column":11}},"51":{"start":{"line":119,"column":10},"end":{"line":122,"column":13}},"52":{"start":{"line":126,"column":4},"end":{"line":128,"column":11}},"53":{"start":{"line":126,"column":33},"end":{"line":128,"column":7}},"54":{"start":{"line":130,"column":2},"end":{"line":130,"column":17}},"55":{"start":{"line":133,"column":0},"end":{"line":133,"column":78}}},"fnMap":{"0":{"name":"(anonymous_0)","decl":{"start":{"line":13,"column":20},"end":{"line":13,"column":21}},"loc":{"start":{"line":13,"column":53},"end":{"line":32,"column":1}},"line":13},"1":{"name":"(anonymous_1)","decl":{"start":{"line":41,"column":20},"end":{"line":41,"column":21}},"loc":{"start":{"line":41,"column":53},"end":{"line":57,"column":1}},"line":41},"2":{"name":"(anonymous_2)","decl":{"start":{"line":65,"column":26},"end":{"line":65,"column":27}},"loc":{"start":{"line":65,"column":57},"end":{"line":97,"column":1}},"line":65},"3":{"name":"(anonymous_3)","decl":{"start":{"line":68,"column":10},"end":{"line":68,"column":11}},"loc":{"start":{"line":68,"column":30},"end":{"line":94,"column":3}},"line":68},"4":{"name":"(anonymous_4)","decl":{"start":{"line":103,"column":21},"end":{"line":103,"column":22}},"loc":{"start":{"line":103,"column":37},"end":{"line":131,"column":1}},"line":103},"5":{"name":"(anonymous_5)","decl":{"start":{"line":105,"column":38},"end":{"line":105,"column":39}},"loc":{"start":{"line":105,"column":61},"end":{"line":129,"column":3}},"line":105},"6":{"name":"(anonymous_6)","decl":{"start":{"line":111,"column":6},"end":{"line":111,"column":7}},"loc":{"start":{"line":111,"column":20},"end":{"line":125,"column":7}},"line":111},"7":{"name":"(anonymous_7)","decl":{"start":{"line":112,"column":27},"end":{"line":112,"column":28}},"loc":{"start":{"line":112,"column":46},"end":{"line":117,"column":9}},"line":112},"8":{"name":"(anonymous_8)","decl":{"start":{"line":118,"column":26},"end":{"line":118,"column":27}},"loc":{"start":{"line":118,"column":32},"end":{"line":123,"column":9}},"line":118},"9":{"name":"(anonymous_9)","decl":{"start":{"line":126,"column":25},"end":{"line":126,"column":26}},"loc":{"start":{"line":126,"column":31},"end":{"line":128,"column":9}},"line":126}},"branchMap":{"0":{"loc":{"start":{"line":14,"column":2},"end":{"line":15,"column":65}},"type":"if","locations":[{"start":{"line":14,"column":2},"end":{"line":15,"column":65}},{"start":{"line":14,"column":2},"end":{"line":15,"column":65}}],"line":14},"1":{"loc":{"start":{"line":16,"column":2},"end":{"line":16,"column":79}},"type":"if","locations":[{"start":{"line":16,"column":2},"end":{"line":16,"column":79}},{"start":{"line":16,"column":2},"end":{"line":16,"column":79}}],"line":16},"2":{"loc":{"start":{"line":26,"column":4},"end":{"line":27,"column":46}},"type":"if","locations":[{"start":{"line":26,"column":4},"end":{"line":27,"column":46}},{"start":{"line":26,"column":4},"end":{"line":27,"column":46}}],"line":26},"3":{"loc":{"start":{"line":28,"column":4},"end":{"line":29,"column":43}},"type":"if","locations":[{"start":{"line":28,"column":4},"end":{"line":29,"column":43}},{"start":{"line":28,"column":4},"end":{"line":29,"column":43}}],"line":28},"4":{"loc":{"start":{"line":42,"column":2},"end":{"line":43,"column":65}},"type":"if","locations":[{"start":{"line":42,"column":2},"end":{"line":43,"column":65}},{"start":{"line":42,"column":2},"end":{"line":43,"column":65}}],"line":42},"5":{"loc":{"start":{"line":44,"column":2},"end":{"line":44,"column":79}},"type":"if","locations":[{"start":{"line":44,"column":2},"end":{"line":44,"column":79}},{"start":{"line":44,"column":2},"end":{"line":44,"column":79}}],"line":44},"6":{"loc":{"start":{"line":49,"column":4},"end":{"line":49,"column":67}},"type":"if","locations":[{"start":{"line":49,"column":4},"end":{"line":49,"column":67}},{"start":{"line":49,"column":4},"end":{"line":49,"column":67}}],"line":49},"7":{"loc":{"start":{"line":53,"column":4},"end":{"line":54,"column":43}},"type":"if","locations":[{"start":{"line":53,"column":4},"end":{"line":54,"column":43}},{"start":{"line":53,"column":4},"end":{"line":54,"column":43}}],"line":53},"8":{"loc":{"start":{"line":69,"column":4},"end":{"line":93,"column":59}},"type":"if","locations":[{"start":{"line":69,"column":4},"end":{"line":93,"column":59}},{"start":{"line":69,"column":4},"end":{"line":93,"column":59}}],"line":69},"9":{"loc":{"start":{"line":77,"column":20},"end":{"line":78,"column":53}},"type":"cond-expr","locations":[{"start":{"line":78,"column":10},"end":{"line":78,"column":19}},{"start":{"line":78,"column":22},"end":{"line":78,"column":53}}],"line":77},"10":{"loc":{"start":{"line":80,"column":17},"end":{"line":81,"column":41}},"type":"cond-expr","locations":[{"start":{"line":81,"column":10},"end":{"line":81,"column":29}},{"start":{"line":81,"column":32},"end":{"line":81,"column":41}}],"line":80},"11":{"loc":{"start":{"line":82,"column":26},"end":{"line":82,"column":69}},"type":"cond-expr","locations":[{"start":{"line":82,"column":43},"end":{"line":82,"column":57}},{"start":{"line":82,"column":60},"end":{"line":82,"column":69}}],"line":82},"12":{"loc":{"start":{"line":90,"column":6},"end":{"line":90,"column":35}},"type":"if","locations":[{"start":{"line":90,"column":6},"end":{"line":90,"column":35}},{"start":{"line":90,"column":6},"end":{"line":90,"column":35}}],"line":90},"13":{"loc":{"start":{"line":95,"column":2},"end":{"line":95,"column":31}},"type":"if","locations":[{"start":{"line":95,"column":2},"end":{"line":95,"column":31}},{"start":{"line":95,"column":2},"end":{"line":95,"column":31}}],"line":95}},"s":{"0":13,"1":13,"2":13,"3":13,"4":13,"5":7,"6":1,"7":6,"8":1,"9":5,"10":5,"11":3,"12":2,"13":2,"14":1,"15":2,"16":1,"17":2,"18":13,"19":5,"20":1,"21":4,"22":1,"23":3,"24":3,"25":2,"26":1,"27":1,"28":1,"29":1,"30":1,"31":1,"32":13,"33":0,"34":0,"35":0,"36":0,"37":0,"38":0,"39":0,"40":0,"41":0,"42":0,"43":0,"44":13,"45":0,"46":0,"47":0,"48":0,"49":0,"50":0,"51":0,"52":0,"53":0,"54":0,"55":13},"f":{"0":7,"1":5,"2":0,"3":0,"4":0,"5":0,"6":0,"7":0,"8":0,"9":0},"b":{"0":[1,6],"1":[1,5],"2":[1,1],"3":[1,1],"4":[1,4],"5":[1,3],"6":[1,1],"7":[1,0],"8":[0,0],"9":[0,0],"10":[0,0],"11":[0,0],"12":[0,0],"13":[0,0]},"_coverageSchema":"1a1c01bbd47fc00a2c39e90264f33305004495a9","hash":"c3cec792a87d0d251a42a86f99ce7c1fa141d813"}
,"/Users/tnorlund/Blog-backend/code/nodejs/data/post.js": {"path":"/Users/tnorlund/Blog-backend/code/nodejs/data/post.js","statementMap":{"0":{"start":{"line":1,"column":12},"end":{"line":1,"column":32}},"1":{"start":{"line":2,"column":17},"end":{"line":2,"column":35}},"2":{"start":{"line":3,"column":51},"end":{"line":3,"column":71}},"3":{"start":{"line":6,"column":4},"end":{"line":6,"column":28}},"4":{"start":{"line":14,"column":16},"end":{"line":52,"column":1}},"5":{"start":{"line":15,"column":2},"end":{"line":16,"column":61}},"6":{"start":{"line":16,"column":4},"end":{"line":16,"column":61}},"7":{"start":{"line":17,"column":2},"end":{"line":17,"column":71}},"8":{"start":{"line":17,"column":36},"end":{"line":17,"column":71}},"9":{"start":{"line":18,"column":15},"end":{"line":18,"column":29}},"10":{"start":{"line":19,"column":2},"end":{"line":51,"column":3}},"11":{"start":{"line":20,"column":4},"end":{"line":41,"column":17}},"12":{"start":{"line":42,"column":4},"end":{"line":42,"column":19}},"13":{"start":{"line":44,"column":4},"end":{"line":44,"column":36}},"14":{"start":{"line":45,"column":23},"end":{"line":45,"column":51}},"15":{"start":{"line":46,"column":4},"end":{"line":47,"column":61}},"16":{"start":{"line":47,"column":6},"end":{"line":47,"column":61}},"17":{"start":{"line":48,"column":4},"end":{"line":49,"column":43}},"18":{"start":{"line":49,"column":6},"end":{"line":49,"column":43}},"19":{"start":{"line":50,"column":4},"end":{"line":50,"column":36}},"20":{"start":{"line":60,"column":23},"end":{"line":107,"column":1}},"21":{"start":{"line":61,"column":2},"end":{"line":62,"column":61}},"22":{"start":{"line":62,"column":4},"end":{"line":62,"column":61}},"23":{"start":{"line":63,"column":2},"end":{"line":64,"column":39}},"24":{"start":{"line":64,"column":4},"end":{"line":64,"column":39}},"25":{"start":{"line":65,"column":2},"end":{"line":106,"column":3}},"26":{"start":{"line":66,"column":19},"end":{"line":73,"column":17}},"27":{"start":{"line":74,"column":4},"end":{"line":74,"column":75}},"28":{"start":{"line":74,"column":36},"end":{"line":74,"column":75}},"29":{"start":{"line":76,"column":19},"end":{"line":76,"column":21}},"30":{"start":{"line":78,"column":4},"end":{"line":98,"column":7}},"31":{"start":{"line":79,"column":6},"end":{"line":97,"column":7}},"32":{"start":{"line":81,"column":10},"end":{"line":81,"column":47}},"33":{"start":{"line":81,"column":48},"end":{"line":81,"column":53}},"34":{"start":{"line":83,"column":35},"end":{"line":83,"column":58}},"35":{"start":{"line":84,"column":10},"end":{"line":86,"column":11}},"36":{"start":{"line":87,"column":10},"end":{"line":87,"column":15}},"37":{"start":{"line":90,"column":32},"end":{"line":90,"column":52}},"38":{"start":{"line":91,"column":10},"end":{"line":93,"column":11}},"39":{"start":{"line":94,"column":10},"end":{"line":94,"column":15}},"40":{"start":{"line":96,"column":17},"end":{"line":96,"column":75}},"41":{"start":{"line":99,"column":4},"end":{"line":99,"column":44}},"42":{"start":{"line":101,"column":4},"end":{"line":101,"column":43}},"43":{"start":{"line":102,"column":23},"end":{"line":102,"column":51}},"44":{"start":{"line":103,"column":4},"end":{"line":104,"column":43}},"45":{"start":{"line":104,"column":6},"end":{"line":104,"column":43}},"46":{"start":{"line":105,"column":4},"end":{"line":105,"column":36}},"47":{"start":{"line":115,"column":27},"end":{"line":132,"column":1}},"48":{"start":{"line":116,"column":15},"end":{"line":116,"column":47}},"49":{"start":{"line":119,"column":2},"end":{"line":131,"column":3}},"50":{"start":{"line":123,"column":4},"end":{"line":123,"column":63}},"51":{"start":{"line":124,"column":4},"end":{"line":124,"column":19}},"52":{"start":{"line":127,"column":4},"end":{"line":129,"column":5}},"53":{"start":{"line":130,"column":4},"end":{"line":130,"column":19}},"54":{"start":{"line":140,"column":30},"end":{"line":151,"column":1}},"55":{"start":{"line":141,"column":2},"end":{"line":150,"column":3}},"56":{"start":{"line":142,"column":17},"end":{"line":142,"column":49}},"57":{"start":{"line":143,"column":4},"end":{"line":145,"column":5}},"58":{"start":{"line":146,"column":4},"end":{"line":146,"column":19}},"59":{"start":{"line":148,"column":4},"end":{"line":148,"column":57}},"60":{"start":{"line":149,"column":4},"end":{"line":149,"column":19}},"61":{"start":{"line":158,"column":19},"end":{"line":198,"column":1}},"62":{"start":{"line":159,"column":2},"end":{"line":160,"column":61}},"63":{"start":{"line":160,"column":4},"end":{"line":160,"column":61}},"64":{"start":{"line":161,"column":2},"end":{"line":161,"column":71}},"65":{"start":{"line":161,"column":36},"end":{"line":161,"column":71}},"66":{"start":{"line":162,"column":23},"end":{"line":162,"column":62}},"67":{"start":{"line":163,"column":2},"end":{"line":163,"column":47}},"68":{"start":{"line":163,"column":28},"end":{"line":163,"column":47}},"69":{"start":{"line":164,"column":23},"end":{"line":164,"column":25}},"70":{"start":{"line":165,"column":2},"end":{"line":165,"column":29}},"71":{"start":{"line":166,"column":2},"end":{"line":166,"column":32}},"72":{"start":{"line":167,"column":2},"end":{"line":167,"column":29}},"73":{"start":{"line":168,"column":2},"end":{"line":170,"column":5}},"74":{"start":{"line":169,"column":4},"end":{"line":169,"column":61}},"75":{"start":{"line":171,"column":25},"end":{"line":171,"column":77}},"76":{"start":{"line":172,"column":2},"end":{"line":178,"column":5}},"77":{"start":{"line":179,"column":2},"end":{"line":197,"column":3}},"78":{"start":{"line":181,"column":4},"end":{"line":192,"column":5}},"79":{"start":{"line":182,"column":6},"end":{"line":184,"column":19}},"80":{"start":{"line":187,"column":6},"end":{"line":191,"column":7}},"81":{"start":{"line":188,"column":8},"end":{"line":190,"column":21}},"82":{"start":{"line":193,"column":4},"end":{"line":193,"column":19}},"83":{"start":{"line":195,"column":4},"end":{"line":195,"column":39}},"84":{"start":{"line":196,"column":4},"end":{"line":196,"column":47}},"85":{"start":{"line":205,"column":36},"end":{"line":234,"column":1}},"86":{"start":{"line":206,"column":2},"end":{"line":207,"column":65}},"87":{"start":{"line":207,"column":4},"end":{"line":207,"column":65}},"88":{"start":{"line":208,"column":2},"end":{"line":209,"column":39}},"89":{"start":{"line":209,"column":4},"end":{"line":209,"column":39}},"90":{"start":{"line":210,"column":2},"end":{"line":233,"column":3}},"91":{"start":{"line":211,"column":21},"end":{"line":219,"column":17}},"92":{"start":{"line":220,"column":4},"end":{"line":224,"column":9}},"93":{"start":{"line":226,"column":4},"end":{"line":226,"column":56}},"94":{"start":{"line":227,"column":23},"end":{"line":227,"column":68}},"95":{"start":{"line":228,"column":4},"end":{"line":229,"column":42}},"96":{"start":{"line":229,"column":6},"end":{"line":229,"column":42}},"97":{"start":{"line":230,"column":4},"end":{"line":231,"column":43}},"98":{"start":{"line":231,"column":6},"end":{"line":231,"column":43}},"99":{"start":{"line":232,"column":4},"end":{"line":232,"column":36}},"100":{"start":{"line":241,"column":36},"end":{"line":270,"column":1}},"101":{"start":{"line":242,"column":2},"end":{"line":243,"column":65}},"102":{"start":{"line":243,"column":4},"end":{"line":243,"column":65}},"103":{"start":{"line":244,"column":2},"end":{"line":245,"column":39}},"104":{"start":{"line":245,"column":4},"end":{"line":245,"column":39}},"105":{"start":{"line":246,"column":2},"end":{"line":269,"column":3}},"106":{"start":{"line":247,"column":21},"end":{"line":255,"column":17}},"107":{"start":{"line":256,"column":4},"end":{"line":260,"column":9}},"108":{"start":{"line":262,"column":4},"end":{"line":262,"column":56}},"109":{"start":{"line":263,"column":23},"end":{"line":263,"column":68}},"110":{"start":{"line":264,"column":4},"end":{"line":265,"column":42}},"111":{"start":{"line":265,"column":6},"end":{"line":265,"column":42}},"112":{"start":{"line":266,"column":4},"end":{"line":267,"column":43}},"113":{"start":{"line":267,"column":6},"end":{"line":267,"column":43}},"114":{"start":{"line":268,"column":4},"end":{"line":268,"column":36}},"115":{"start":{"line":272,"column":0},"end":{"line":275,"column":1}}},"fnMap":{"0":{"name":"(anonymous_0)","decl":{"start":{"line":14,"column":16},"end":{"line":14,"column":17}},"loc":{"start":{"line":14,"column":45},"end":{"line":52,"column":1}},"line":14},"1":{"name":"(anonymous_1)","decl":{"start":{"line":60,"column":23},"end":{"line":60,"column":24}},"loc":{"start":{"line":60,"column":52},"end":{"line":107,"column":1}},"line":60},"2":{"name":"(anonymous_2)","decl":{"start":{"line":78,"column":22},"end":{"line":78,"column":23}},"loc":{"start":{"line":78,"column":34},"end":{"line":98,"column":5}},"line":78},"3":{"name":"(anonymous_3)","decl":{"start":{"line":115,"column":27},"end":{"line":115,"column":28}},"loc":{"start":{"line":115,"column":61},"end":{"line":132,"column":1}},"line":115},"4":{"name":"(anonymous_4)","decl":{"start":{"line":140,"column":30},"end":{"line":140,"column":31}},"loc":{"start":{"line":140,"column":67},"end":{"line":151,"column":1}},"line":140},"5":{"name":"(anonymous_5)","decl":{"start":{"line":158,"column":19},"end":{"line":158,"column":20}},"loc":{"start":{"line":158,"column":48},"end":{"line":198,"column":1}},"line":158},"6":{"name":"(anonymous_6)","decl":{"start":{"line":168,"column":50},"end":{"line":168,"column":51}},"loc":{"start":{"line":168,"column":65},"end":{"line":170,"column":3}},"line":168},"7":{"name":"(anonymous_7)","decl":{"start":{"line":205,"column":36},"end":{"line":205,"column":37}},"loc":{"start":{"line":205,"column":65},"end":{"line":234,"column":1}},"line":205},"8":{"name":"(anonymous_8)","decl":{"start":{"line":241,"column":36},"end":{"line":241,"column":37}},"loc":{"start":{"line":241,"column":65},"end":{"line":270,"column":1}},"line":241}},"branchMap":{"0":{"loc":{"start":{"line":15,"column":2},"end":{"line":16,"column":61}},"type":"if","locations":[{"start":{"line":15,"column":2},"end":{"line":16,"column":61}},{"start":{"line":15,"column":2},"end":{"line":16,"column":61}}],"line":15},"1":{"loc":{"start":{"line":17,"column":2},"end":{"line":17,"column":71}},"type":"if","locations":[{"start":{"line":17,"column":2},"end":{"line":17,"column":71}},{"start":{"line":17,"column":2},"end":{"line":17,"column":71}}],"line":17},"2":{"loc":{"start":{"line":46,"column":4},"end":{"line":47,"column":61}},"type":"if","locations":[{"start":{"line":46,"column":4},"end":{"line":47,"column":61}},{"start":{"line":46,"column":4},"end":{"line":47,"column":61}}],"line":46},"3":{"loc":{"start":{"line":48,"column":4},"end":{"line":49,"column":43}},"type":"if","locations":[{"start":{"line":48,"column":4},"end":{"line":49,"column":43}},{"start":{"line":48,"column":4},"end":{"line":49,"column":43}}],"line":48},"4":{"loc":{"start":{"line":61,"column":2},"end":{"line":62,"column":61}},"type":"if","locations":[{"start":{"line":61,"column":2},"end":{"line":62,"column":61}},{"start":{"line":61,"column":2},"end":{"line":62,"column":61}}],"line":61},"5":{"loc":{"start":{"line":63,"column":2},"end":{"line":64,"column":39}},"type":"if","locations":[{"start":{"line":63,"column":2},"end":{"line":64,"column":39}},{"start":{"line":63,"column":2},"end":{"line":64,"column":39}}],"line":63},"6":{"loc":{"start":{"line":74,"column":4},"end":{"line":74,"column":75}},"type":"if","locations":[{"start":{"line":74,"column":4},"end":{"line":74,"column":75}},{"start":{"line":74,"column":4},"end":{"line":74,"column":75}}],"line":74},"7":{"loc":{"start":{"line":79,"column":6},"end":{"line":97,"column":7}},"type":"switch","locations":[{"start":{"line":80,"column":8},"end":{"line":81,"column":53}},{"start":{"line":82,"column":8},"end":{"line":88,"column":9}},{"start":{"line":89,"column":8},"end":{"line":95,"column":9}},{"start":{"line":96,"column":8},"end":{"line":96,"column":75}}],"line":79},"8":{"loc":{"start":{"line":103,"column":4},"end":{"line":104,"column":43}},"type":"if","locations":[{"start":{"line":103,"column":4},"end":{"line":104,"column":43}},{"start":{"line":103,"column":4},"end":{"line":104,"column":43}}],"line":103},"9":{"loc":{"start":{"line":119,"column":2},"end":{"line":131,"column":3}},"type":"if","locations":[{"start":{"line":119,"column":2},"end":{"line":131,"column":3}},{"start":{"line":119,"column":2},"end":{"line":131,"column":3}}],"line":119},"10":{"loc":{"start":{"line":120,"column":4},"end":{"line":121,"column":26}},"type":"binary-expr","locations":[{"start":{"line":120,"column":4},"end":{"line":120,"column":48}},{"start":{"line":121,"column":4},"end":{"line":121,"column":26}}],"line":120},"11":{"loc":{"start":{"line":141,"column":2},"end":{"line":150,"column":3}},"type":"if","locations":[{"start":{"line":141,"column":2},"end":{"line":150,"column":3}},{"start":{"line":141,"column":2},"end":{"line":150,"column":3}}],"line":141},"12":{"loc":{"start":{"line":159,"column":2},"end":{"line":160,"column":61}},"type":"if","locations":[{"start":{"line":159,"column":2},"end":{"line":160,"column":61}},{"start":{"line":159,"column":2},"end":{"line":160,"column":61}}],"line":159},"13":{"loc":{"start":{"line":161,"column":2},"end":{"line":161,"column":71}},"type":"if","locations":[{"start":{"line":161,"column":2},"end":{"line":161,"column":71}},{"start":{"line":161,"column":2},"end":{"line":161,"column":71}}],"line":161},"14":{"loc":{"start":{"line":163,"column":2},"end":{"line":163,"column":47}},"type":"if","locations":[{"start":{"line":163,"column":2},"end":{"line":163,"column":47}},{"start":{"line":163,"column":2},"end":{"line":163,"column":47}}],"line":163},"15":{"loc":{"start":{"line":181,"column":4},"end":{"line":192,"column":5}},"type":"if","locations":[{"start":{"line":181,"column":4},"end":{"line":192,"column":5}},{"start":{"line":181,"column":4},"end":{"line":192,"column":5}}],"line":181},"16":{"loc":{"start":{"line":206,"column":2},"end":{"line":207,"column":65}},"type":"if","locations":[{"start":{"line":206,"column":2},"end":{"line":207,"column":65}},{"start":{"line":206,"column":2},"end":{"line":207,"column":65}}],"line":206},"17":{"loc":{"start":{"line":208,"column":2},"end":{"line":209,"column":39}},"type":"if","locations":[{"start":{"line":208,"column":2},"end":{"line":209,"column":39}},{"start":{"line":208,"column":2},"end":{"line":209,"column":39}}],"line":208},"18":{"loc":{"start":{"line":228,"column":4},"end":{"line":229,"column":42}},"type":"if","locations":[{"start":{"line":228,"column":4},"end":{"line":229,"column":42}},{"start":{"line":228,"column":4},"end":{"line":229,"column":42}}],"line":228},"19":{"loc":{"start":{"line":230,"column":4},"end":{"line":231,"column":43}},"type":"if","locations":[{"start":{"line":230,"column":4},"end":{"line":231,"column":43}},{"start":{"line":230,"column":4},"end":{"line":231,"column":43}}],"line":230},"20":{"loc":{"start":{"line":242,"column":2},"end":{"line":243,"column":65}},"type":"if","locations":[{"start":{"line":242,"column":2},"end":{"line":243,"column":65}},{"start":{"line":242,"column":2},"end":{"line":243,"column":65}}],"line":242},"21":{"loc":{"start":{"line":244,"column":2},"end":{"line":245,"column":39}},"type":"if","locations":[{"start":{"line":244,"column":2},"end":{"line":245,"column":39}},{"start":{"line":244,"column":2},"end":{"line":245,"column":39}}],"line":244},"22":{"loc":{"start":{"line":264,"column":4},"end":{"line":265,"column":42}},"type":"if","locations":[{"start":{"line":264,"column":4},"end":{"line":265,"column":42}},{"start":{"line":264,"column":4},"end":{"line":265,"column":42}}],"line":264},"23":{"loc":{"start":{"line":266,"column":4},"end":{"line":267,"column":43}},"type":"if","locations":[{"start":{"line":266,"column":4},"end":{"line":267,"column":43}},{"start":{"line":266,"column":4},"end":{"line":267,"column":43}}],"line":266}},"s":{"0":13,"1":13,"2":13,"3":13,"4":13,"5":25,"6":1,"7":24,"8":1,"9":23,"10":23,"11":23,"12":21,"13":2,"14":2,"15":2,"16":1,"17":2,"18":1,"19":2,"20":13,"21":14,"22":1,"23":13,"24":1,"25":12,"26":12,"27":9,"28":2,"29":7,"30":7,"31":29,"32":7,"33":7,"34":11,"35":11,"36":11,"37":11,"38":11,"39":11,"40":0,"41":7,"42":3,"43":3,"44":3,"45":3,"46":3,"47":13,"48":16,"49":16,"50":11,"51":11,"52":5,"53":5,"54":13,"55":16,"56":5,"57":5,"58":5,"59":11,"60":11,"61":13,"62":4,"63":1,"64":3,"65":1,"66":2,"67":2,"68":1,"69":1,"70":1,"71":1,"72":1,"73":1,"74":1,"75":1,"76":1,"77":1,"78":1,"79":1,"80":0,"81":0,"82":1,"83":0,"84":0,"85":13,"86":28,"87":1,"88":27,"89":1,"90":26,"91":26,"92":23,"93":3,"94":3,"95":3,"96":2,"97":3,"98":1,"99":3,"100":13,"101":5,"102":1,"103":4,"104":1,"105":3,"106":3,"107":1,"108":2,"109":2,"110":2,"111":1,"112":2,"113":1,"114":2,"115":13},"f":{"0":25,"1":14,"2":29,"3":16,"4":16,"5":4,"6":1,"7":28,"8":5},"b":{"0":[1,24],"1":[1,23],"2":[1,1],"3":[1,1],"4":[1,13],"5":[1,12],"6":[2,7],"7":[7,11,11,0],"8":[3,0],"9":[11,5],"10":[16,16],"11":[5,11],"12":[1,3],"13":[1,2],"14":[1,1],"15":[1,0],"16":[1,27],"17":[1,26],"18":[2,1],"19":[1,2],"20":[1,4],"21":[1,3],"22":[1,1],"23":[1,1]},"_coverageSchema":"1a1c01bbd47fc00a2c39e90264f33305004495a9","hash":"1eaf2f5a35533dbdbbbe1e767b4c66a2032ea114"}
,"/Users/tnorlund/Blog-backend/code/nodejs/data/project.js": {"path":"/Users/tnorlund/Blog-backend/code/nodejs/data/project.js","statementMap":{"0":{"start":{"line":1,"column":12},"end":{"line":1,"column":32}},"1":{"start":{"line":2,"column":17},"end":{"line":2,"column":35}},"2":{"start":{"line":5,"column":4},"end":{"line":5,"column":28}},"3":{"start":{"line":12,"column":19},"end":{"line":50,"column":1}},"4":{"start":{"line":13,"column":2},"end":{"line":14,"column":61}},"5":{"start":{"line":14,"column":4},"end":{"line":14,"column":61}},"6":{"start":{"line":15,"column":2},"end":{"line":15,"column":77}},"7":{"start":{"line":15,"column":39},"end":{"line":15,"column":77}},"8":{"start":{"line":16,"column":15},"end":{"line":16,"column":29}},"9":{"start":{"line":17,"column":2},"end":{"line":49,"column":3}},"10":{"start":{"line":18,"column":4},"end":{"line":39,"column":17}},"11":{"start":{"line":40,"column":4},"end":{"line":40,"column":22}},"12":{"start":{"line":42,"column":4},"end":{"line":42,"column":39}},"13":{"start":{"line":43,"column":23},"end":{"line":43,"column":54}},"14":{"start":{"line":44,"column":4},"end":{"line":45,"column":64}},"15":{"start":{"line":45,"column":6},"end":{"line":45,"column":64}},"16":{"start":{"line":46,"column":4},"end":{"line":47,"column":43}},"17":{"start":{"line":47,"column":6},"end":{"line":47,"column":43}},"18":{"start":{"line":48,"column":4},"end":{"line":48,"column":36}},"19":{"start":{"line":57,"column":19},"end":{"line":75,"column":1}},"20":{"start":{"line":58,"column":2},"end":{"line":59,"column":61}},"21":{"start":{"line":59,"column":4},"end":{"line":59,"column":61}},"22":{"start":{"line":60,"column":2},"end":{"line":60,"column":77}},"23":{"start":{"line":60,"column":39},"end":{"line":60,"column":77}},"24":{"start":{"line":61,"column":2},"end":{"line":74,"column":3}},"25":{"start":{"line":62,"column":19},"end":{"line":65,"column":17}},"26":{"start":{"line":66,"column":4},"end":{"line":67,"column":59}},"27":{"start":{"line":66,"column":24},"end":{"line":66,"column":66}},"28":{"start":{"line":67,"column":9},"end":{"line":67,"column":59}},"29":{"start":{"line":69,"column":4},"end":{"line":69,"column":39}},"30":{"start":{"line":70,"column":23},"end":{"line":70,"column":46}},"31":{"start":{"line":71,"column":4},"end":{"line":72,"column":43}},"32":{"start":{"line":72,"column":6},"end":{"line":72,"column":43}},"33":{"start":{"line":73,"column":4},"end":{"line":73,"column":34}},"34":{"start":{"line":82,"column":26},"end":{"line":118,"column":1}},"35":{"start":{"line":83,"column":2},"end":{"line":84,"column":61}},"36":{"start":{"line":84,"column":4},"end":{"line":84,"column":61}},"37":{"start":{"line":85,"column":2},"end":{"line":85,"column":77}},"38":{"start":{"line":85,"column":39},"end":{"line":85,"column":77}},"39":{"start":{"line":86,"column":2},"end":{"line":117,"column":3}},"40":{"start":{"line":87,"column":17},"end":{"line":94,"column":17}},"41":{"start":{"line":95,"column":4},"end":{"line":95,"column":78}},"42":{"start":{"line":95,"column":36},"end":{"line":95,"column":78}},"43":{"start":{"line":96,"column":26},"end":{"line":98,"column":5}},"44":{"start":{"line":99,"column":4},"end":{"line":109,"column":7}},"45":{"start":{"line":100,"column":6},"end":{"line":108,"column":7}},"46":{"start":{"line":102,"column":10},"end":{"line":102,"column":62}},"47":{"start":{"line":103,"column":10},"end":{"line":103,"column":15}},"48":{"start":{"line":105,"column":10},"end":{"line":105,"column":73}},"49":{"start":{"line":106,"column":10},"end":{"line":106,"column":15}},"50":{"start":{"line":107,"column":17},"end":{"line":107,"column":71}},"51":{"start":{"line":110,"column":4},"end":{"line":110,"column":26}},"52":{"start":{"line":112,"column":4},"end":{"line":112,"column":46}},"53":{"start":{"line":113,"column":23},"end":{"line":113,"column":54}},"54":{"start":{"line":114,"column":4},"end":{"line":115,"column":43}},"55":{"start":{"line":115,"column":6},"end":{"line":115,"column":43
[...]
":{"loc":{"start":{"line":9,"column":4},"end":{"line":9,"column":26}},"type":"default-arg","locations":[{"start":{"line":9,"column":16},"end":{"line":9,"column":26}}],"line":9},"1":{"loc":{"start":{"line":10,"column":4},"end":{"line":10,"column":19}},"type":"default-arg","locations":[{"start":{"line":10,"column":17},"end":{"line":10,"column":19}}],"line":10},"2":{"loc":{"start":{"line":12,"column":4},"end":{"line":13,"column":52}},"type":"if","locations":[{"start":{"line":12,"column":4},"end":{"line":13,"column":52}},{"start":{"line":12,"column":4},"end":{"line":13,"column":52}}],"line":12},"3":{"loc":{"start":{"line":14,"column":4},"end":{"line":15,"column":57}},"type":"if","locations":[{"start":{"line":14,"column":4},"end":{"line":15,"column":57}},{"start":{"line":14,"column":4},"end":{"line":15,"column":57}}],"line":14},"4":{"loc":{"start":{"line":17,"column":4},"end":{"line":18,"column":58}},"type":"if","locations":[{"start":{"line":17,"column":4},"end":{"line":18,"column":58}},{"start":{"line":17,"column":4},"end":{"line":18,"column":58}}],"line":17},"5":{"loc":{"start":{"line":20,"column":4},"end":{"line":21,"column":48}},"type":"if","locations":[{"start":{"line":20,"column":4},"end":{"line":21,"column":48}},{"start":{"line":20,"column":4},"end":{"line":21,"column":48}}],"line":20},"6":{"loc":{"start":{"line":23,"column":4},"end":{"line":24,"column":54}},"type":"if","locations":[{"start":{"line":23,"column":4},"end":{"line":24,"column":54}},{"start":{"line":23,"column":4},"end":{"line":24,"column":54}}],"line":23},"7":{"loc":{"start":{"line":25,"column":4},"end":{"line":26,"column":55}},"type":"if","locations":[{"start":{"line":25,"column":4},"end":{"line":26,"column":55}},{"start":{"line":25,"column":4},"end":{"line":26,"column":55}}],"line":25},"8":{"loc":{"start":{"line":27,"column":4},"end":{"line":28,"column":55}},"type":"if","locations":[{"start":{"line":27,"column":4},"end":{"line":28,"column":55}},{"start":{"line":27,"column":4},"end":{"line":28,"column":55}}],"line":27},"9":{"loc":{"start":{"line":30,"column":4},"end":{"line":33,"column":7}},"type":"if","locations":[{"start":{"line":30,"column":4},"end":{"line":33,"column":7}},{"start":{"line":30,"column":4},"end":{"line":33,"column":7}}],"line":30},"10":{"loc":{"start":{"line":35,"column":21},"end":{"line":36,"column":40}},"type":"cond-expr","locations":[{"start":{"line":36,"column":6},"end":{"line":36,"column":28}},{"start":{"line":36,"column":31},"end":{"line":36,"column":40}}],"line":35},"11":{"loc":{"start":{"line":37,"column":4},"end":{"line":38,"column":62}},"type":"if","locations":[{"start":{"line":37,"column":4},"end":{"line":38,"column":62}},{"start":{"line":37,"column":4},"end":{"line":38,"column":62}}],"line":37},"12":{"loc":{"start":{"line":39,"column":4},"end":{"line":40,"column":60}},"type":"if","locations":[{"start":{"line":39,"column":4},"end":{"line":40,"column":60}},{"start":{"line":39,"column":4},"end":{"line":40,"column":60}}],"line":39},"13":{"loc":{"start":{"line":42,"column":6},"end":{"line":46,"column":7}},"type":"if","locations":[{"start":{"line":42,"column":6},"end":{"line":46,"column":7}},{"start":{"line":42,"column":6},"end":{"line":46,"column":7}}],"line":42},"14":{"loc":{"start":{"line":43,"column":11},"end":{"line":46,"column":7}},"type":"if","locations":[{"start":{"line":43,"column":11},"end":{"line":46,"column":7}},{"start":{"line":43,"column":11},"end":{"line":46,"column":7}}],"line":43}},"s":{"0":31,"1":70,"2":1,"3":69,"4":2,"5":67,"6":67,"7":1,"8":66,"9":66,"10":1,"11":65,"12":65,"13":1,"14":64,"15":1,"16":63,"17":1,"18":62,"19":62,"20":1,"21":61,"22":61,"23":61,"24":1,"25":60,"26":1,"27":59,"28":71,"29":46,"30":25,"31":24,"32":1,"33":1,"34":37,"35":1,"36":29,"37":35,"38":28,"39":31,"40":16,"41":16,"42":22,"43":31},"f":{"0":70,"1":71,"2":1,"3":37,"4":1,"5":29,"6":35,"7":28,"8":16,"9":16,"10":22},"b":{"0":[41],"1":[9],"2":[1,69],"3":[2,67],"4":[1,66],"5":[1,65],"6":[1,64],"7":[1,63],"8":[1,62],"9":[1,61],"10":[17,44],"11":[1,60],"12":[1,59],"13":[46,25],"14":[24,1]},"_coverageSchema":"1a1c01bbd47fc00a2c39e90264f33305004495a9","hash":"b53900fea79eea870dee14d4ff9b8f6c3e03caaf"}
,"/Users/tnorlund/Blog-backend/code/nodejs/entities/week.js": {"path":"/Users/tnorlund/Blog-backend/code/nodejs/entities/week.js","statementMap":{"0":{"start":{"line":3,"column":4},"end":{"line":3,"column":24}},"1":{"start":{"line":14,"column":4},"end":{"line":15,"column":41}},"2":{"start":{"line":15,"column":6},"end":{"line":15,"column":41}},"3":{"start":{"line":16,"column":4},"end":{"line":16,"column":20}},"4":{"start":{"line":17,"column":4},"end":{"line":18,"column":42}},"5":{"start":{"line":18,"column":6},"end":{"line":18,"column":42}},"6":{"start":{"line":19,"column":4},"end":{"line":19,"column":22}},"7":{"start":{"line":20,"column":4},"end":{"line":21,"column":41}},"8":{"start":{"line":21,"column":6},"end":{"line":21,"column":41}},"9":{"start":{"line":22,"column":23},"end":{"line":22,"column":56}},"10":{"start":{"line":23,"column":4},"end":{"line":24,"column":62}},"11":{"start":{"line":24,"column":6},"end":{"line":24,"column":62}},"12":{"start":{"line":25,"column":4},"end":{"line":25,"column":43}},"13":{"start":{"line":26,"column":4},"end":{"line":26,"column":43}},"14":{"start":{"line":27,"column":4},"end":{"line":28,"column":59}},"15":{"start":{"line":28,"column":6},"end":{"line":28,"column":59}},"16":{"start":{"line":29,"column":4},"end":{"line":30,"column":62}},"17":{"start":{"line":30,"column":6},"end":{"line":30,"column":62}},"18":{"start":{"line":31,"column":4},"end":{"line":32,"column":71}},"19":{"start":{"line":32,"column":6},"end":{"line":32,"column":71}},"20":{"start":{"line":33,"column":4},"end":{"line":33,"column":54}},"21":{"start":{"line":34,"column":4},"end":{"line":35,"column":61}},"22":{"start":{"line":35,"column":6},"end":{"line":35,"column":61}},"23":{"start":{"line":36,"column":4},"end":{"line":37,"column":64}},"24":{"start":{"line":37,"column":6},"end":{"line":37,"column":64}},"25":{"start":{"line":38,"column":4},"end":{"line":39,"column":73}},"26":{"start":{"line":39,"column":6},"end":{"line":39,"column":73}},"27":{"start":{"line":40,"column":4},"end":{"line":40,"column":48}},"28":{"start":{"line":41,"column":4},"end":{"line":42,"column":54}},"29":{"start":{"line":42,"column":6},"end":{"line":42,"column":54}},"30":{"start":{"line":43,"column":4},"end":{"line":44,"column":57}},"31":{"start":{"line":44,"column":6},"end":{"line":44,"column":57}},"32":{"start":{"line":45,"column":4},"end":{"line":46,"column":66}},"33":{"start":{"line":46,"column":6},"end":{"line":46,"column":66}},"34":{"start":{"line":47,"column":4},"end":{"line":47,"column":50}},"35":{"start":{"line":48,"column":4},"end":{"line":48,"column":28}},"36":{"start":{"line":49,"column":4},"end":{"line":49,"column":24}},"37":{"start":{"line":56,"column":4},"end":{"line":56,"column":59}},"38":{"start":{"line":63,"column":4},"end":{"line":67,"column":5}},"39":{"start":{"line":74,"column":4},"end":{"line":74,"column":59}},"40":{"start":{"line":81,"column":4},"end":{"line":85,"column":5}},"41":{"start":{"line":92,"column":4},"end":{"line":103,"column":5}},"42":{"start":{"line":107,"column":21},"end":{"line":118,"column":1}},"43":{"start":{"line":108,"column":2},"end":{"line":117,"column":5}},"44":{"start":{"line":120,"column":0},"end":{"line":120,"column":39}}},"fnMap":{"0":{"name":"(anonymous_0)","decl":{"start":{"line":10,"column":2},"end":{"line":10,"column":3}},"loc":{"start":{"line":13,"column":6},"end":{"line":50,"column":3}},"line":13},"1":{"name":"(anonymous_1)","decl":{"start":{"line":55,"column":2},"end":{"line":55,"column":3}},"loc":{"start":{"line":55,"column":7},"end":{"line":57,"column":3}},"line":55},"2":{"name":"(anonymous_2)","decl":{"start":{"line":62,"column":2},"end":{"line":62,"column":3}},"loc":{"start":{"line":62,"column":8},"end":{"line":68,"column":3}},"line":62},"3":{"name":"(anonymous_3)","decl":{"start":{"line":73,"column":2},"end":{"line":73,"column":3}},"loc":{"start":{"line":73,"column":11},"end":{"line":75,"column":3}},"line":73},"4":{"name":"(anonymous_4)","decl":{"start":{"line":80,"column":2},"end":{"line":80,"column":3}},"loc":{"start":{"line":80,"column":9},"end":{"line":86,"column":3}},"line":80},"5":{"name":"(anonymous_5)","decl":{"start":{"line":91,"column":2},"end":{"line":91,"column":3}},"loc":{"start":{"line":91,"column":11},"end":{"line":104,"column":3}},"line":91},"6":{"name":"(anonymous_6)","decl":{"start":{"line":107,"column":21},"end":{"line":107,"column":22}},"loc":{"start":{"line":107,"column":33},"end":{"line":118,"column":1}},"line":107}},"branchMap":{"0":{"loc":{"start":{"line":14,"column":4},"end":{"line":15,"column":41}},"type":"if","locations":[{"start":{"line":14,"column":4},"end":{"line":15,"column":41}},{"start":{"line":14,"column":4},"end":{"line":15,"column":41}}],"line":14},"1":{"loc":{"start":{"line":17,"column":4},"end":{"line":18,"column":42}},"type":"if","locations":[{"start":{"line":17,"column":4},"end":{"line":18,"column":42}},{"start":{"line":17,"column":4},"end":{"line":18,"column":42}}],"line":17},"2":{"loc":{"start":{"line":20,"column":4},"end":{"line":21,"column":41}},"type":"if","locations":[{"start":{"line":20,"column":4},"end":{"line":21,"column":41}},{"start":{"line":20,"column":4},"end":{"line":21,"column":41}}],"line":20},"3":{"loc":{"start":{"line":23,"column":4},"end":{"line":24,"column":62}},"type":"if","locations":[{"start":{"line":23,"column":4},"end":{"line":24,"column":62}},{"start":{"line":23,"column":4},"end":{"line":24,"column":62}}],"line":23},"4":{"loc":{"start":{"line":27,"column":4},"end":{"line":28,"column":59}},"type":"if","locations":[{"start":{"line":27,"column":4},"end":{"line":28,"column":59}},{"start":{"line":27,"column":4},"end":{"line":28,"column":59}}],"line":27},"5":{"loc":{"start":{"line":29,"column":4},"end":{"line":30,"column":62}},"type":"if","locations":[{"start":{"line":29,"column":4},"end":{"line":30,"column":62}},{"start":{"line":29,"column":4},"end":{"line":30,"column":62}}],"line":29},"6":{"loc":{"start":{"line":31,"column":4},"end":{"line":32,"column":71}},"type":"if","locations":[{"start":{"line":31,"column":4},"end":{"line":32,"column":71}},{"start":{"line":31,"column":4},"end":{"line":32,"column":71}}],"line":31},"7":{"loc":{"start":{"line":34,"column":4},"end":{"line":35,"column":61}},"type":"if","locations":[{"start":{"line":34,"column":4},"end":{"line":35,"column":61}},{"start":{"line":34,"column":4},"end":{"line":35,"column":61}}],"line":34},"8":{"loc":{"start":{"line":36,"column":4},"end":{"line":37,"column":64}},"type":"if","locations":[{"start":{"line":36,"column":4},"end":{"line":37,"column":64}},{"start":{"line":36,"column":4},"end":{"line":37,"column":64}}],"line":36},"9":{"loc":{"start":{"line":38,"column":4},"end":{"line":39,"column":73}},"type":"if","locations":[{"start":{"line":38,"column":4},"end":{"line":39,"column":73}},{"start":{"line":38,"column":4},"end":{"line":39,"column":73}}],"line":38},"10":{"loc":{"start":{"line":41,"column":4},"end":{"line":42,"column":54}},"type":"if","locations":[{"start":{"line":41,"column":4},"end":{"line":42,"column":54}},{"start":{"line":41,"column":4},"end":{"line":42,"column":54}}],"line":41},"11":{"loc":{"start":{"line":43,"column":4},"end":{"line":44,"column":57}},"type":"if","locations":[{"start":{"line":43,"column":4},"end":{"line":44,"column":57}},{"start":{"line":43,"column":4},"end":{"line":44,"column":57}}],"line":43},"12":{"loc":{"start":{"line":45,"column":4},"end":{"line":46,"column":66}},"type":"if","locations":[{"start":{"line":45,"column":4},"end":{"line":46,"column":66}},{"start":{"line":45,"column":4},"end":{"line":46,"column":66}}],"line":45}},"s":{"0":31,"1":24,"2":1,"3":23,"4":23,"5":1,"6":22,"7":22,"8":1,"9":21,"10":21,"11":1,"12":20,"13":20,"14":20,"15":1,"16":19,"17":1,"18":18,"19":1,"20":17,"21":17,"22":1,"23":16,"24":1,"25":15,"26":1,"27":14,"28":14,"29":1,"30":13,"31":1,"32":12,"33":1,"34":11,"35":11,"36":11,"37":1,"38":3,"39":1,"40":3,"41":2,"42":31,"43":1,"44":31},"f":{"0":24,"1":1,"2":3,"3":1,"4":3,"5":2,"6":1},"b":{"0":[1,23],"1":[1,22],"2":[1,21],"3":[1,20],"4":[1,19],"5":[1,18],"6":[1,17],"7":[1,16],"8":[1,15],"9":[1,14],"10":[1,13],"11":[1,12],"12":[1,11]},"_coverageSchema":"1a1c01bbd47fc00a2c39e90264f33305004495a9","hash":"6c31c79f93365b5f4bded5318fde26ebe69a048d"}
,"/Users/tnorlund/Blog-backend/code/nodejs/entities/year.js": {"path":"/Users/tnorlund/Blog-backend/code/nodejs/entities/year.js","statementMap":{"0":{"start":{"line":3,"column":4},"end":{"line":3,"column":24}},"1":{"start":{"line":14,"column":4},"end":{"line":15,"column":41}},"2":{"start":{"line":15,"column":6},"end":{"line":15,"column":41}},"3":{"start":{"line":16,"column":4},"end":{"line":16,"column":20}},"4":{"start":{"line":17,"column":4},"end":{"line":18,"column":42}},"5":{"start":{"line":18,"column":6},"end":{"line":18,"column":42}},"6":{"start":{"line":19,"column":4},"end":{"line":19,"column":22}},"7":{"start":{"line":20,"column":4},"end":{"line":21,"column":41}},"8":{"start":{"line":21,"column":6},"end":{"line":21,"column":41}},"9":{"start":{"line":22,"column":4},"end":{"line":22,"column":32}},"10":{"start":{"line":23,"column":4},"end":{"line":24,"column":59}},"11":{"start":{"line":24,"column":6},"end":{"line":24,"column":59}},"12":{"start":{"line":25,"column":4},"end":{"line":26,"column":62}},"13":{"start":{"line":26,"column":6},"end":{"line":26,"column":62}},"14":{"start":{"line":27,"column":4},"end":{"line":28,"column":71}},"15":{"start":{"line":28,"column":6},"end":{"line":28,"column":71}},"16":{"start":{"line":29,"column":4},"end":{"line":29,"column":54}},"17":{"start":{"line":30,"column":4},"end":{"line":31,"column":61}},"18":{"start":{"line":31,"column":6},"end":{"line":31,"column":61}},"19":{"start":{"line":32,"column":4},"end":{"line":33,"column":64}},"20":{"start":{"line":33,"column":6},"end":{"line":33,"column":64}},"21":{"start":{"line":34,"column":4},"end":{"line":35,"column":73}},"22":{"start":{"line":35,"column":6},"end":{"line":35,"column":73}},"23":{"start":{"line":36,"column":4},"end":{"line":36,"column":48}},"24":{"start":{"line":37,"column":4},"end":{"line":38,"column":54}},"25":{"start":{"line":38,"column":6},"end":{"line":38,"column":54}},"26":{"start":{"line":39,"column":4},"end":{"line":40,"column":57}},"27":{"start":{"line":40,"column":6},"end":{"line":40,"column":57}},"28":{"start":{"line":41,"column":4},"end":{"line":42,"column":66}},"29":{"start":{"line":42,"column":6},"end":{"line":42,"column":66}},"30":{"start":{"line":43,"column":4},"end":{"line":43,"column":50}},"31":{"start":{"line":44,"column":4},"end":{"line":44,"column":28}},"32":{"start":{"line":45,"column":4},"end":{"line":45,"column":24}},"33":{"start":{"line":52,"column":4},"end":{"line":52,"column":59}},"34":{"start":{"line":59,"column":4},"end":{"line":63,"column":5}},"35":{"start":{"line":70,"column":4},"end":{"line":70,"column":59}},"36":{"start":{"line":77,"column":4},"end":{"line":81,"column":5}},"37":{"start":{"line":88,"column":4},"end":{"line":99,"column":5}},"38":{"start":{"line":103,"column":21},"end":{"line":114,"column":1}},"39":{"start":{"line":104,"column":2},"end":{"line":113,"column":5}},"40":{"start":{"line":116,"column":0},"end":{"line":116,"column":39}}},"fnMap":{"0":{"name":"(anonymous_0)","decl":{"start":{"line":10,"column":2},"end":{"line":10,"column":3}},"loc":{"start":{"line":13,"column":6},"end":{"line":46,"column":3}},"line":13},"1":{"name":"(anonymous_1)","decl":{"start":{"line":51,"column":2},"end":{"line":51,"column":3}},"loc":{"start":{"line":51,"column":7},"end":{"line":53,"column":3}},"line":51},"2":{"name":"(anonymous_2)","decl":{"start":{"line":58,"column":2},"end":{"line":58,"column":3}},"loc":{"start":{"line":58,"column":8},"end":{"line":64,"column":3}},"line":58},"3":{"name":"(anonymous_3)","decl":{"start":{"line":69,"column":2},"end":{"line":69,"column":3}},"loc":{"start":{"line":69,"column":11},"end":{"line":71,"column":3}},"line":69},"4":{"name":"(anonymous_4)","decl":{"start":{"line":76,"column":2},"end":{"line":76,"column":3}},"loc":{"start":{"line":76,"column":9},"end":{"line":82,"column":3}},"line":76},"5":{"name":"(anonymous_5)","decl":{"start":{"line":87,"column":2},"end":{"line":87,"column":3}},"loc":{"start":{"line":87,"column":11},"end":{"line":100,"column":3}},"line":87},"6":{"name":"(anonymous_6)","decl":{"start":{"line":103,"column":21},"end":{"line":103,"column":22}},"loc":{"start":{"line":103,"column":33},"end":{"line":114,"column":1}},"line":103}},"branchMap":{"0":{"loc":{"start":{"line":14,"column":4},"end":{"line":15,"column":41}},"type":"if","locations":[{"start":{"line":14,"column":4},"end":{"line":15,"column":41}},{"start":{"line":14,"column":4},"end":{"line":15,"column":41}}],"line":14},"1":{"loc":{"start":{"line":17,"column":4},"end":{"line":18,"column":42}},"type":"if","locations":[{"start":{"line":17,"column":4},"end":{"line":18,"column":42}},{"start":{"line":17,"column":4},"end":{"line":18,"column":42}}],"line":17},"2":{"loc":{"start":{"line":20,"column":4},"end":{"line":21,"column":41}},"type":"if","locations":[{"start":{"line":20,"column":4},"end":{"line":21,"column":41}},{"start":{"line":20,"column":4},"end":{"line":21,"column":41}}],"line":20},"3":{"loc":{"start":{"line":23,"column":4},"end":{"line":24,"column":59}},"type":"if","locations":[{"start":{"line":23,"column":4},"end":{"line":24,"column":59}},{"start":{"line":23,"column":4},"end":{"line":24,"column":59}}],"line":23},"4":{"loc":{"start":{"line":25,"column":4},"end":{"line":26,"column":62}},"type":"if","locations":[{"start":{"line":25,"column":4},"end":{"line":26,"column":62}},{"start":{"line":25,"column":4},"end":{"line":26,"column":62}}],"line":25},"5":{"loc":{"start":{"line":27,"column":4},"end":{"line":28,"column":71}},"type":"if","locations":[{"start":{"line":27,"column":4},"end":{"line":28,"column":71}},{"start":{"line":27,"column":4},"end":{"line":28,"column":71}}],"line":27},"6":{"loc":{"start":{"line":30,"column":4},"end":{"line":31,"column":61}},"type":"if","locations":[{"start":{"line":30,"column":4},"end":{"line":31,"column":61}},{"start":{"line":30,"column":4},"end":{"line":31,"column":61}}],"line":30},"7":{"loc":{"start":{"line":32,"column":4},"end":{"line":33,"column":64}},"type":"if","locations":[{"start":{"line":32,"column":4},"end":{"line":33,"column":64}},{"start":{"line":32,"column":4},"end":{"line":33,"column":64}}],"line":32},"8":{"loc":{"start":{"line":34,"column":4},"end":{"line":35,"column":73}},"type":"if","locations":[{"start":{"line":34,"column":4},"end":{"line":35,"column":73}},{"start":{"line":34,"column":4},"end":{"line":35,"column":73}}],"line":34},"9":{"loc":{"start":{"line":37,"column":4},"end":{"line":38,"column":54}},"type":"if","locations":[{"start":{"line":37,"column":4},"end":{"line":38,"column":54}},{"start":{"line":37,"column":4},"end":{"line":38,"column":54}}],"line":37},"10":{"loc":{"start":{"line":39,"column":4},"end":{"line":40,"column":57}},"type":"if","locations":[{"start":{"line":39,"column":4},"end":{"line":40,"column":57}},{"start":{"line":39,"column":4},"end":{"line":40,"column":57}}],"line":39},"11":{"loc":{"start":{"line":41,"column":4},"end":{"line":42,"column":66}},"type":"if","locations":[{"start":{"line":41,"column":4},"end":{"line":42,"column":66}},{"start":{"line":41,"column":4},"end":{"line":42,"column":66}}],"line":41}},"s":{"0":31,"1":24,"2":1,"3":23,"4":23,"5":1,"6":22,"7":22,"8":2,"9":20,"10":20,"11":1,"12":19,"13":1,"14":18,"15":1,"16":17,"17":17,"18":1,"19":16,"20":1,"21":15,"22":1,"23":14,"24":14,"25":1,"26":13,"27":1,"28":12,"29":1,"30":11,"31":11,"32":11,"33":1,"34":3,"35":1,"36":3,"37":2,"38":31,"39":1,"40":31},"f":{"0":24,"1":1,"2":3,"3":1,"4":3,"5":2,"6":1},"b":{"0":[1,23],"1":[1,22],"2":[2,20],"3":[1,19],"4":[1,18],"5":[1,17],"6":[1,16],"7":[1,15],"8":[1,14],"9":[1,13],"10":[1,12],"11":[1,11]},"_coverageSchema":"1a1c01bbd47fc00a2c39e90264f33305004495a9","hash":"712dd4586d68e4f4b5ec3c30092c0c692fedcaa3"}
}
