TN:
SF:data/blog.js
FN:11,(anonymous_0)
FN:37,(anonymous_1)
FN:62,(anonymous_2)
FN:104,(anonymous_3)
FN:144,(anonymous_4)
FN:173,(anonymous_5)
FN:202,(anonymous_6)
FN:231,(anonymous_7)
FN:260,(anonymous_8)
FN:289,(anonymous_9)
FNF:10
FNH:10
FNDA:71,(anonymous_0)
FNDA:4,(anonymous_1)
FNDA:5,(anonymous_2)
FNDA:4,(anonymous_3)
FNDA:48,(anonymous_4)
FNDA:4,(anonymous_5)
FNDA:4,(anonymous_6)
FNDA:4,(anonymous_7)
FNDA:4,(anonymous_8)
FNDA:4,(anonymous_9)
DA:1,14
DA:2,14
DA:3,14
DA:11,14
DA:12,71
DA:13,1
DA:14,70
DA:15,1
DA:16,69
DA:17,69
DA:22,67
DA:24,2
DA:25,2
DA:26,1
DA:27,2
DA:28,1
DA:29,2
DA:37,14
DA:38,4
DA:39,1
DA:40,3
DA:41,3
DA:42,3
DA:46,2
DA:47,1
DA:49,1
DA:50,1
DA:51,1
DA:52,1
DA:62,14
DA:63,5
DA:64,1
DA:65,4
DA:66,1
DA:67,3
DA:68,3
DA:86,1
DA:90,2
DA:91,2
DA:92,1
DA:93,2
DA:94,1
DA:95,2
DA:104,14
DA:105,4
DA:106,1
DA:107,3
DA:108,3
DA:109,3
DA:127,1
DA:131,2
DA:132,2
DA:133,1
DA:134,2
DA:135,1
DA:136,2
DA:144,14
DA:145,48
DA:146,1
DA:147,47
DA:148,47
DA:149,47
DA:158,44
DA:160,3
DA:161,3
DA:162,1
DA:163,3
DA:164,2
DA:165,3
DA:173,14
DA:174,4
DA:175,1
DA:176,3
DA:177,3
DA:178,3
DA:187,1
DA:189,2
DA:190,2
DA:191,1
DA:192,2
DA:193,1
DA:194,2
DA:202,14
DA:203,4
DA:204,1
DA:205,3
DA:206,3
DA:207,3
DA:216,1
DA:218,2
DA:219,2
DA:220,1
DA:221,2
DA:222,1
DA:223,2
DA:231,14
DA:232,4
DA:233,1
DA:234,3
DA:235,3
DA:236,3
DA:245,1
DA:247,2
DA:248,2
DA:249,1
DA:250,2
DA:251,1
DA:252,2
DA:260,14
DA:261,4
DA:262,1
DA:263,3
DA:264,3
DA:265,3
DA:274,1
DA:276,2
DA:277,2
DA:278,1
DA:279,2
DA:280,1
DA:281,2
DA:289,14
DA:290,4
DA:291,1
DA:292,3
DA:293,3
DA:294,3
DA:303,1
DA:305,2
DA:306,2
DA:307,1
DA:308,2
DA:309,1
DA:310,2
DA:314,14
LF:135
LH:135
BRDA:12,0,0,1
BRDA:12,0,1,70
BRDA:14,1,0,1
BRDA:14,1,1,69
BRDA:25,2,0,1
BRDA:25,2,1,1
BRDA:27,3,0,1
BRDA:27,3,1,1
BRDA:38,4,0,1
BRDA:38,4,1,3
BRDA:46,5,0,1
BRDA:46,5,1,1
BRDA:50,6,0,1
BRDA:50,6,1,0
BRDA:63,7,0,1
BRDA:63,7,1,4
BRDA:65,8,0,1
BRDA:65,8,1,3
BRDA:91,9,0,1
BRDA:91,9,1,1
BRDA:93,10,0,1
BRDA:93,10,1,1
BRDA:105,11,0,1
BRDA:105,11,1,3
BRDA:132,12,0,1
BRDA:132,12,1,1
BRDA:134,13,0,1
BRDA:134,13,1,1
BRDA:145,14,0,1
BRDA:145,14,1,47
BRDA:161,15,0,1
BRDA:161,15,1,2
BRDA:163,16,0,2
BRDA:163,16,1,1
BRDA:174,17,0,1
BRDA:174,17,1,3
BRDA:190,18,0,1
BRDA:190,18,1,1
BRDA:192,19,0,1
BRDA:192,19,1,1
BRDA:203,20,0,1
BRDA:203,20,1,3
BRDA:219,21,0,1
BRDA:219,21,1,1
BRDA:221,22,0,1
BRDA:221,22,1,1
BRDA:232,23,0,1
BRDA:232,23,1,3
BRDA:248,24,0,1
BRDA:248,24,1,1
BRDA:250,25,0,1
BRDA:250,25,1,1
BRDA:261,26,0,1
BRDA:261,26,1,3
BRDA:277,27,0,1
BRDA:277,27,1,1
BRDA:279,28,0,1
BRDA:279,28,1,1
BRDA:290,29,0,1
BRDA:290,29,1,3
BRDA:306,30,0,1
BRDA:306,30,1,1
BRDA:308,31,0,1
BRDA:308,31,1,1
BRF:64
BRH:63
end_of_record
TN:
SF:data/browser.js
FN:12,(anonymous_0)
FN:40,(anonymous_1)
FNF:2
FNH:2
FNDA:8,(anonymous_0)
FNDA:5,(anonymous_1)
DA:1,13
DA:2,13
DA:3,13
DA:12,13
DA:13,8
DA:14,1
DA:15,7
DA:16,6
DA:17,6
DA:22,4
DA:24,2
DA:25,2
DA:26,1
DA:27,2
DA:28,1
DA:29,2
DA:40,13
DA:41,5
DA:42,1
DA:43,4
DA:44,3
DA:45,3
DA:48,2
DA:49,1
DA:51,1
DA:52,1
DA:53,1
DA:54,1
DA:58,13
LF:29
LH:29
BRDA:13,0,0,1
BRDA:13,0,1,7
BRDA:15,1,0,1
BRDA:15,1,1,6
BRDA:25,2,0,1
BRDA:25,2,1,1
BRDA:27,3,0,1
BRDA:27,3,1,1
BRDA:41,4,0,1
BRDA:41,4,1,4
BRDA:43,5,0,1
BRDA:43,5,1,3
BRDA:48,6,0,1
BRDA:48,6,1,1
BRDA:52,7,0,1
BRDA:52,7,1,0
BRF:16
BRH:15
end_of_record
TN:
SF:data/comment.js
FN:23,(anonymous_0)
FN:115,(anonymous_1)
FN:139,(anonymous_2)
FN:199,(anonymous_3)
FN:215,(anonymous_4)
FN:251,(anonymous_5)
FN:287,(anonymous_6)
FN:323,(anonymous_7)
FNF:8
FNH:8
FNDA:29,(anonymous_0)
FNDA:5,(anonymous_1)
FNDA:5,(anonymous_2)
FNDA:3,(anonymous_3)
FNDA:10,(anonymous_4)
FNDA:5,(anonymous_5)
FNDA:5,(anonymous_6)
FNDA:5,(anonymous_7)
DA:1,13
DA:2,13
DA:5,13
DA:10,13
DA:11,13
DA:12,13
DA:23,13
DA:24,29
DA:25,1
DA:26,28
DA:27,27
DA:28,26
DA:29,1
DA:33,25
DA:34,25
DA:35,23
DA:36,23
DA:37,22
DA:38,22
DA:44,22
DA:45,17
DA:55,17
DA:65,5
DA:76,5
DA:85,22
DA:99,22
DA:100,22
DA:101,22
DA:103,0
DA:104,0
DA:105,0
DA:106,0
DA:115,13
DA:116,5
DA:117,1
DA:118,4
DA:119,3
DA:120,3
DA:124,2
DA:125,1
DA:127,1
DA:128,1
DA:129,1
DA:130,1
DA:139,13
DA:140,5
DA:141,1
DA:142,4
DA:143,3
DA:144,3
DA:145,3
DA:146,2
DA:150,2
DA:151,2
DA:152,2
DA:153,2
DA:154,2
DA:155,2
DA:157,2
DA:172,2
DA:174,2
DA:175,2
DA:180,0
DA:181,0
DA:186,2
DA:188,0
DA:199,13
DA:200,3
DA:201,1
DA:202,1
DA:205,2
DA:215,13
DA:216,10
DA:217,1
DA:218,9
DA:219,8
DA:220,8
DA:231,5
DA:232,5
DA:234,3
DA:236,3
DA:237,1
DA:238,3
DA:239,2
DA:240,3
DA:251,13
DA:252,5
DA:253,1
DA:254,4
DA:255,3
DA:256,3
DA:267,1
DA:268,1
DA:270,2
DA:272,2
DA:273,1
DA:274,2
DA:275,1
DA:276,2
DA:287,13
DA:288,5
DA:289,1
DA:290,4
DA:291,3
DA:292,3
DA:303,1
DA:304,1
DA:306,2
DA:308,2
DA:309,1
DA:310,2
DA:311,1
DA:312,2
DA:323,13
DA:324,5
DA:325,1
DA:326,4
DA:327,3
DA:328,3
DA:339,1
DA:340,1
DA:342,2
DA:344,2
DA:345,1
DA:346,2
DA:347,1
DA:348,2
DA:352,13
LF:128
LH:121
BRDA:24,0,0,1
BRDA:24,0,1,28
BRDA:26,1,0,1
BRDA:26,1,1,27
BRDA:27,2,0,1
BRDA:27,2,1,26
BRDA:28,3,0,1
BRDA:28,3,1,25
BRDA:34,4,0,2
BRDA:34,4,1,23
BRDA:36,5,0,1
BRDA:36,5,1,22
BRDA:38,6,0,0
BRDA:38,6,1,22
BRDA:44,7,0,17
BRDA:44,7,1,5
BRDA:104,8,0,0
BRDA:104,8,1,0
BRDA:116,9,0,1
BRDA:116,9,1,4
BRDA:118,10,0,1
BRDA:118,10,1,3
BRDA:124,11,0,1
BRDA:124,11,1,1
BRDA:128,12,0,1
BRDA:128,12,1,0
BRDA:140,13,0,1
BRDA:140,13,1,4
BRDA:142,14,0,1
BRDA:142,14,1,3
BRDA:145,15,0,1
BRDA:145,15,1,2
BRDA:174,16,0,2
BRDA:174,16,1,0
BRDA:200,17,0,1
BRDA:200,17,1,2
BRDA:216,18,0,1
BRDA:216,18,1,9
BRDA:218,19,0,1
BRDA:218,19,1,8
BRDA:236,20,0,1
BRDA:236,20,1,2
BRDA:238,21,0,2
BRDA:238,21,1,1
BRDA:252,22,0,1
BRDA:252,22,1,4
BRDA:254,23,0,1
BRDA:254,23,1,3
BRDA:272,24,0,1
BRDA:272,24,1,1
BRDA:274,25,0,1
BRDA:274,25,1,1
BRDA:288,26,0,1
BRDA:288,26,1,4
BRDA:290,27,0,1
BRDA:290,27,1,3
BRDA:308,28,0,1
BRDA:308,28,1,1
BRDA:310,29,0,1
BRDA:310,29,1,1
BRDA:324,30,0,1
BRDA:324,30,1,4
BRDA:326,31,0,1
BRDA:326,31,1,3
BRDA:344,32,0,1
BRDA:344,32,1,1
BRDA:346,33,0,1
BRDA:346,33,1,1
BRF:68
BRH:63
end_of_record
TN:
SF:data/index.js
FNF:0
FNH:0
DA:6,13
DA:10,13
DA:16,13
DA:20,13
DA:25,13
DA:29,13
DA:34,13
DA:38,13
DA:45,13
DA:47,13
DA:51,13
DA:53,13
DA:58,13
DA:60,13
LF:14
LH:14
BRF:0
BRH:0
end_of_record
TN:
SF:data/location.js
FN:13,(anonymous_0)
FN:41,(anonymous_1)
FN:65,(anonymous_2)
FN:68,(anonymous_3)
FN:103,(anonymous_4)
FN:105,(anonymous_5)
FN:111,(anonymous_6)
FN:112,(anonymous_7)
FN:118,(anonymous_8)
FN:126,(anonymous_9)
FNF:10
FNH:2
FNDA:7,(anonymous_0)
FNDA:5,(anonymous_1)
FNDA:0,(anonymous_2)
FNDA:0,(anonymous_3)
FNDA:0,(anonymous_4)
FNDA:0,(anonymous_5)
FNDA:0,(anonymous_6)
FNDA:0,(anonymous_7)
FNDA:0,(anonymous_8)
FNDA:0,(anonymous_9)
DA:1,13
DA:2,13
DA:3,13
DA:4,13
DA:13,13
DA:14,7
DA:15,1
DA:16,6
DA:17,5
DA:18,5
DA:23,3
DA:25,2
DA:26,2
DA:27,1
DA:28,2
DA:29,1
DA:30,2
DA:41,13
DA:42,5
DA:43,1
DA:44,4
DA:45,3
DA:46,3
DA:49,2
DA:50,1
DA:52,1
DA:53,1
DA:54,1
DA:55,1
DA:65,13
DA:66,0
DA:69,0
DA:70,0
DA:89,0
DA:90,0
DA:91,0
DA:93,0
DA:95,0
DA:96,0
DA:103,13
DA:104,0
DA:105,0
DA:106,0
DA:112,0
DA:114,0
DA:118,0
DA:119,0
DA:126,0
DA:130,0
DA:133,13
LF:50
LH:32
BRDA:14,0,0,1
BRDA:14,0,1,6
BRDA:16,1,0,1
BRDA:16,1,1,5
BRDA:26,2,0,1
BRDA:26,2,1,1
BRDA:28,3,0,1
BRDA:28,3,1,1
BRDA:42,4,0,1
BRDA:42,4,1,4
BRDA:44,5,0,1
BRDA:44,5,1,3
BRDA:49,6,0,1
BRDA:49,6,1,1
BRDA:53,7,0,1
BRDA:53,7,1,0
BRDA:69,8,0,0
BRDA:69,8,1,0
BRDA:77,9,0,0
BRDA:77,9,1,0
BRDA:80,10,0,0
BRDA:80,10,1,0
BRDA:82,11,0,0
BRDA:82,11,1,0
BRDA:90,12,0,0
BRDA:90,12,1,0
BRDA:95,13,0,0
BRDA:95,13,1,0
BRF:28
BRH:15
end_of_record
TN:
SF:data/post.js
FN:14,(anonymous_0)
FN:59,(anonymous_1)
FN:77,(anonymous_2)
FN:113,(anonymous_3)
FN:138,(anonymous_4)
FN:156,(anonymous_5)
FN:166,(anonymous_6)
FN:203,(anonymous_7)
FN:238,(anonymous_8)
FNF:9
FNH:9
FNDA:25,(anonymous_0)
FNDA:14,(anonymous_1)
FNDA:29,(anonymous_2)
FNDA:16,(anonymous_3)
FNDA:16,(anonymous_4)
FNDA:4,(anonymous_5)
FNDA:1,(anonymous_6)
FNDA:28,(anonymous_7)
FNDA:5,(anonymous_8)
DA:1,13
DA:2,13
DA:3,13
DA:6,13
DA:14,13
DA:15,25
DA:16,1
DA:17,24
DA:18,23
DA:19,23
DA:20,23
DA:42,21
DA:44,2
DA:45,2
DA:46,1
DA:47,2
DA:48,1
DA:49,2
DA:59,13
DA:60,14
DA:61,1
DA:62,13
DA:63,1
DA:64,12
DA:65,12
DA:73,9
DA:75,7
DA:77,7
DA:78,29
DA:80,7
DA:82,11
DA:83,11
DA:86,11
DA:89,11
DA:90,11
DA:93,11
DA:95,0
DA:98,7
DA:100,3
DA:101,3
DA:102,3
DA:103,3
DA:113,13
DA:114,16
DA:117,16
DA:121,11
DA:122,11
DA:125,5
DA:128,5
DA:138,13
DA:139,16
DA:140,5
DA:141,5
DA:144,5
DA:146,11
DA:147,11
DA:156,13
DA:157,4
DA:158,1
DA:159,3
DA:160,2
DA:161,2
DA:162,1
DA:163,1
DA:164,1
DA:165,1
DA:166,1
DA:167,1
DA:169,1
DA:170,1
DA:177,1
DA:179,1
DA:180,1
DA:185,0
DA:186,0
DA:191,1
DA:193,0
DA:194,0
DA:203,13
DA:204,28
DA:205,1
DA:206,27
DA:207,1
DA:208,26
DA:209,26
DA:218,23
DA:224,3
DA:225,3
DA:226,2
DA:227,3
DA:228,1
DA:229,3
DA:238,13
DA:239,5
DA:240,1
DA:241,4
DA:242,1
DA:243,3
DA:244,3
DA:253,1
DA:259,2
DA:260,2
DA:261,1
DA:262,2
DA:263,1
DA:264,2
DA:268,13
LF:107
LH:102
BRDA:15,0,0,1
BRDA:15,0,1,24
BRDA:17,1,0,1
BRDA:17,1,1,23
BRDA:45,2,0,1
BRDA:45,2,1,1
BRDA:47,3,0,1
BRDA:47,3,1,1
BRDA:60,4,0,1
BRDA:60,4,1,13
BRDA:62,5,0,1
BRDA:62,5,1,12
BRDA:73,6,0,2
BRDA:73,6,1,7
BRDA:78,7,0,7
BRDA:78,7,1,11
BRDA:78,7,2,11
BRDA:78,7,3,0
BRDA:101,8,0,3
BRDA:101,8,1,0
BRDA:117,9,0,11
BRDA:117,9,1,5
BRDA:118,10,0,16
BRDA:118,10,1,16
BRDA:139,11,0,5
BRDA:139,11,1,11
BRDA:157,12,0,1
BRDA:157,12,1,3
BRDA:159,13,0,1
BRDA:159,13,1,2
BRDA:161,14,0,1
BRDA:161,14,1,1
BRDA:179,15,0,1
BRDA:179,15,1,0
BRDA:204,16,0,1
BRDA:204,16,1,27
BRDA:206,17,0,1
BRDA:206,17,1,26
BRDA:225,18,0,2
BRDA:225,18,1,1
BRDA:227,19,0,1
BRDA:227,19,1,2
BRDA:239,20,0,1
BRDA:239,20,1,4
BRDA:241,21,0,1
BRDA:241,21,1,3
BRDA:260,22,0,1
BRDA:260,22,1,1
BRDA:262,23,0,1
BRDA:262,23,1,1
BRF:50
BRH:47
end_of_record
TN:
SF:data/project.js
FN:12,(anonymous_0)
FN:56,(anonymous_1)
FN:80,(anonymous_2)
FN:97,(anonymous_3)
FN:123,(anonymous_4)
FN:153,(anonymous_5)
FN:163,(anonymous_6)
FN:180,(anonymous_7)
FN:217,(anonymous_8)
FN:247,(anonymous_9)
FNF:10
FNH:10
FNDA:21,(anonymous_0)
FNDA:6,(anonymous_1)
FNDA:8,(anonymous_2)
FNDA:5,(anonymous_3)
FNDA:5,(anonymous_4)
FNDA:5,(anonymous_5)
FNDA:2,(anonymous_6)
FNDA:2,(anonymous_7)
FNDA:19,(anonymous_8)
FNDA:9,(anonymous_9)
DA:1,13
DA:2,13
DA:5,13
DA:12,13
DA:13,21
DA:14,1
DA:15,20
DA:16,19
DA:17,19
DA:18,19
DA:40,17
DA:42,2
DA:43,2
DA:44,1
DA:45,2
DA:46,1
DA:47,2
DA:56,13
DA:57,6
DA:58,1
DA:59,5
DA:60,4
DA:61,4
DA:65,3
DA:66,2
DA:68,1
DA:69,1
DA:70,1
DA:71,1
DA:80,13
DA:81,8
DA:82,1
DA:83,7
DA:84,6
DA:85,6
DA:93,4
DA:94,2
DA:97,2
DA:98,5
DA:100,2
DA:101,2
DA:103,3
DA:104,3
DA:105,0
DA:108,2
DA:110,2
DA:111,2
DA:112,2
DA:113,2
DA:123,13
DA:124,5
DA:125,1
DA:126,4
DA:127,1
DA:128,3
DA:129,3
DA:134,1
DA:138,2
DA:139,2
DA:140,1
DA:141,2
DA:142,1
DA:143,2
DA:153,13
DA:154,5
DA:155,1
DA:156,4
DA:157,1
DA:159,3
DA:160,3
DA:162,1
DA:164,2
DA:179,1
DA:181,2
DA:188,1
DA:192,1
DA:194,1
DA:195,1
DA:200,0
DA:201,0
DA:206,1
DA:208,0
DA:217,13
DA:218,19
DA:219,1
DA:220,18
DA:221,17
DA:222,17
DA:231,14
DA:233,3
DA:234,3
DA:235,2
DA:236,3
DA:237,1
DA:238,3
DA:247,13
DA:248,9
DA:249,1
DA:250,8
DA:251,7
DA:252,7
DA:261,4
DA:263,3
DA:264,3
DA:265,2
DA:266,3
DA:267,1
DA:268,3
DA:272,13
LF:109
LH:105
BRDA:13,0,0,1
BRDA:13,0,1,20
BRDA:15,1,0,1
BRDA:15,1,1,19
BRDA:43,2,0,1
BRDA:43,2,1,1
BRDA:45,3,0,1
BRDA:45,3,1,1
BRDA:57,4,0,1
BRDA:57,4,1,5
BRDA:59,5,0,1
BRDA:59,5,1,4
BRDA:65,6,0,1
BRDA:65,6,1,2
BRDA:69,7,0,1
BRDA:69,7,1,0
BRDA:81,8,0,1
BRDA:81,8,1,7
BRDA:83,9,0,1
BRDA:83,9,1,6
BRDA:93,10,0,2
BRDA:93,10,1,2
BRDA:98,11,0,2
BRDA:98,11,1,3
BRDA:98,11,2,0
BRDA:111,12,0,2
BRDA:111,12,1,0
BRDA:124,13,0,1
BRDA:124,13,1,4
BRDA:126,14,0,1
BRDA:126,14,1,3
BRDA:139,15,0,1
BRDA:139,15,1,1
BRDA:141,16,0,1
BRDA:141,16,1,1
BRDA:154,17,0,1
BRDA:154,17,1,4
BRDA:156,18,0,1
BRDA:156,18,1,3
BRDA:160,19,0,2
BRDA:160,19,1,1
BRDA:194,20,0,1
BRDA:194,20,1,0
BRDA:218,21,0,1
BRDA:218,21,1,18
BRDA:220,22,0,1
BRDA:220,22,1,17
BRDA:234,23,0,2
BRDA:234,23,1,1
BRDA:236,24,0,1
BRDA:236,24,1,2
BRDA:248,25,0,1
BRDA:248,25,1,8
BRDA:250,26,0,1
BRDA:250,26,1,7
BRDA:264,27,0,2
BRDA:264,27,1,1
BRDA:266,28,0,1
BRDA:266,28,1,2
BRF:59
BRH:55
end_of_record
TN:
SF:data/projectFollow.js
FN:16,(anonymous_0)
FN:56,(anonymous_1)
FNF:2
FNH:2
FNDA:17,(anonymous_0)
FNDA:7,(anonymous_1)
DA:1,13
DA:2,13
DA:3,13
DA:6,13
DA:9,13
DA:16,13
DA:17,17
DA:18,1
DA:19,16
DA:20,15
DA:21,14
DA:23,14
DA:26,14
DA:28,13
DA:29,13
DA:31,12
DA:40,12
DA:45,11
DA:47,1
DA:49,1
DA:50,1
DA:52,1
DA:56,13
DA:57,7
DA:58,1
DA:59,6
DA:60,5
DA:61,4
DA:63,4
DA:66,4
DA:68,3
DA:71,3
DA:73,2
DA:82,2
DA:87,1
DA:89,1
DA:91,1
DA:92,1
DA:93,1
DA:97,13
LF:40
LH:40
BRDA:17,0,0,1
BRDA:17,0,1,16
BRDA:19,1,0,1
BRDA:19,1,1,15
BRDA:20,2,0,1
BRDA:20,2,1,14
BRDA:26,3,0,1
BRDA:26,3,1,13
BRDA:29,4,0,1
BRDA:29,4,1,12
BRDA:49,5,0,1
BRDA:49,5,1,0
BRDA:57,6,0,1
BRDA:57,6,1,6
BRDA:59,7,0,1
BRDA:59,7,1,5
BRDA:60,8,0,1
BRDA:60,8,1,4
BRDA:66,9,0,1
BRDA:66,9,1,3
BRDA:71,10,0,1
BRDA:71,10,1,2
BRDA:91,11,0,1
BRDA:91,11,1,0
BRF:24
BRH:22
end_of_record
TN:
SF:data/session.js
FN:12,(anonymous_0)
FN:59,(anonymous_1)
FNF:2
FNH:2
FNDA:10,(anonymous_0)
FNDA:5,(anonymous_1)
DA:1,13
DA:2,13
DA:3,13
DA:4,13
DA:12,13
DA:13,10
DA:14,1
DA:15,9
DA:16,8
DA:17,7
DA:33,7
DA:34,7
DA:35,4
DA:37,3
DA:38,3
DA:39,2
DA:40,1
DA:42,1
DA:45,1
DA:48,3
DA:49,1
DA:50,3
DA:59,13
DA:60,5
DA:61,1
DA:62,4
DA:63,3
DA:64,3
DA:67,2
DA:68,1
DA:70,1
DA:71,1
DA:72,1
DA:73,1
DA:77,13
LF:35
LH:35
BRDA:13,0,0,1
BRDA:13,0,1,9
BRDA:15,1,0,1
BRDA:15,1,1,8
BRDA:16,2,0,1
BRDA:16,2,1,7
BRDA:38,3,0,2
BRDA:38,3,1,1
BRDA:39,4,0,1
BRDA:39,4,1,1
BRDA:42,5,0,1
BRDA:42,5,1,0
BRDA:48,6,0,1
BRDA:48,6,1,2
BRDA:60,7,0,1
BRDA:60,7,1,4
BRDA:62,8,0,1
BRDA:62,8,1,3
BRDA:67,9,0,1
BRDA:67,9,1,1
BRDA:71,10,0,1
BRDA:71,10,1,0
BRF:22
BRH:20
end_of_record
TN:
SF:data/tos.js
FN:10,(anonymous_0)
FNF:1
FNH:1
FNDA:9,(anonymous_0)
DA:1,13
DA:2,13
DA:10,13
DA:11,9
DA:12,1
DA:13,8
DA:14,7
DA:15,1
DA:16,6
DA:17,6
DA:22,4
DA:24,2
DA:25,2
DA:26,1
DA:27,2
DA:28,1
DA:29,2
DA:33,13
LF:18
LH:18
BRDA:11,0,0,1
BRDA:11,0,1,8
BRDA:13,1,0,1
BRDA:13,1,1,7
BRDA:14,2,0,1
BRDA:14,2,1,6
BRDA:25,3,0,1
BRDA:25,3,1,1
BRDA:27,4,0,1
BRDA:27,4,1,1
BRF:10
BRH:10
end_of_record
TN:
SF:data/user.js
FN:17,(anonymous_0)
FN:41,(anonymous_1)
FN:65,(anonymous_2)
FN:83,(anonymous_3)
FN:117,(anonymous_4)
FN:135,(anonymous_5)
FN:146,(anonymous_6)
FN:157,(anonymous_7)
FN:195,(anonymous_8)
FN:227,(anonymous_9)
FN:259,(anonymous_10)
FN:291,(anonymous_11)
FN:323,(anonymous_12)
FN:355,(anonymous_13)
FNF:14
FNH:14
FNDA:46,(anonymous_0)
FNDA:6,(anonymous_1)
FNDA:11,(anonymous_2)
FNDA:19,(anonymous_3)
FNDA:6,(anonymous_4)
FNDA:1,(anonymous_5)
FNDA:1,(anonymous_6)
FNDA:1,(anonymous_7)
FNDA:18,(anonymous_8)
FNDA:8,(anonymous_9)
FNDA:30,(anonymous_10)
FNDA:5,(anonymous_11)
FNDA:27,(anonymous_12)
FNDA:5,(anonymous_13)
DA:1,14
DA:2,14
DA:3,14
DA:10,14
DA:17,14
DA:18,46
DA:19,1
DA:20,45
DA:21,1
DA:22,44
DA:23,44
DA:24,43
DA:25,43
DA:30,43
DA:32,0
DA:41,14
DA:42,6
DA:43,1
DA:44,5
DA:45,4
DA:46,4
DA:50,3
DA:51,2
DA:53,1
DA:54,1
DA:55,1
DA:56,1
DA:65,14
DA:66,11
DA:67,1
DA:68,10
DA:69,9
DA:70,9
DA:77,7
DA:79,5
DA:80,5
DA:81,5
DA:82,5
DA:83,5
DA:84,19
DA:86,5
DA:88,3
DA:90,3
DA:91,3
DA:94,3
DA:96,4
DA:98,4
DA:99,0
DA:102,5
DA:104,2
DA:105,2
DA:106,2
DA:107,2
DA:117,14
DA:118,6
DA:119,1
DA:120,5
DA:121,4
DA:122,3
DA:123,3
DA:124,1
DA:126,1
DA:135,1
DA:136,1
DA:146,1
DA:147,1
DA:157,1
DA:158,1
DA:167,1
DA:169,1
DA:170,1
DA:175,0
DA:176,0
DA:181,1
DA:182,1
DA:184,0
DA:185,0
DA:195,14
DA:196,18
DA:197,1
DA:198,17
DA:199,1
DA:200,16
DA:201,16
DA:210,13
DA:212,3
DA:213,3
DA:214,2
DA:215,3
DA:216,1
DA:217,3
DA:227,14
DA:228,8
DA:229,1
DA:230,7
DA:231,1
DA:232,6
DA:233,6
DA:242,3
DA:244,3
DA:245,3
DA:246,2
DA:247,3
DA:248,1
DA:249,3
DA:259,14
DA:260,30
DA:261,1
DA:262,29
DA:263,1
DA:264,28
DA:265,28
DA:274,24
DA:276,4
DA:277,4
DA:278,2
DA:279,4
DA:280,2
DA:281,4
DA:291,14
DA:292,5
DA:293,1
DA:294,4
DA:295,1
DA:296,3
DA:297,3
DA:306,1
DA:308,2
DA:309,2
DA:310,1
DA:311,2
DA:312,1
DA:313,2
DA:323,14
DA:324,27
DA:325,1
DA:326,26
DA:327,1
DA:328,25
DA:329,25
DA:338,23
DA:340,2
DA:341,2
DA:342,1
DA:343,2
DA:344,1
DA:345,2
DA:355,14
DA:356,5
DA:357,1
DA:358,4
DA:359,1
DA:360,3
DA:361,3
DA:370,1
DA:372,2
DA:373,2
DA:374,1
DA:375,2
DA:376,1
DA:377,2
DA:381,14
LF:162
LH:156
BRDA:18,0,0,1
BRDA:18,0,1,45
BRDA:20,1,0,1
BRDA:20,1,1,44
BRDA:23,2,0,1
BRDA:23,2,1,43
BRDA:42,3,0,1
BRDA:42,3,1,5
BRDA:44,4,0,1
BRDA:44,4,1,4
BRDA:50,5,0,1
BRDA:50,5,1,2
BRDA:54,6,0,1
BRDA:54,6,1,0
BRDA:66,7,0,1
BRDA:66,7,1,10
BRDA:68,8,0,1
BRDA:68,8,1,9
BRDA:77,9,0,2
BRDA:77,9,1,5
BRDA:84,10,0,5
BRDA:84,10,1,3
BRDA:84,10,2,3
BRDA:84,10,3,4
BRDA:84,10,4,4
BRDA:84,10,5,0
BRDA:105,11,0,2
BRDA:105,11,1,0
BRDA:118,12,0,1
BRDA:118,12,1,5
BRDA:120,13,0,1
BRDA:120,13,1,4
BRDA:121,14,0,1
BRDA:121,14,1,3
BRDA:123,15,0,2
BRDA:123,15,1,1
BRDA:169,16,0,1
BRDA:169,16,1,0
BRDA:196,17,0,1
BRDA:196,17,1,17
BRDA:198,18,0,1
BRDA:198,18,1,16
BRDA:213,19,0,2
BRDA:213,19,1,1
BRDA:215,20,0,1
BRDA:215,20,1,2
BRDA:228,21,0,1
BRDA:228,21,1,7
BRDA:230,22,0,1
BRDA:230,22,1,6
BRDA:245,23,0,2
BRDA:245,23,1,1
BRDA:247,24,0,1
BRDA:247,24,1,2
BRDA:260,25,0,1
BRDA:260,25,1,29
BRDA:262,26,0,1
BRDA:262,26,1,28
BRDA:277,27,0,2
BRDA:277,27,1,2
BRDA:279,28,0,2
BRDA:279,28,1,2
BRDA:292,29,0,1
BRDA:292,29,1,4
BRDA:294,30,0,1
BRDA:294,30,1,3
BRDA:309,31,0,1
BRDA:309,31,1,1
BRDA:311,32,0,1
BRDA:311,32,1,1
BRDA:324,33,0,1
BRDA:324,33,1,26
BRDA:326,34,0,1
BRDA:326,34,1,25
BRDA:341,35,0,1
BRDA:341,35,1,1
BRDA:343,36,0,1
BRDA:343,36,1,1
BRDA:356,37,0,1
BRDA:356,37,1,4
BRDA:358,38,0,1
BRDA:358,38,1,3
BRDA:373,39,0,1
BRDA:373,39,1,1
BRDA:375,40,0,1
BRDA:375,40,1,1
BRF:86
BRH:82
end_of_record
TN:
SF:data/utils.js
FN:8,(anonymous_0)
FN:21,(anonymous_1)
FN:25,(anonymous_2)
FN:30,(anonymous_3)
FN:61,(anonymous_4)
FN:64,(anonymous_5)
FN:72,(anonymous_6)
FN:82,(anonymous_7)
FN:115,(anonymous_8)
FN:118,(anonymous_9)
FN:122,(anonymous_10)
FN:138,(anonymous_11)
FN:141,(anonymous_12)
FN:151,(anonymous_13)
FN:152,(anonymous_14)
FNF:15
FNH:11
FNDA:0,(anonymous_0)
FNDA:5,(anonymous_1)
FNDA:2,(anonymous_2)
FNDA:5,(anonymous_3)
FNDA:3,(anonymous_4)
FNDA:5,(anonymous_5)
FNDA:5,(anonymous_6)
FNDA:3,(anonymous_7)
FNDA:0,(anonymous_8)
FNDA:0,(anonymous_9)
FNDA:0,(anonymous_10)
FNDA:32,(anonymous_11)
FNDA:5,(anonymous_12)
FNDA:32,(anonymous_13)
FNDA:32,(anonymous_14)
DA:1,13
DA:8,13
DA:9,0
DA:10,0
DA:21,13
DA:23,5
DA:24,2
DA:25,2
DA:29,5
DA:31,5
DA:32,2
DA:33,2
DA:34,0
DA:36,3
DA:37,3
DA:39,5
DA:43,5
DA:44,5
DA:45,2
DA:47,3
DA:49,0
DA:50,0
DA:52,5
DA:53,5
DA:61,13
DA:62,3
DA:64,5
DA:72,5
DA:81,3
DA:83,3
DA:107,3
DA:115,13
DA:116,0
DA:117,0
DA:119,0
DA:122,0
DA:123,0
DA:129,0
DA:138,13
DA:139,32
DA:141,32
DA:142,5
DA:143,5
DA:148,0
DA:151,32
DA:152,32
DA:153,32
DA:154,5
DA:155,5
DA:157,27
DA:162,13
LF:51
LH:39
BRDA:23,0,0,2
BRDA:23,0,1,3
BRDA:31,1,0,2
BRDA:31,1,1,3
BRDA:32,2,0,2
BRDA:32,2,1,0
BRDA:43,3,0,5
BRDA:43,3,1,0
BRDA:44,4,0,2
BRDA:44,4,1,3
BRDA:116,5,0,0
BRDA:116,5,1,0
BRDA:153,6,0,5
BRDA:153,6,1,27
BRF:14
BRH:10
end_of_record
TN:
SF:data/visit.js
FN:15,(anonymous_0)
FN:43,(anonymous_1)
FN:48,(anonymous_2)
FN:77,(anonymous_3)
FNF:4
FNH:4
FNDA:8,(anonymous_0)
FNDA:5,(anonymous_1)
FNDA:3,(anonymous_2)
FNDA:5,(anonymous_3)
DA:1,13
DA:2,13
DA:5,13
DA:6,13
DA:15,13
DA:16,8
DA:17,1
DA:18,7
DA:19,6
DA:20,6
DA:25,4
DA:27,2
DA:28,2
DA:29,1
DA:30,2
DA:31,1
DA:32,2
DA:43,13
DA:44,5
DA:45,1
DA:46,4
DA:47,3
DA:49,3
DA:55,3
DA:56,3
DA:57,1
DA:59,2
DA:60,2
DA:61,1
DA:63,2
DA:64,1
DA:65,2
DA:77,13
DA:78,5
DA:79,1
DA:80,4
DA:81,3
DA:82,3
DA:85,2
DA:86,1
DA:88,1
DA:89,1
DA:90,1
DA:91,1
DA:95,13
LF:45
LH:45
BRDA:16,0,0,1
BRDA:16,0,1,7
BRDA:18,1,0,1
BRDA:18,1,1,6
BRDA:28,2,0,1
BRDA:28,2,1,1
BRDA:30,3,0,1
BRDA:30,3,1,1
BRDA:44,4,0,1
BRDA:44,4,1,4
BRDA:46,5,0,1
BRDA:46,5,1,3
BRDA:60,6,0,1
BRDA:60,6,1,1
BRDA:63,7,0,1
BRDA:63,7,1,1
BRDA:78,8,0,1
BRDA:78,8,1,4
BRDA:80,9,0,1
BRDA:80,9,1,3
BRDA:85,10,0,1
BRDA:85,10,1,1
BRDA:89,11,0,1
BRDA:89,11,1,0
BRF:24
BRH:23
end_of_record
TN:
SF:data/visitor.js
FN:12,(anonymous_0)
FN:39,(anonymous_1)
FN:65,(anonymous_2)
FN:82,(anonymous_3)
FN:110,(anonymous_4)
FN:140,(anonymous_5)
FNF:6
FNH:6
FNDA:13,(anonymous_0)
FNDA:5,(anonymous_1)
FNDA:5,(anonymous_2)
FNDA:3,(anonymous_3)
FNDA:5,(anonymous_4)
FNDA:5,(anonymous_5)
DA:1,13
DA:2,13
DA:5,13
DA:12,13
DA:13,13
DA:14,1
DA:15,12
DA:16,1
DA:17,11
DA:18,11
DA:23,9
DA:25,2
DA:26,2
DA:27,1
DA:28,2
DA:29,1
DA:30,2
DA:39,13
DA:40,5
DA:41,1
DA:42,4
DA:43,3
DA:44,3
DA:48,2
DA:49,1
DA:51,1
DA:52,1
DA:53,1
DA:54,1
DA:65,13
DA:66,5
DA:67,1
DA:68,4
DA:69,3
DA:70,3
DA:77,2
DA:79,1
DA:82,1
DA:83,3
DA:85,1
DA:86,1
DA:88,1
DA:89,1
DA:91,1
DA:92,1
DA:93,0
DA:96,1
DA:98,1
DA:99,1
DA:100,1
DA:101,1
DA:110,13
DA:111,5
DA:112,1
DA:113,4
DA:114,3
DA:115,3
DA:124,1
DA:126,2
DA:127,2
DA:128,1
DA:129,2
DA:130,1
DA:131,2
DA:140,13
DA:141,5
DA:142,1
DA:143,4
DA:144,3
DA:145,3
DA:154,1
DA:156,2
DA:157,2
DA:158,1
DA:159,2
DA:160,1
DA:161,2
DA:165,13
LF:78
LH:77
BRDA:13,0,0,1
BRDA:13,0,1,12
BRDA:15,1,0,1
BRDA:15,1,1,11
BRDA:26,2,0,1
BRDA:26,2,1,1
BRDA:28,3,0,1
BRDA:28,3,1,1
BRDA:40,4,0,1
BRDA:40,4,1,4
BRDA:42,5,0,1
BRDA:42,5,1,3
BRDA:48,6,0,1
BRDA:48,6,1,1
BRDA:52,7,0,1
BRDA:52,7,1,0
BRDA:66,8,0,1
BRDA:66,8,1,4
BRDA:68,9,0,1
BRDA:68,9,1,3
BRDA:77,10,0,1
BRDA:77,10,1,1
BRDA:83,11,0,1
BRDA:83,11,1,1
BRDA:83,11,2,1
BRDA:83,11,3,0
BRDA:99,12,0,1
BRDA:99,12,1,0
BRDA:111,13,0,1
BRDA:111,13,1,4
BRDA:113,14,0,1
BRDA:113,14,1,3
BRDA:127,15,0,1
BRDA:127,15,1,1
BRDA:129,16,0,1
BRDA:129,16,1,1
BRDA:141,17,0,1
BRDA:141,17,1,4
BRDA:143,18,0,1
BRDA:143,18,1,3
BRDA:157,19,0,1
BRDA:157,19,1,1
BRDA:159,20,0,1
BRDA:159,20,1,1
BRF:44
BRH:41
end_of_record
TN:
SF:data/vote.js
FN:14,(anonymous_0)
FN:96,(anonymous_1)
FNF:2
FNH:2
FNDA:10,(anonymous_0)
FNDA:5,(anonymous_1)
DA:1,13
DA:2,13
DA:3,13
DA:4,13
DA:14,13
DA:15,10
DA:16,1
DA:17,9
DA:18,8
DA:19,7
DA:20,6
DA:21,1
DA:25,5
DA:26,5
DA:27,4
DA:38,4
DA:48,4
DA:50,2
DA:62,2
DA:73,4
DA:80,4
DA:81,4
DA:84,4
DA:86,0
DA:96,13
DA:97,5
DA:98,1
DA:99,4
DA:100,3
DA:101,2
DA:121,2
DA:123,1
DA:133,1
DA:141,2
DA:142,2
DA:145,2
DA:147,0
DA:151,13
LF:38
LH:36
BRDA:15,0,0,1
BRDA:15,0,1,9
BRDA:17,1,0,1
BRDA:17,1,1,8
BRDA:18,2,0,1
BRDA:18,2,1,7
BRDA:19,3,0,1
BRDA:19,3,1,6
BRDA:20,4,0,1
BRDA:20,4,1,5
BRDA:26,5,0,1
BRDA:26,5,1,4
BRDA:48,6,0,2
BRDA:48,6,1,2
BRDA:97,7,0,1
BRDA:97,7,1,4
BRDA:99,8,0,1
BRDA:99,8,1,3
BRDA:100,9,0,1
BRDA:100,9,1,2
BRDA:121,10,0,1
BRDA:121,10,1,1
BRF:22
BRH:22
end_of_record
TN:
SF:entities/blog.js
FN:8,(anonymous_0)
FN:24,(anonymous_1)
FN:33,(anonymous_2)
FN:48,(anonymous_3)
FNF:4
FNH:4
FNDA:204,(anonymous_0)
FNDA:185,(anonymous_1)
FNDA:71,(anonymous_2)
FNDA:53,(anonymous_3)
DA:1,31
DA:11,204
DA:12,1
DA:13,203
DA:14,203
DA:15,1
DA:16,202
DA:17,202
DA:18,1
DA:19,201
DA:25,185
DA:34,71
DA:48,31
DA:49,53
DA:56,31
LF:15
LH:15
BRDA:9,0,0,142
BRDA:9,1,0,141
BRDA:9,2,0,142
BRDA:11,3,0,1
BRDA:11,3,1,203
BRDA:14,4,0,1
BRDA:14,4,1,202
BRDA:17,5,0,1
BRDA:17,5,1,201
BRF:9
BRH:9
end_of_record
TN:
SF:entities/browser.js
FN:8,(anonymous_0)
FN:35,(anonymous_1)
FN:42,(anonymous_2)
FN:54,(anonymous_3)
FN:78,(anonymous_4)
FNF:5
FNH:5
FNDA:18,(anonymous_0)
FNDA:1,(anonymous_1)
FNDA:14,(anonymous_2)
FNDA:10,(anonymous_3)
FNDA:4,(anonymous_4)
DA:1,31
DA:12,18
DA:13,1
DA:14,17
DA:15,17
DA:16,1
DA:17,16
DA:18,16
DA:19,16
DA:20,16
DA:22,16
DA:23,16
DA:24,16
DA:25,16
DA:26,16
DA:27,16
DA:28,16
DA:36,1
DA:43,14
DA:55,10
DA:78,31
DA:79,4
DA:95,31
LF:23
LH:23
BRDA:12,0,0,1
BRDA:12,0,1,17
BRDA:15,1,0,1
BRDA:15,1,1,16
BRDA:20,2,0,5
BRDA:20,2,1,11
BRDA:28,3,0,5
BRDA:28,3,1,11
BRDA:85,4,0,3
BRDA:85,4,1,1
BRDA:86,5,0,3
BRDA:86,5,1,1
BRDA:87,6,0,3
BRDA:87,6,1,1
BRDA:88,7,0,3
BRDA:88,7,1,1
BRDA:89,8,0,3
BRDA:89,8,1,1
BRDA:90,9,0,3
BRDA:90,9,1,1
BRF:20
BRH:20
end_of_record
TN:
SF:entities/comment.js
FN:10,(anonymous_0)
FN:47,(anonymous_1)
FN:61,(anonymous_2)
FN:70,(anonymous_3)
FN:84,(anonymous_4)
FN:89,(anonymous_5)
FN:102,(anonymous_6)
FN:111,(anonymous_7)
FN:132,(anonymous_8)
FN:136,(anonymous_9)
FNF:10
FNH:10
FNDA:87,(anonymous_0)
FNDA:15,(anonymous_1)
FNDA:1,(anonymous_2)
FNDA:57,(anonymous_3)
FNDA:1,(anonymous_4)
FNDA:27,(anonymous_5)
FNDA:7,(anonymous_6)
FNDA:24,(anonymous_7)
FNDA:17,(anonymous_8)
FNDA:22,(anonymous_9)
DA:3,31
DA:21,87
DA:22,1
DA:23,86
DA:24,0
DA:25,86
DA:26,86
DA:27,1
DA:28,85
DA:29,85
DA:30,1
DA:31,84
DA:32,84
DA:33,1
DA:34,83
DA:35,83
DA:36,1
DA:37,82
DA:38,82
DA:39,82
DA:40,1
DA:41,81
DA:42,81
DA:45,81
DA:46,1
DA:47,80
DA:48,15
DA:49,7
DA:50,1
DA:54,78
DA:55,78
DA:62,1
DA:71,57
DA:84,1
DA:90,27
DA:91,20
DA:98,7
DA:102,7
DA:112,24
DA:132,31
DA:133,17
DA:136,22
DA:138,17
DA:151,31
LF:44
LH:43
BRDA:16,0,0,19
BRDA:17,1,0,20
BRDA:18,2,0,48
BRDA:19,3,0,59
BRDA:21,4,0,1
BRDA:21,4,1,86
BRDA:23,5,0,0
BRDA:23,5,1,86
BRDA:26,6,0,1
BRDA:26,6,1,85
BRDA:29,7,0,1
BRDA:29,7,1,84
BRDA:32,8,0,1
BRDA:32,8,1,83
BRDA:35,9,0,1
BRDA:35,9,1,82
BRDA:39,10,0,1
BRDA:39,10,1,81
BRDA:43,11,0,17
BRDA:43,11,1,64
BRDA:45,12,0,1
BRDA:45,12,1,80
BRDA:48,13,0,8
BRDA:48,13,1,7
BRDA:49,14,0,6
BRDA:49,14,1,1
BRDA:90,15,0,20
BRDA:90,15,1,7
BRF:28
BRH:27
end_of_record
TN:
SF:entities/day.js
FN:10,(anonymous_0)
FN:56,(anonymous_1)
FN:63,(anonymous_2)
FN:75,(anonymous_3)
FN:82,(anonymous_4)
FN:94,(anonymous_5)
FN:110,(anonymous_6)
FNF:7
FNH:7
FNDA:24,(anonymous_0)
FNDA:1,(anonymous_1)
FNDA:3,(anonymous_2)
FNDA:1,(anonymous_3)
FNDA:3,(anonymous_4)
FNDA:2,(anonymous_5)
FNDA:1,(anonymous_6)
DA:3,31
DA:14,24
DA:15,1
DA:16,23
DA:17,23
DA:18,1
DA:19,22
DA:20,22
DA:21,1
DA:22,21
DA:23,21
DA:24,1
DA:25,20
DA:26,20
DA:27,20
DA:28,20
DA:29,1
DA:30,19
DA:31,1
DA:32,18
DA:33,1
DA:34,17
DA:35,17
DA:36,1
DA:37,16
DA:38,1
DA:39,15
DA:40,1
DA:41,14
DA:42,14
DA:43,1
DA:44,13
DA:45,1
DA:46,12
DA:47,1
DA:48,11
DA:49,11
DA:50,11
DA:57,1
DA:64,3
DA:76,1
DA:83,3
DA:95,2
DA:110,31
DA:111,1
DA:123,31
LF:46
LH:46
BRDA:14,0,0,1
BRDA:14,0,1,23
BRDA:17,1,0,1
BRDA:17,1,1,22
BRDA:20,2,0,1
BRDA:20,2,1,21
BRDA:23,3,0,1
BRDA:23,3,1,20
BRDA:28,4,0,1
BRDA:28,4,1,19
BRDA:30,5,0,1
BRDA:30,5,1,18
BRDA:32,6,0,1
BRDA:32,6,1,17
BRDA:35,7,0,1
BRDA:35,7,1,16
BRDA:37,8,0,1
BRDA:37,8,1,15
BRDA:39,9,0,1
BRDA:39,9,1,14
BRDA:42,10,0,1
BRDA:42,10,1,13
BRDA:44,11,0,1
BRDA:44,11,1,12
BRDA:46,12,0,1
BRDA:46,12,1,11
BRF:26
BRH:26
end_of_record
TN:
SF:entities/index.js
FNF:0
FNH:0
DA:1,31
DA:2,31
DA:3,31
DA:4,31
DA:5,31
DA:6,31
DA:7,31
DA:8,31
DA:9,31
DA:10,31
DA:11,31
DA:12,31
DA:13,31
DA:14,31
DA:15,31
DA:16,31
DA:17,31
DA:18,31
DA:20,31
LF:19
LH:19
BRF:0
BRH:0
end_of_record
TN:
SF:entities/location.js
FN:10,(anonymous_0)
FN:58,(anonymous_1)
FN:65,(anonymous_2)
FN:75,(anonymous_3)
FN:98,(anonymous_4)
FNF:5
FNH:5
FNDA:23,(anonymous_0)
FNDA:1,(anonymous_1)
FNDA:13,(anonymous_2)
FNDA:9,(anonymous_3)
FNDA:3,(anonymous_4)
DA:3,31
DA:14,23
DA:15,1
DA:16,22
DA:17,22
DA:18,1
DA:19,21
DA:20,1
DA:21,20
DA:22,20
DA:23,1
DA:24,19
DA:25,19
DA:26,1
DA:27,18
DA:28,18
DA:29,1
DA:30,17
DA:31,17
DA:32,1
DA:33,16
DA:34,1
DA:35,15
DA:36,15
DA:37,1
DA:38,14
DA:39,1
DA:40,13
DA:41,13
DA:42,13
DA:43,1
DA:44,12
DA:45,12
DA:46,12
DA:47,12
DA:48,12
DA:49,12
DA:50,12
DA:51,12
DA:59,1
DA:66,13
DA:76,9
DA:98,31
DA:99,3
DA:119,31
LF:45
LH:45
BRDA:14,0,0,1
BRDA:14,0,1,22
BRDA:17,1,0,1
BRDA:17,1,1,21
BRDA:19,2,0,1
BRDA:19,2,1,20
BRDA:22,3,0,1
BRDA:22,3,1,19
BRDA:25,4,0,1
BRDA:25,4,1,18
BRDA:28,5,0,1
BRDA:28,5,1,17
BRDA:31,6,0,1
BRDA:31,6,1,16
BRDA:33,7,0,1
BRDA:33,7,1,15
BRDA:36,8,0,1
BRDA:36,8,1,14
BRDA:38,9,0,1
BRDA:38,9,1,13
BRDA:42,10,0,1
BRDA:42,10,1,12
BRDA:51,11,0,4
BRDA:51,11,1,8
BRDA:107,12,0,2
BRDA:107,12,1,1
BRDA:109,13,0,2
BRDA:109,13,1,1
BRF:28
BRH:28
end_of_record
TN:
SF:entities/month.js
FN:10,(anonymous_0)
FN:55,(anonymous_1)
FN:62,(anonymous_2)
FN:73,(anonymous_3)
FN:80,(anonymous_4)
FN:91,(anonymous_5)
FN:107,(anonymous_6)
FNF:7
FNH:7
FNDA:24,(anonymous_0)
FNDA:1,(anonymous_1)
FNDA:3,(anonymous_2)
FNDA:1,(anonymous_3)
FNDA:3,(anonymous_4)
FNDA:2,(anonymous_5)
FNDA:1,(anonymous_6)
DA:3,31
DA:14,24
DA:15,1
DA:16,23
DA:17,23
DA:18,1
DA:19,22
DA:20,22
DA:21,1
DA:22,21
DA:23,21
DA:24,1
DA:25,20
DA:26,20
DA:27,20
DA:28,1
DA:29,19
DA:30,1
DA:31,18
DA:32,1
DA:33,17
DA:34,17
DA:35,1
DA:36,16
DA:37,1
DA:38,15
DA:39,1
DA:40,14
DA:41,14
DA:42,1
DA:43,13
DA:44,1
DA:45,12
DA:46,1
DA:47,11
DA:48,11
DA:49,11
DA:56,1
DA:63,3
DA:74,1
DA:81,3
DA:92,2
DA:107,31
DA:108,1
DA:120,31
LF:45
LH:45
BRDA:14,0,0,1
BRDA:14,0,1,23
BRDA:17,1,0,1
BRDA:17,1,1,22
BRDA:20,2,0,1
BRDA:20,2,1,21
BRDA:23,3,0,1
BRDA:23,3,1,20
BRDA:27,4,0,1
BRDA:27,4,1,19
BRDA:29,5,0,1
BRDA:29,5,1,18
BRDA:31,6,0,1
BRDA:31,6,1,17
BRDA:34,7,0,1
BRDA:34,7,1,16
BRDA:36,8,0,1
BRDA:36,8,1,15
BRDA:38,9,0,1
BRDA:38,9,1,14
BRDA:41,10,0,1
BRDA:41,10,1,13
BRDA:43,11,0,1
BRDA:43,11,1,12
BRDA:45,12,0,1
BRDA:45,12,1,11
BRF:26
BRH:26
end_of_record
TN:
SF:entities/page.js
FN:8,(anonymous_0)
FN:45,(anonymous_1)
FN:52,(anonymous_2)
FN:62,(anonymous_3)
FN:69,(anonymous_4)
FN:79,(anonymous_5)
FN:95,(anonymous_6)
FNF:7
FNH:7
FNDA:22,(anonymous_0)
FNDA:1,(anonymous_1)
FNDA:3,(anonymous_2)
FNDA:1,(anonymous_3)
FNDA:3,(anonymous_4)
FNDA:2,(anonymous_5)
FNDA:1,(anonymous_6)
DA:1,31
DA:11,22
DA:12,1
DA:13,21
DA:14,21
DA:15,1
DA:16,20
DA:17,20
DA:18,1
DA:19,19
DA:20,1
DA:21,18
DA:22,1
DA:23,17
DA:24,17
DA:25,1
DA:26,16
DA:27,1
DA:28,15
DA:29,1
DA:30,14
DA:31,14
DA:32,1
DA:33,13
DA:34,1
DA:35,12
DA:36,1
DA:37,11
DA:38,11
DA:39,11
DA:46,1
DA:53,3
DA:63,1
DA:70,3
DA:80,2
DA:95,31
DA:96,1
DA:107,31
LF:38
LH:38
BRDA:11,0,0,1
BRDA:11,0,1,21
BRDA:14,1,0,1
BRDA:14,1,1,20
BRDA:17,2,0,1
BRDA:17,2,1,19
BRDA:19,3,0,1
BRDA:19,3,1,18
BRDA:21,4,0,1
BRDA:21,4,1,17
BRDA:24,5,0,1
BRDA:24,5,1,16
BRDA:26,6,0,1
BRDA:26,6,1,15
BRDA:28,7,0,1
BRDA:28,7,1,14
BRDA:31,8,0,1
BRDA:31,8,1,13
BRDA:33,9,0,1
BRDA:33,9,1,12
BRDA:35,10,0,1
BRDA:35,10,1,11
BRF:22
BRH:22
end_of_record
TN:
SF:entities/post.js
FN:8,(anonymous_0)
FN:21,(anonymous_1)
FN:26,(anonymous_2)
FN:36,(anonymous_3)
FN:41,(anonymous_4)
FN:51,(anonymous_5)
FN:68,(anonymous_6)
FNF:7
FNH:7
FNDA:54,(anonymous_0)
FNDA:1,(anonymous_1)
FNDA:58,(anonymous_2)
FNDA:13,(anonymous_3)
FNDA:26,(anonymous_4)
FNDA:25,(anonymous_5)
FNDA:8,(anonymous_6)
DA:1,31
DA:9,54
DA:10,53
DA:11,53
DA:12,52
DA:13,52
DA:14,1
DA:15,51
DA:21,1
DA:27,58
DA:36,13
DA:42,26
DA:52,25
DA:68,31
DA:69,8
DA:76,31
LF:16
LH:16
BRDA:8,0,0,20
BRDA:9,1,0,1
BRDA:9,1,1,53
BRDA:11,2,0,1
BRDA:11,2,1,52
BRDA:13,3,0,1
BRDA:13,3,1,51
BRF:7
BRH:7
end_of_record
TN:
SF:entities/project.js
FN:8,(anonymous_0)
FN:21,(anonymous_1)
FN:26,(anonymous_2)
FN:36,(anonymous_3)
FN:41,(anonymous_4)
FN:51,(anonymous_5)
FN:68,(anonymous_6)
FNF:7
FNH:7
FNDA:44,(anonymous_0)
FNDA:1,(anonymous_1)
FNDA:54,(anonymous_2)
FNDA:7,(anonymous_3)
FNDA:25,(anonymous_4)
FNDA:24,(anonymous_5)
FNDA:23,(anonymous_6)
DA:1,31
DA:9,44
DA:10,43
DA:11,43
DA:12,42
DA:13,42
DA:14,2
DA:15,40
DA:21,1
DA:27,54
DA:36,7
DA:42,25
DA:52,24
DA:68,31
DA:69,23
DA:76,31
LF:16
LH:16
BRDA:8,0,0,17
BRDA:9,1,0,1
BRDA:9,1,1,43
BRDA:11,2,0,1
BRDA:11,2,1,42
BRDA:13,3,0,2
BRDA:13,3,1,40
BRF:7
BRH:7
end_of_record
TN:
SF:entities/projectFollow.js
FN:9,(anonymous_0)
FN:38,(anonymous_1)
FN:47,(anonymous_2)
FN:59,(anonymous_3)
FN:66,(anonymous_4)
FN:78,(anonymous_5)
FN:96,(anonymous_6)
FNF:7
FNH:7
FNDA:38,(anonymous_0)
FNDA:1,(anonymous_1)
FNDA:20,(anonymous_2)
FNDA:1,(anonymous_3)
FNDA:15,(anonymous_4)
FNDA:14,(anonymous_5)
FNDA:7,(anonymous_6)
DA:3,31
DA:12,38
DA:13,0
DA:14,38
DA:15,0
DA:16,38
DA:17,38
DA:18,2
DA:19,36
DA:20,36
DA:21,1
DA:22,35
DA:23,35
DA:24,1
DA:25,34
DA:26,34
DA:27,1
DA:28,33
DA:29,33
DA:39,1
DA:48,20
DA:60,1
DA:67,15
DA:79,14
DA:96,31
DA:97,7
DA:107,31
LF:27
LH:25
BRDA:10,0,0,27
BRDA:12,1,0,0
BRDA:12,1,1,38
BRDA:14,2,0,0
BRDA:14,2,1,38
BRDA:17,3,0,2
BRDA:17,3,1,36
BRDA:20,4,0,1
BRDA:20,4,1,35
BRDA:23,5,0,1
BRDA:23,5,1,34
BRDA:26,6,0,1
BRDA:26,6,1,33
BRDA:30,7,0,7
BRDA:30,7,1,26
BRF:15
BRH:13
end_of_record
TN:
SF:entities/session.js
FN:8,(anonymous_0)
FN:25,(anonymous_1)
FN:32,(anonymous_2)
FN:44,(anonymous_3)
FN:53,(anonymous_4)
FN:65,(anonymous_5)
FN:81,(anonymous_6)
FNF:7
FNH:7
FNDA:21,(anonymous_0)
FNDA:1,(anonymous_1)
FNDA:15,(anonymous_2)
FNDA:1,(anonymous_3)
FNDA:12,(anonymous_4)
FNDA:11,(anonymous_5)
FNDA:4,(anonymous_6)
DA:1,31
DA:9,21
DA:10,1
DA:11,20
DA:13,20
DA:14,1
DA:15,19
DA:16,19
DA:18,19
DA:26,1
DA:33,15
DA:45,1
DA:54,12
DA:66,11
DA:81,31
DA:82,4
DA:90,31
LF:17
LH:17
BRDA:9,0,0,1
BRDA:9,0,1,20
BRDA:11,1,0,5
BRDA:11,1,1,15
BRDA:13,2,0,1
BRDA:13,2,1,19
BRDA:16,3,0,4
BRDA:16,3,1,15
BRDA:18,4,0,4
BRDA:18,4,1,15
BRDA:85,5,0,3
BRDA:85,5,1,1
BRDA:86,6,0,3
BRDA:86,6,1,1
BRF:14
BRH:14
end_of_record
TN:
SF:entities/tos.js
FN:10,(anonymous_0)
FN:27,(anonymous_1)
FN:36,(anonymous_2)
FN:50,(anonymous_3)
FN:64,(anonymous_4)
FNF:5
FNH:5
FNDA:19,(anonymous_0)
FNDA:1,(anonymous_1)
FNDA:9,(anonymous_2)
FNDA:8,(anonymous_3)
FNDA:4,(anonymous_4)
DA:3,31
DA:11,19
DA:12,1
DA:13,18
DA:14,0
DA:15,18
DA:16,18
DA:17,1
DA:18,17
DA:20,17
DA:28,1
DA:37,9
DA:51,8
DA:64,31
DA:65,4
DA:72,31
LF:16
LH:15
BRDA:10,0,0,10
BRDA:11,1,0,1
BRDA:11,1,1,18
BRDA:13,2,0,0
BRDA:13,2,1,18
BRDA:16,3,0,1
BRDA:16,3,1,17
BRDA:18,4,0,6
BRDA:18,4,1,11
BRDA:20,5,0,1
BRDA:20,5,1,16
BRF:11
BRH:10
end_of_record
TN:
SF:entities/user.js
FN:14,(anonymous_0)
FN:55,(anonymous_1)
FN:64,(anonymous_2)
FN:76,(anonymous_3)
FN:96,(anonymous_4)
FNF:5
FNH:5
FNDA:114,(anonymous_0)
FNDA:10,(anonymous_1)
FNDA:143,(anonymous_2)
FNDA:45,(anonymous_3)
FNDA:73,(anonymous_4)
DA:3,31
DA:19,114
DA:20,113
DA:21,113
DA:22,1
DA:23,112
DA:24,112
DA:25,7
DA:26,105
DA:27,1
DA:28,104
DA:29,104
DA:32,104
DA:33,0
DA:34,104
DA:35,0
DA:36,104
DA:37,104
DA:38,0
DA:39,104
DA:40,0
DA:41,104
DA:42,104
DA:43,0
DA:44,104
DA:45,0
DA:46,104
DA:47,104
DA:48,0
DA:49,104
DA:56,10
DA:65,143
DA:77,45
DA:96,31
DA:97,73
DA:109,31
LF:36
LH:29
BRDA:15,0,0,33
BRDA:16,1,0,38
BRDA:16,2,0,38
BRDA:16,3,0,38
BRDA:17,4,0,39
BRDA:19,5,0,1
BRDA:19,5,1,113
BRDA:21,6,0,1
BRDA:21,6,1,112
BRDA:24,7,0,7
BRDA:24,7,1,105
BRDA:26,8,0,1
BRDA:26,8,1,104
BRDA:30,9,0,74
BRDA:30,9,1,30
BRDA:32,10,0,0
BRDA:32,10,1,104
BRDA:34,11,0,0
BRDA:34,11,1,104
BRDA:37,12,0,0
BRDA:37,12,1,104
BRDA:39,13,0,0
BRDA:39,13,1,104
BRDA:42,14,0,0
BRDA:42,14,1,104
BRDA:44,15,0,0
BRDA:44,15,1,104
BRDA:47,16,0,0
BRDA:47,16,1,104
BRF:29
BRH:22
end_of_record
TN:
SF:entities/utils.js
FN:6,ZeroPadNumber
FN:23,(anonymous_1)
FN:38,(anonymous_2)
FN:48,(anonymous_3)
FN:61,(anonymous_4)
FN:75,(anonymous_5)
FN:87,(anonymous_6)
FN:89,(anonymous_7)
FNF:8
FNH:8
FNDA:55,ZeroPadNumber
FNDA:213,(anonymous_1)
FNDA:24,(anonymous_2)
FNDA:319,(anonymous_3)
FNDA:3204,(anonymous_4)
FNDA:118,(anonymous_5)
FNDA:14,(anonymous_6)
FNDA:55,(anonymous_7)
DA:7,55
DA:8,1
DA:9,54
DA:10,1
DA:11,53
DA:12,1
DA:13,52
DA:14,1
DA:15,51
DA:23,32
DA:24,213
DA:25,213
DA:26,211
DA:31,2
DA:38,32
DA:39,24
DA:40,1
DA:41,23
DA:48,32
DA:49,319
DA:50,1
DA:51,318
DA:61,32
DA:62,3204
DA:63,2501
DA:64,2473
DA:65,2395
DA:67,79
DA:68,2316
DA:69,11
DA:70,9
DA:72,2305
DA:73,30
DA:74,30
DA:75,118
DA:77,30
DA:79,2275
DA:87,32
DA:88,14
DA:89,14
DA:90,55
DA:91,44
DA:92,55
DA:93,8
DA:94,55
DA:95,3
DA:97,14
DA:100,32
LF:48
LH:48
BRDA:6,0,0,5
BRDA:7,1,0,1
BRDA:7,1,1,54
BRDA:9,2,0,1
BRDA:9,2,1,53
BRDA:11,3,0,1
BRDA:11,3,1,52
BRDA:13,4,0,1
BRDA:13,4,1,51
BRDA:25,5,0,211
BRDA:25,5,1,2
BRDA:39,6,0,1
BRDA:39,6,1,23
BRDA:49,7,0,1
BRDA:49,7,1,318
BRDA:62,8,0,703
BRDA:62,8,1,2501
BRDA:63,9,0,28
BRDA:63,9,1,2473
BRDA:64,10,0,78
BRDA:64,10,1,2395
BRDA:65,11,0,79
BRDA:65,11,1,2316
BRDA:66,12,0,2395
BRDA:66,12,1,2319
BRDA:66,12,2,2317
BRDA:68,13,0,11
BRDA:68,13,1,2305
BRDA:69,14,0,2
BRDA:69,14,1,9
BRDA:72,15,0,30
BRDA:72,15,1,2275
BRDA:90,16,0,44
BRDA:90,16,1,11
BRDA:92,17,0,8
BRDA:92,17,1,47
BRDA:94,18,0,3
BRDA:94,18,1,52
BRF:38
BRH:38
end_of_record
TN:
SF:entities/visit.js
FN:4,(anonymous_0)
FN:41,(anonymous_1)
FN:48,(anonymous_2)
FN:60,(anonymous_3)
FN:67,(anonymous_4)
FN:77,(anonymous_5)
FN:86,(anonymous_6)
FN:98,(anonymous_7)
FN:121,(anonymous_8)
FNF:9
FNH:9
FNDA:27,(anonymous_0)
FNDA:1,(anonymous_1)
FNDA:16,(anonymous_2)
FNDA:1,(anonymous_3)
FNDA:13,(anonymous_4)
FNDA:1,(anonymous_5)
FNDA:13,(anonymous_6)
FNDA:12,(anonymous_7)
FNDA:3,(anonymous_8)
DA:1,31
DA:9,27
DA:10,1
DA:11,26
DA:12,26
DA:13,1
DA:14,25
DA:15,25
DA:16,1
DA:17,24
DA:18,0
DA:19,24
DA:20,24
DA:21,1
DA:22,23
DA:23,23
DA:24,1
DA:25,22
DA:26,22
DA:27,1
DA:28,21
DA:30,21
DA:32,21
DA:33,21
DA:34,21
DA:35,21
DA:42,1
DA:49,16
DA:61,1
DA:68,13
DA:78,1
DA:87,13
DA:99,12
DA:121,31
DA:122,3
DA:139,31
LF:36
LH:35
BRDA:5,0,0,24
BRDA:6,1,0,24
BRDA:6,2,0,24
BRDA:6,3,0,24
BRDA:7,4,0,24
BRDA:9,5,0,1
BRDA:9,5,1,26
BRDA:11,6,0,4
BRDA:11,6,1,22
BRDA:12,7,0,1
BRDA:12,7,1,25
BRDA:15,8,0,1
BRDA:15,8,1,24
BRDA:17,9,0,0
BRDA:17,9,1,24
BRDA:20,10,0,1
BRDA:20,10,1,23
BRDA:23,11,0,1
BRDA:23,11,1,22
BRDA:26,12,0,1
BRDA:26,12,1,21
BRDA:28,13,0,4
BRDA:28,13,1,17
BRDA:30,14,0,18
BRDA:30,14,1,3
BRDA:129,15,0,1
BRDA:129,15,1,2
BRDA:130,16,0,1
BRDA:130,16,1,2
BRDA:132,17,0,1
BRDA:132,17,1,2
BRDA:134,18,0,1
BRDA:134,18,1,2
BRDA:135,19,0,1
BRDA:135,19,1,2
BRF:35
BRH:34
end_of_record
TN:
SF:entities/visitor.js
FN:9,(anonymous_0)
FN:25,(anonymous_1)
FN:34,(anonymous_2)
FN:44,(anonymous_3)
FN:58,(anonymous_4)
FNF:5
FNH:5
FNDA:18,(anonymous_0)
FNDA:4,(anonymous_1)
FNDA:30,(anonymous_2)
FNDA:13,(anonymous_3)
FNDA:5,(anonymous_4)
DA:12,18
DA:13,1
DA:14,17
DA:15,17
DA:16,1
DA:17,16
DA:18,1
DA:19,15
DA:26,4
DA:35,30
DA:45,13
DA:58,31
DA:59,5
DA:65,31
LF:14
LH:14
BRDA:10,0,0,8
BRDA:12,1,0,1
BRDA:12,1,1,17
BRDA:15,2,0,1
BRDA:15,2,1,16
BRDA:17,3,0,1
BRDA:17,3,1,15
BRF:7
BRH:7
end_of_record
TN:
SF:entities/vote.js
FN:3,(anonymous_0)
FN:41,(anonymous_1)
FN:53,(anonymous_2)
FN:62,(anonymous_3)
FN:72,(anonymous_4)
FN:77,(anonymous_5)
FN:82,(anonymous_6)
FN:91,(anonymous_7)
FN:111,(anonymous_8)
FN:120,(anonymous_9)
FN:124,(anonymous_10)
FNF:11
FNH:11
FNDA:70,(anonymous_0)
FNDA:71,(anonymous_1)
FNDA:1,(anonymous_2)
FNDA:37,(anonymous_3)
FNDA:1,(anonymous_4)
FNDA:29,(anonymous_5)
FNDA:35,(anonymous_6)
FNDA:28,(anonymous_7)
FNDA:16,(anonymous_8)
FNDA:16,(anonymous_9)
FNDA:22,(anonymous_10)
DA:1,31
DA:12,70
DA:13,1
DA:14,69
DA:15,2
DA:16,67
DA:17,67
DA:18,1
DA:19,66
DA:20,66
DA:21,1
DA:22,65
DA:23,65
DA:24,1
DA:25,64
DA:26,1
DA:27,63
DA:28,1
DA:29,62
DA:30,62
DA:31,1
DA:34,61
DA:35,61
DA:37,61
DA:38,1
DA:39,60
DA:40,1
DA:41,59
DA:42,71
DA:43,25
DA:44,1
DA:54,1
DA:63,37
DA:72,1
DA:78,29
DA:82,35
DA:92,28
DA:111,31
DA:112,16
DA:120,16
DA:124,22
DA:129,31
LF:42
LH:42
BRDA:9,0,0,41
BRDA:10,1,0,9
BRDA:12,2,0,1
BRDA:12,2,1,69
BRDA:14,3,0,2
BRDA:14,3,1,67
BRDA:17,4,0,1
BRDA:17,4,1,66
BRDA:20,5,0,1
BRDA:20,5,1,65
BRDA:23,6,0,1
BRDA:23,6,1,64
BRDA:25,7,0,1
BRDA:25,7,1,63
BRDA:27,8,0,1
BRDA:27,8,1,62
BRDA:30,9,0,1
BRDA:30,9,1,61
BRDA:35,10,0,17
BRDA:35,10,1,44
BRDA:37,11,0,1
BRDA:37,11,1,60
BRDA:39,12,0,1
BRDA:39,12,1,59
BRDA:42,13,0,46
BRDA:42,13,1,25
BRDA:43,14,0,24
BRDA:43,14,1,1
BRF:28
BRH:28
end_of_record
TN:
SF:entities/week.js
FN:10,(anonymous_0)
FN:55,(anonymous_1)
FN:62,(anonymous_2)
FN:73,(anonymous_3)
FN:80,(anonymous_4)
FN:91,(anonymous_5)
FN:107,(anonymous_6)
FNF:7
FNH:7
FNDA:24,(anonymous_0)
FNDA:1,(anonymous_1)
FNDA:3,(anonymous_2)
FNDA:1,(anonymous_3)
FNDA:3,(anonymous_4)
FNDA:2,(anonymous_5)
FNDA:1,(anonymous_6)
DA:3,31
DA:14,24
DA:15,1
DA:16,23
DA:17,23
DA:18,1
DA:19,22
DA:20,22
DA:21,1
DA:22,21
DA:23,21
DA:24,1
DA:25,20
DA:26,20
DA:27,20
DA:28,1
DA:29,19
DA:30,1
DA:31,18
DA:32,1
DA:33,17
DA:34,17
DA:35,1
DA:36,16
DA:37,1
DA:38,15
DA:39,1
DA:40,14
DA:41,14
DA:42,1
DA:43,13
DA:44,1
DA:45,12
DA:46,1
DA:47,11
DA:48,11
DA:49,11
DA:56,1
DA:63,3
DA:74,1
DA:81,3
DA:92,2
DA:107,31
DA:108,1
DA:120,31
LF:45
LH:45
BRDA:14,0,0,1
BRDA:14,0,1,23
BRDA:17,1,0,1
BRDA:17,1,1,22
BRDA:20,2,0,1
BRDA:20,2,1,21
BRDA:23,3,0,1
BRDA:23,3,1,20
BRDA:27,4,0,1
BRDA:27,4,1,19
BRDA:29,5,0,1
BRDA:29,5,1,18
BRDA:31,6,0,1
BRDA:31,6,1,17
BRDA:34,7,0,1
BRDA:34,7,1,16
BRDA:36,8,0,1
BRDA:36,8,1,15
BRDA:38,9,0,1
BRDA:38,9,1,14
BRDA:41,10,0,1
BRDA:41,10,1,13
BRDA:43,11,0,1
BRDA:43,11,1,12
BRDA:45,12,0,1
BRDA:45,12,1,11
BRF:26
BRH:26
end_of_record
TN:
SF:entities/year.js
FN:10,(anonymous_0)
FN:51,(anonymous_1)
FN:58,(anonymous_2)
FN:69,(anonymous_3)
FN:76,(anonymous_4)
FN:87,(anonymous_5)
FN:103,(anonymous_6)
FNF:7
FNH:7
FNDA:24,(anonymous_0)
FNDA:1,(anonymous_1)
FNDA:3,(anonymous_2)
FNDA:1,(anonymous_3)
FNDA:3,(anonymous_4)
FNDA:2,(anonymous_5)
FNDA:1,(anonymous_6)
DA:3,31
DA:14,24
DA:15,1
DA:16,23
DA:17,23
DA:18,1
DA:19,22
DA:20,22
DA:21,2
DA:22,20
DA:23,20
DA:24,1
DA:25,19
DA:26,1
DA:27,18
DA:28,1
DA:29,17
DA:30,17
DA:31,1
DA:32,16
DA:33,1
DA:34,15
DA:35,1
DA:36,14
DA:37,14
DA:38,1
DA:39,13
DA:40,1
DA:41,12
DA:42,1
DA:43,11
DA:44,11
DA:45,11
DA:52,1
DA:59,3
DA:70,1
DA:77,3
DA:88,2
DA:103,31
DA:104,1
DA:116,31
LF:41
LH:41
BRDA:14,0,0,1
BRDA:14,0,1,23
BRDA:17,1,0,1
BRDA:17,1,1,22
BRDA:20,2,0,2
BRDA:20,2,1,20
BRDA:23,3,0,1
BRDA:23,3,1,19
BRDA:25,4,0,1
BRDA:25,4,1,18
BRDA:27,5,0,1
BRDA:27,5,1,17
BRDA:30,6,0,1
BRDA:30,6,1,16
BRDA:32,7,0,1
BRDA:32,7,1,15
BRDA:34,8,0,1
BRDA:34,8,1,14
BRDA:37,9,0,1
BRDA:37,9,1,13
BRDA:39,10,0,1
BRDA:39,10,1,12
BRDA:41,11,0,1
BRDA:41,11,1,11
BRF:24
BRH:24
end_of_record
